[2024-05-25T06:54:36.477+0000] {local_task_job_runner.py:120} INFO - ::group::Pre task execution logs
[2024-05-25T06:54:36.487+0000] {taskinstance.py:2076} INFO - Dependencies all met for dep_context=non-requeueable deps ti=<TaskInstance: train_and_deploy_model.train_model manual__2024-05-25T06:54:35.587825+00:00 [queued]>
[2024-05-25T06:54:36.490+0000] {taskinstance.py:2076} INFO - Dependencies all met for dep_context=requeueable deps ti=<TaskInstance: train_and_deploy_model.train_model manual__2024-05-25T06:54:35.587825+00:00 [queued]>
[2024-05-25T06:54:36.490+0000] {taskinstance.py:2306} INFO - Starting attempt 1 of 2
[2024-05-25T06:54:36.495+0000] {taskinstance.py:2330} INFO - Executing <Task(PythonOperator): train_model> on 2024-05-25 06:54:35.587825+00:00
[2024-05-25T06:54:36.497+0000] {warnings.py:110} WARNING - /home/***/.local/lib/python3.12/site-packages/***/task/task_runner/standard_task_runner.py:61: DeprecationWarning: This process (pid=344) is multi-threaded, use of fork() may lead to deadlocks in the child.
  pid = os.fork()

[2024-05-25T06:54:36.498+0000] {standard_task_runner.py:63} INFO - Started process 345 to run task
[2024-05-25T06:54:36.498+0000] {standard_task_runner.py:90} INFO - Running: ['***', 'tasks', 'run', 'train_and_deploy_model', 'train_model', 'manual__2024-05-25T06:54:35.587825+00:00', '--job-id', '17', '--raw', '--subdir', 'DAGS_FOLDER/train_and_deploy_dag.py', '--cfg-path', '/tmp/tmpg7q9bv28']
[2024-05-25T06:54:36.499+0000] {standard_task_runner.py:91} INFO - Job 17: Subtask train_model
[2024-05-25T06:54:36.516+0000] {task_command.py:426} INFO - Running <TaskInstance: train_and_deploy_model.train_model manual__2024-05-25T06:54:35.587825+00:00 [running]> on host 130ac991300e
[2024-05-25T06:54:36.552+0000] {taskinstance.py:2648} INFO - Exporting env vars: AIRFLOW_CTX_DAG_OWNER='***' AIRFLOW_CTX_DAG_ID='train_and_deploy_model' AIRFLOW_CTX_TASK_ID='train_model' AIRFLOW_CTX_EXECUTION_DATE='2024-05-25T06:54:35.587825+00:00' AIRFLOW_CTX_TRY_NUMBER='1' AIRFLOW_CTX_DAG_RUN_ID='manual__2024-05-25T06:54:35.587825+00:00'
[2024-05-25T06:54:36.553+0000] {taskinstance.py:430} INFO - ::endgroup::
[2024-05-25T06:54:38.711+0000] {logging_mixin.py:188} INFO - RMSE: 0.8812
MAE:  0.6772
[2024-05-25T06:54:38.711+0000] {python.py:237} INFO - Done. Returned value was: None
[2024-05-25T06:54:38.712+0000] {taskinstance.py:441} INFO - ::group::Post task execution logs
[2024-05-25T06:54:38.717+0000] {taskinstance.py:1206} INFO - Marking task as SUCCESS. dag_id=train_and_deploy_model, task_id=train_model, run_id=manual__2024-05-25T06:54:35.587825+00:00, execution_date=20240525T065435, start_date=20240525T065436, end_date=20240525T065438
[2024-05-25T06:54:38.764+0000] {local_task_job_runner.py:240} INFO - Task exited with return code 0
[2024-05-25T06:54:38.774+0000] {taskinstance.py:3498} INFO - 1 downstream tasks scheduled from follow-on schedule check
[2024-05-25T06:54:38.776+0000] {local_task_job_runner.py:222} INFO - ::endgroup::
