[2024-05-25T06:32:59.954+0000] {local_task_job_runner.py:120} INFO - ::group::Pre task execution logs
[2024-05-25T06:32:59.964+0000] {taskinstance.py:2076} INFO - Dependencies all met for dep_context=non-requeueable deps ti=<TaskInstance: train_and_deploy_model.train_model manual__2024-05-25T06:32:59.244290+00:00 [queued]>
[2024-05-25T06:32:59.967+0000] {taskinstance.py:2076} INFO - Dependencies all met for dep_context=requeueable deps ti=<TaskInstance: train_and_deploy_model.train_model manual__2024-05-25T06:32:59.244290+00:00 [queued]>
[2024-05-25T06:32:59.968+0000] {taskinstance.py:2306} INFO - Starting attempt 1 of 2
[2024-05-25T06:32:59.972+0000] {taskinstance.py:2330} INFO - Executing <Task(PythonOperator): train_model> on 2024-05-25 06:32:59.244290+00:00
[2024-05-25T06:32:59.974+0000] {warnings.py:110} WARNING - /home/***/.local/lib/python3.12/site-packages/***/task/task_runner/standard_task_runner.py:61: DeprecationWarning: This process (pid=52) is multi-threaded, use of fork() may lead to deadlocks in the child.
  pid = os.fork()

[2024-05-25T06:32:59.975+0000] {standard_task_runner.py:63} INFO - Started process 53 to run task
[2024-05-25T06:32:59.975+0000] {standard_task_runner.py:90} INFO - Running: ['***', 'tasks', 'run', 'train_and_deploy_model', 'train_model', 'manual__2024-05-25T06:32:59.244290+00:00', '--job-id', '9', '--raw', '--subdir', 'DAGS_FOLDER/train_and_deploy_dag.py', '--cfg-path', '/tmp/tmpz7vz61zs']
[2024-05-25T06:32:59.976+0000] {standard_task_runner.py:91} INFO - Job 9: Subtask train_model
[2024-05-25T06:32:59.992+0000] {task_command.py:426} INFO - Running <TaskInstance: train_and_deploy_model.train_model manual__2024-05-25T06:32:59.244290+00:00 [running]> on host 130ac991300e
[2024-05-25T06:33:00.019+0000] {taskinstance.py:2648} INFO - Exporting env vars: AIRFLOW_CTX_DAG_OWNER='***' AIRFLOW_CTX_DAG_ID='train_and_deploy_model' AIRFLOW_CTX_TASK_ID='train_model' AIRFLOW_CTX_EXECUTION_DATE='2024-05-25T06:32:59.244290+00:00' AIRFLOW_CTX_TRY_NUMBER='1' AIRFLOW_CTX_DAG_RUN_ID='manual__2024-05-25T06:32:59.244290+00:00'
[2024-05-25T06:33:00.020+0000] {taskinstance.py:430} INFO - ::endgroup::
[2024-05-25T06:33:02.296+0000] {logging_mixin.py:188} INFO - RMSE: 0.8825
MAE:  0.6790
[2024-05-25T06:33:02.296+0000] {python.py:237} INFO - Done. Returned value was: None
[2024-05-25T06:33:02.297+0000] {taskinstance.py:441} INFO - ::group::Post task execution logs
[2024-05-25T06:33:02.301+0000] {taskinstance.py:1206} INFO - Marking task as SUCCESS. dag_id=train_and_deploy_model, task_id=train_model, run_id=manual__2024-05-25T06:32:59.244290+00:00, execution_date=20240525T063259, start_date=20240525T063259, end_date=20240525T063302
[2024-05-25T06:33:02.329+0000] {local_task_job_runner.py:240} INFO - Task exited with return code 0
[2024-05-25T06:33:02.337+0000] {taskinstance.py:3498} INFO - 1 downstream tasks scheduled from follow-on schedule check
[2024-05-25T06:33:02.338+0000] {local_task_job_runner.py:222} INFO - ::endgroup::
