[2024-05-24T12:02:08.079+0000] {local_task_job_runner.py:120} INFO - ::group::Pre task execution logs
[2024-05-24T12:02:08.088+0000] {taskinstance.py:2076} INFO - Dependencies all met for dep_context=non-requeueable deps ti=<TaskInstance: upload_from_github_to_s3.download_and_upload_to_s3 scheduled__2024-04-09T00:00:00+00:00 [queued]>
[2024-05-24T12:02:08.092+0000] {taskinstance.py:2076} INFO - Dependencies all met for dep_context=requeueable deps ti=<TaskInstance: upload_from_github_to_s3.download_and_upload_to_s3 scheduled__2024-04-09T00:00:00+00:00 [queued]>
[2024-05-24T12:02:08.093+0000] {taskinstance.py:2306} INFO - Starting attempt 1 of 2
[2024-05-24T12:02:08.102+0000] {taskinstance.py:2330} INFO - Executing <Task(PythonOperator): download_and_upload_to_s3> on 2024-04-09 00:00:00+00:00
[2024-05-24T12:02:08.105+0000] {warnings.py:110} WARNING - /home/***/.local/lib/python3.12/site-packages/***/task/task_runner/standard_task_runner.py:61: DeprecationWarning: This process (pid=1063) is multi-threaded, use of fork() may lead to deadlocks in the child.
  pid = os.fork()

[2024-05-24T12:02:08.106+0000] {standard_task_runner.py:90} INFO - Running: ['***', 'tasks', 'run', 'upload_from_github_to_s3', 'download_and_upload_to_s3', 'scheduled__2024-04-09T00:00:00+00:00', '--job-id', '665', '--raw', '--subdir', 'DAGS_FOLDER/upload_from_github_to_s3_dag.py', '--cfg-path', '/tmp/tmp5l5axipr']
[2024-05-24T12:02:08.107+0000] {standard_task_runner.py:63} INFO - Started process 1068 to run task
[2024-05-24T12:02:08.107+0000] {standard_task_runner.py:91} INFO - Job 665: Subtask download_and_upload_to_s3
[2024-05-24T12:02:08.129+0000] {task_command.py:426} INFO - Running <TaskInstance: upload_from_github_to_s3.download_and_upload_to_s3 scheduled__2024-04-09T00:00:00+00:00 [running]> on host b2ab95bd73fd
[2024-05-24T12:02:08.166+0000] {taskinstance.py:2648} INFO - Exporting env vars: AIRFLOW_CTX_DAG_OWNER='***' AIRFLOW_CTX_DAG_ID='upload_from_github_to_s3' AIRFLOW_CTX_TASK_ID='download_and_upload_to_s3' AIRFLOW_CTX_EXECUTION_DATE='2024-04-09T00:00:00+00:00' AIRFLOW_CTX_TRY_NUMBER='1' AIRFLOW_CTX_DAG_RUN_ID='scheduled__2024-04-09T00:00:00+00:00'
[2024-05-24T12:02:08.166+0000] {taskinstance.py:430} INFO - ::endgroup::
[2024-05-24T12:02:08.489+0000] {credentials.py:1147} INFO - Found credentials in environment variables.
[2024-05-24T12:02:08.553+0000] {python.py:237} INFO - Done. Returned value was: None
[2024-05-24T12:02:08.553+0000] {taskinstance.py:441} INFO - ::group::Post task execution logs
[2024-05-24T12:02:08.558+0000] {taskinstance.py:1206} INFO - Marking task as SUCCESS. dag_id=upload_from_github_to_s3, task_id=download_and_upload_to_s3, run_id=scheduled__2024-04-09T00:00:00+00:00, execution_date=20240409T000000, start_date=20240524T120208, end_date=20240524T120208
[2024-05-24T12:02:08.575+0000] {local_task_job_runner.py:240} INFO - Task exited with return code 0
[2024-05-24T12:02:08.584+0000] {taskinstance.py:3498} INFO - 0 downstream tasks scheduled from follow-on schedule check
[2024-05-24T12:02:08.585+0000] {local_task_job_runner.py:222} INFO - ::endgroup::
