[2024-05-25T06:26:06.690+0000] {processor.py:161} INFO - Started process (PID=35) to work on /opt/airflow/dags/train_and_deploy_dag.py
[2024-05-25T06:26:06.691+0000] {processor.py:830} INFO - Processing file /opt/airflow/dags/train_and_deploy_dag.py for tasks to queue
[2024-05-25T06:26:06.692+0000] {logging_mixin.py:188} INFO - [2024-05-25T06:26:06.691+0000] {dagbag.py:545} INFO - Filling up the DagBag from /opt/airflow/dags/train_and_deploy_dag.py
[2024-05-25T06:26:06.857+0000] {processor.py:840} INFO - DAG(s) 'train_and_deploy_model' retrieved from /opt/airflow/dags/train_and_deploy_dag.py
[2024-05-25T06:26:06.989+0000] {logging_mixin.py:188} INFO - [2024-05-25T06:26:06.989+0000] {override.py:1829} INFO - Created Permission View: can read on DAG:train_and_deploy_model
[2024-05-25T06:26:06.997+0000] {logging_mixin.py:188} INFO - [2024-05-25T06:26:06.997+0000] {override.py:1829} INFO - Created Permission View: can delete on DAG:train_and_deploy_model
[2024-05-25T06:26:07.005+0000] {logging_mixin.py:188} INFO - [2024-05-25T06:26:07.005+0000] {override.py:1829} INFO - Created Permission View: can edit on DAG:train_and_deploy_model
[2024-05-25T06:26:07.006+0000] {logging_mixin.py:188} INFO - [2024-05-25T06:26:07.005+0000] {dag.py:3096} INFO - Sync 1 DAGs
[2024-05-25T06:26:07.026+0000] {logging_mixin.py:188} INFO - [2024-05-25T06:26:07.026+0000] {dag.py:3118} INFO - Creating ORM DAG for train_and_deploy_model
[2024-05-25T06:26:07.027+0000] {logging_mixin.py:188} INFO - [2024-05-25T06:26:07.026+0000] {dag.py:3954} INFO - Setting next_dagrun for train_and_deploy_model to None, run_after=None
[2024-05-25T06:26:07.036+0000] {processor.py:183} INFO - Processing /opt/airflow/dags/train_and_deploy_dag.py took 0.349 seconds
[2024-05-25T06:26:37.296+0000] {processor.py:161} INFO - Started process (PID=43) to work on /opt/airflow/dags/train_and_deploy_dag.py
[2024-05-25T06:26:37.297+0000] {processor.py:830} INFO - Processing file /opt/airflow/dags/train_and_deploy_dag.py for tasks to queue
[2024-05-25T06:26:37.299+0000] {logging_mixin.py:188} INFO - [2024-05-25T06:26:37.298+0000] {dagbag.py:545} INFO - Filling up the DagBag from /opt/airflow/dags/train_and_deploy_dag.py
[2024-05-25T06:26:37.343+0000] {processor.py:840} INFO - DAG(s) 'train_and_deploy_model' retrieved from /opt/airflow/dags/train_and_deploy_dag.py
[2024-05-25T06:26:37.385+0000] {logging_mixin.py:188} INFO - [2024-05-25T06:26:37.385+0000] {dag.py:3096} INFO - Sync 1 DAGs
[2024-05-25T06:26:37.389+0000] {logging_mixin.py:188} INFO - [2024-05-25T06:26:37.389+0000] {dag.py:3954} INFO - Setting next_dagrun for train_and_deploy_model to None, run_after=None
[2024-05-25T06:26:37.396+0000] {processor.py:183} INFO - Processing /opt/airflow/dags/train_and_deploy_dag.py took 0.106 seconds
[2024-05-25T06:27:07.663+0000] {processor.py:161} INFO - Started process (PID=51) to work on /opt/airflow/dags/train_and_deploy_dag.py
[2024-05-25T06:27:07.663+0000] {processor.py:830} INFO - Processing file /opt/airflow/dags/train_and_deploy_dag.py for tasks to queue
[2024-05-25T06:27:07.665+0000] {logging_mixin.py:188} INFO - [2024-05-25T06:27:07.665+0000] {dagbag.py:545} INFO - Filling up the DagBag from /opt/airflow/dags/train_and_deploy_dag.py
[2024-05-25T06:27:07.707+0000] {processor.py:840} INFO - DAG(s) 'train_and_deploy_model' retrieved from /opt/airflow/dags/train_and_deploy_dag.py
[2024-05-25T06:27:07.747+0000] {logging_mixin.py:188} INFO - [2024-05-25T06:27:07.747+0000] {dag.py:3096} INFO - Sync 1 DAGs
[2024-05-25T06:27:07.751+0000] {logging_mixin.py:188} INFO - [2024-05-25T06:27:07.751+0000] {dag.py:3954} INFO - Setting next_dagrun for train_and_deploy_model to None, run_after=None
[2024-05-25T06:27:07.758+0000] {processor.py:183} INFO - Processing /opt/airflow/dags/train_and_deploy_dag.py took 0.101 seconds
[2024-05-25T06:27:38.045+0000] {processor.py:161} INFO - Started process (PID=59) to work on /opt/airflow/dags/train_and_deploy_dag.py
[2024-05-25T06:27:38.045+0000] {processor.py:830} INFO - Processing file /opt/airflow/dags/train_and_deploy_dag.py for tasks to queue
[2024-05-25T06:27:38.046+0000] {logging_mixin.py:188} INFO - [2024-05-25T06:27:38.046+0000] {dagbag.py:545} INFO - Filling up the DagBag from /opt/airflow/dags/train_and_deploy_dag.py
[2024-05-25T06:27:38.081+0000] {processor.py:840} INFO - DAG(s) 'train_and_deploy_model' retrieved from /opt/airflow/dags/train_and_deploy_dag.py
[2024-05-25T06:27:38.123+0000] {logging_mixin.py:188} INFO - [2024-05-25T06:27:38.123+0000] {dag.py:3096} INFO - Sync 1 DAGs
[2024-05-25T06:27:38.127+0000] {logging_mixin.py:188} INFO - [2024-05-25T06:27:38.127+0000] {dag.py:3954} INFO - Setting next_dagrun for train_and_deploy_model to None, run_after=None
[2024-05-25T06:27:38.134+0000] {processor.py:183} INFO - Processing /opt/airflow/dags/train_and_deploy_dag.py took 0.092 seconds
[2024-05-25T06:28:08.372+0000] {processor.py:161} INFO - Started process (PID=67) to work on /opt/airflow/dags/train_and_deploy_dag.py
[2024-05-25T06:28:08.372+0000] {processor.py:830} INFO - Processing file /opt/airflow/dags/train_and_deploy_dag.py for tasks to queue
[2024-05-25T06:28:08.373+0000] {logging_mixin.py:188} INFO - [2024-05-25T06:28:08.373+0000] {dagbag.py:545} INFO - Filling up the DagBag from /opt/airflow/dags/train_and_deploy_dag.py
[2024-05-25T06:28:08.407+0000] {processor.py:840} INFO - DAG(s) 'train_and_deploy_model' retrieved from /opt/airflow/dags/train_and_deploy_dag.py
[2024-05-25T06:28:08.451+0000] {logging_mixin.py:188} INFO - [2024-05-25T06:28:08.451+0000] {dag.py:3096} INFO - Sync 1 DAGs
[2024-05-25T06:28:08.455+0000] {logging_mixin.py:188} INFO - [2024-05-25T06:28:08.455+0000] {dag.py:3954} INFO - Setting next_dagrun for train_and_deploy_model to None, run_after=None
[2024-05-25T06:28:08.464+0000] {processor.py:183} INFO - Processing /opt/airflow/dags/train_and_deploy_dag.py took 0.095 seconds
[2024-05-25T06:30:45.594+0000] {processor.py:161} INFO - Started process (PID=35) to work on /opt/airflow/dags/train_and_deploy_dag.py
[2024-05-25T06:30:45.594+0000] {processor.py:830} INFO - Processing file /opt/airflow/dags/train_and_deploy_dag.py for tasks to queue
[2024-05-25T06:30:45.595+0000] {logging_mixin.py:188} INFO - [2024-05-25T06:30:45.595+0000] {dagbag.py:545} INFO - Filling up the DagBag from /opt/airflow/dags/train_and_deploy_dag.py
[2024-05-25T06:30:45.753+0000] {processor.py:840} INFO - DAG(s) 'train_and_deploy_model' retrieved from /opt/airflow/dags/train_and_deploy_dag.py
[2024-05-25T06:30:45.891+0000] {logging_mixin.py:188} INFO - [2024-05-25T06:30:45.890+0000] {dag.py:3096} INFO - Sync 1 DAGs
[2024-05-25T06:30:45.895+0000] {logging_mixin.py:188} INFO - [2024-05-25T06:30:45.895+0000] {dag.py:3954} INFO - Setting next_dagrun for train_and_deploy_model to None, run_after=None
[2024-05-25T06:30:45.904+0000] {processor.py:183} INFO - Processing /opt/airflow/dags/train_and_deploy_dag.py took 0.313 seconds
[2024-05-25T06:31:16.126+0000] {processor.py:161} INFO - Started process (PID=43) to work on /opt/airflow/dags/train_and_deploy_dag.py
[2024-05-25T06:31:16.127+0000] {processor.py:830} INFO - Processing file /opt/airflow/dags/train_and_deploy_dag.py for tasks to queue
[2024-05-25T06:31:16.129+0000] {logging_mixin.py:188} INFO - [2024-05-25T06:31:16.129+0000] {dagbag.py:545} INFO - Filling up the DagBag from /opt/airflow/dags/train_and_deploy_dag.py
[2024-05-25T06:31:16.175+0000] {processor.py:840} INFO - DAG(s) 'train_and_deploy_model' retrieved from /opt/airflow/dags/train_and_deploy_dag.py
[2024-05-25T06:31:16.217+0000] {logging_mixin.py:188} INFO - [2024-05-25T06:31:16.217+0000] {dag.py:3096} INFO - Sync 1 DAGs
[2024-05-25T06:31:16.221+0000] {logging_mixin.py:188} INFO - [2024-05-25T06:31:16.221+0000] {dag.py:3954} INFO - Setting next_dagrun for train_and_deploy_model to None, run_after=None
[2024-05-25T06:31:16.230+0000] {processor.py:183} INFO - Processing /opt/airflow/dags/train_and_deploy_dag.py took 0.109 seconds
[2024-05-25T06:31:46.403+0000] {processor.py:161} INFO - Started process (PID=51) to work on /opt/airflow/dags/train_and_deploy_dag.py
[2024-05-25T06:31:46.404+0000] {processor.py:830} INFO - Processing file /opt/airflow/dags/train_and_deploy_dag.py for tasks to queue
[2024-05-25T06:31:46.406+0000] {logging_mixin.py:188} INFO - [2024-05-25T06:31:46.406+0000] {dagbag.py:545} INFO - Filling up the DagBag from /opt/airflow/dags/train_and_deploy_dag.py
[2024-05-25T06:31:46.452+0000] {processor.py:840} INFO - DAG(s) 'train_and_deploy_model' retrieved from /opt/airflow/dags/train_and_deploy_dag.py
[2024-05-25T06:31:46.492+0000] {logging_mixin.py:188} INFO - [2024-05-25T06:31:46.492+0000] {dag.py:3096} INFO - Sync 1 DAGs
[2024-05-25T06:31:46.496+0000] {logging_mixin.py:188} INFO - [2024-05-25T06:31:46.496+0000] {dag.py:3954} INFO - Setting next_dagrun for train_and_deploy_model to None, run_after=None
[2024-05-25T06:31:46.503+0000] {processor.py:183} INFO - Processing /opt/airflow/dags/train_and_deploy_dag.py took 0.106 seconds
[2024-05-25T06:32:03.664+0000] {processor.py:161} INFO - Started process (PID=52) to work on /opt/airflow/dags/train_and_deploy_dag.py
[2024-05-25T06:32:03.665+0000] {processor.py:830} INFO - Processing file /opt/airflow/dags/train_and_deploy_dag.py for tasks to queue
[2024-05-25T06:32:03.666+0000] {logging_mixin.py:188} INFO - [2024-05-25T06:32:03.666+0000] {dagbag.py:545} INFO - Filling up the DagBag from /opt/airflow/dags/train_and_deploy_dag.py
[2024-05-25T06:32:03.706+0000] {processor.py:840} INFO - DAG(s) 'train_and_deploy_model' retrieved from /opt/airflow/dags/train_and_deploy_dag.py
[2024-05-25T06:32:03.713+0000] {logging_mixin.py:188} INFO - [2024-05-25T06:32:03.713+0000] {dag.py:3096} INFO - Sync 1 DAGs
[2024-05-25T06:32:03.721+0000] {logging_mixin.py:188} INFO - [2024-05-25T06:32:03.721+0000] {dag.py:3954} INFO - Setting next_dagrun for train_and_deploy_model to None, run_after=None
[2024-05-25T06:32:03.731+0000] {processor.py:183} INFO - Processing /opt/airflow/dags/train_and_deploy_dag.py took 0.072 seconds
[2024-05-25T06:32:38.374+0000] {processor.py:161} INFO - Started process (PID=34) to work on /opt/airflow/dags/train_and_deploy_dag.py
[2024-05-25T06:32:38.375+0000] {processor.py:830} INFO - Processing file /opt/airflow/dags/train_and_deploy_dag.py for tasks to queue
[2024-05-25T06:32:38.375+0000] {logging_mixin.py:188} INFO - [2024-05-25T06:32:38.375+0000] {dagbag.py:545} INFO - Filling up the DagBag from /opt/airflow/dags/train_and_deploy_dag.py
[2024-05-25T06:32:38.421+0000] {processor.py:840} INFO - DAG(s) 'train_and_deploy_model' retrieved from /opt/airflow/dags/train_and_deploy_dag.py
[2024-05-25T06:32:38.475+0000] {logging_mixin.py:188} INFO - [2024-05-25T06:32:38.475+0000] {dag.py:3096} INFO - Sync 1 DAGs
[2024-05-25T06:32:38.480+0000] {logging_mixin.py:188} INFO - [2024-05-25T06:32:38.480+0000] {dag.py:3954} INFO - Setting next_dagrun for train_and_deploy_model to None, run_after=None
[2024-05-25T06:32:38.489+0000] {processor.py:183} INFO - Processing /opt/airflow/dags/train_and_deploy_dag.py took 0.117 seconds
[2024-05-25T06:33:08.736+0000] {processor.py:161} INFO - Started process (PID=42) to work on /opt/airflow/dags/train_and_deploy_dag.py
[2024-05-25T06:33:08.737+0000] {processor.py:830} INFO - Processing file /opt/airflow/dags/train_and_deploy_dag.py for tasks to queue
[2024-05-25T06:33:08.739+0000] {logging_mixin.py:188} INFO - [2024-05-25T06:33:08.739+0000] {dagbag.py:545} INFO - Filling up the DagBag from /opt/airflow/dags/train_and_deploy_dag.py
[2024-05-25T06:33:08.788+0000] {processor.py:840} INFO - DAG(s) 'train_and_deploy_model' retrieved from /opt/airflow/dags/train_and_deploy_dag.py
[2024-05-25T06:33:08.830+0000] {logging_mixin.py:188} INFO - [2024-05-25T06:33:08.829+0000] {dag.py:3096} INFO - Sync 1 DAGs
[2024-05-25T06:33:08.833+0000] {logging_mixin.py:188} INFO - [2024-05-25T06:33:08.833+0000] {dag.py:3954} INFO - Setting next_dagrun for train_and_deploy_model to None, run_after=None
[2024-05-25T06:33:08.848+0000] {processor.py:183} INFO - Processing /opt/airflow/dags/train_and_deploy_dag.py took 0.121 seconds
[2024-05-25T06:33:38.979+0000] {processor.py:161} INFO - Started process (PID=50) to work on /opt/airflow/dags/train_and_deploy_dag.py
[2024-05-25T06:33:38.980+0000] {processor.py:830} INFO - Processing file /opt/airflow/dags/train_and_deploy_dag.py for tasks to queue
[2024-05-25T06:33:38.981+0000] {logging_mixin.py:188} INFO - [2024-05-25T06:33:38.980+0000] {dagbag.py:545} INFO - Filling up the DagBag from /opt/airflow/dags/train_and_deploy_dag.py
[2024-05-25T06:33:39.022+0000] {processor.py:840} INFO - DAG(s) 'train_and_deploy_model' retrieved from /opt/airflow/dags/train_and_deploy_dag.py
[2024-05-25T06:33:39.066+0000] {logging_mixin.py:188} INFO - [2024-05-25T06:33:39.066+0000] {dag.py:3096} INFO - Sync 1 DAGs
[2024-05-25T06:33:39.071+0000] {logging_mixin.py:188} INFO - [2024-05-25T06:33:39.071+0000] {dag.py:3954} INFO - Setting next_dagrun for train_and_deploy_model to None, run_after=None
[2024-05-25T06:33:39.079+0000] {processor.py:183} INFO - Processing /opt/airflow/dags/train_and_deploy_dag.py took 0.102 seconds
[2024-05-25T06:34:09.365+0000] {processor.py:161} INFO - Started process (PID=58) to work on /opt/airflow/dags/train_and_deploy_dag.py
[2024-05-25T06:34:09.366+0000] {processor.py:830} INFO - Processing file /opt/airflow/dags/train_and_deploy_dag.py for tasks to queue
[2024-05-25T06:34:09.368+0000] {logging_mixin.py:188} INFO - [2024-05-25T06:34:09.368+0000] {dagbag.py:545} INFO - Filling up the DagBag from /opt/airflow/dags/train_and_deploy_dag.py
[2024-05-25T06:34:09.414+0000] {processor.py:840} INFO - DAG(s) 'train_and_deploy_model' retrieved from /opt/airflow/dags/train_and_deploy_dag.py
[2024-05-25T06:34:09.457+0000] {logging_mixin.py:188} INFO - [2024-05-25T06:34:09.457+0000] {dag.py:3096} INFO - Sync 1 DAGs
[2024-05-25T06:34:09.461+0000] {logging_mixin.py:188} INFO - [2024-05-25T06:34:09.461+0000] {dag.py:3954} INFO - Setting next_dagrun for train_and_deploy_model to None, run_after=None
[2024-05-25T06:34:09.468+0000] {processor.py:183} INFO - Processing /opt/airflow/dags/train_and_deploy_dag.py took 0.110 seconds
[2024-05-25T06:34:48.414+0000] {processor.py:161} INFO - Started process (PID=35) to work on /opt/airflow/dags/train_and_deploy_dag.py
[2024-05-25T06:34:48.414+0000] {processor.py:830} INFO - Processing file /opt/airflow/dags/train_and_deploy_dag.py for tasks to queue
[2024-05-25T06:34:48.415+0000] {logging_mixin.py:188} INFO - [2024-05-25T06:34:48.415+0000] {dagbag.py:545} INFO - Filling up the DagBag from /opt/airflow/dags/train_and_deploy_dag.py
[2024-05-25T06:34:48.449+0000] {processor.py:840} INFO - DAG(s) 'train_and_deploy_model' retrieved from /opt/airflow/dags/train_and_deploy_dag.py
[2024-05-25T06:34:48.542+0000] {logging_mixin.py:188} INFO - [2024-05-25T06:34:48.542+0000] {dag.py:3096} INFO - Sync 1 DAGs
[2024-05-25T06:34:48.547+0000] {logging_mixin.py:188} INFO - [2024-05-25T06:34:48.547+0000] {dag.py:3954} INFO - Setting next_dagrun for train_and_deploy_model to None, run_after=None
[2024-05-25T06:34:48.555+0000] {processor.py:183} INFO - Processing /opt/airflow/dags/train_and_deploy_dag.py took 0.144 seconds
[2024-05-25T06:35:18.773+0000] {processor.py:161} INFO - Started process (PID=42) to work on /opt/airflow/dags/train_and_deploy_dag.py
[2024-05-25T06:35:18.774+0000] {processor.py:830} INFO - Processing file /opt/airflow/dags/train_and_deploy_dag.py for tasks to queue
[2024-05-25T06:35:18.775+0000] {logging_mixin.py:188} INFO - [2024-05-25T06:35:18.774+0000] {dagbag.py:545} INFO - Filling up the DagBag from /opt/airflow/dags/train_and_deploy_dag.py
[2024-05-25T06:35:18.807+0000] {processor.py:840} INFO - DAG(s) 'train_and_deploy_model' retrieved from /opt/airflow/dags/train_and_deploy_dag.py
[2024-05-25T06:35:18.848+0000] {logging_mixin.py:188} INFO - [2024-05-25T06:35:18.848+0000] {dag.py:3096} INFO - Sync 1 DAGs
[2024-05-25T06:35:18.852+0000] {logging_mixin.py:188} INFO - [2024-05-25T06:35:18.852+0000] {dag.py:3954} INFO - Setting next_dagrun for train_and_deploy_model to None, run_after=None
[2024-05-25T06:35:18.860+0000] {processor.py:183} INFO - Processing /opt/airflow/dags/train_and_deploy_dag.py took 0.089 seconds
[2024-05-25T06:35:49.142+0000] {processor.py:161} INFO - Started process (PID=50) to work on /opt/airflow/dags/train_and_deploy_dag.py
[2024-05-25T06:35:49.143+0000] {processor.py:830} INFO - Processing file /opt/airflow/dags/train_and_deploy_dag.py for tasks to queue
[2024-05-25T06:35:49.145+0000] {logging_mixin.py:188} INFO - [2024-05-25T06:35:49.145+0000] {dagbag.py:545} INFO - Filling up the DagBag from /opt/airflow/dags/train_and_deploy_dag.py
[2024-05-25T06:35:49.190+0000] {processor.py:840} INFO - DAG(s) 'train_and_deploy_model' retrieved from /opt/airflow/dags/train_and_deploy_dag.py
[2024-05-25T06:35:49.230+0000] {logging_mixin.py:188} INFO - [2024-05-25T06:35:49.230+0000] {dag.py:3096} INFO - Sync 1 DAGs
[2024-05-25T06:35:49.234+0000] {logging_mixin.py:188} INFO - [2024-05-25T06:35:49.234+0000] {dag.py:3954} INFO - Setting next_dagrun for train_and_deploy_model to None, run_after=None
[2024-05-25T06:35:49.242+0000] {processor.py:183} INFO - Processing /opt/airflow/dags/train_and_deploy_dag.py took 0.105 seconds
[2024-05-25T06:36:19.492+0000] {processor.py:161} INFO - Started process (PID=58) to work on /opt/airflow/dags/train_and_deploy_dag.py
[2024-05-25T06:36:19.492+0000] {processor.py:830} INFO - Processing file /opt/airflow/dags/train_and_deploy_dag.py for tasks to queue
[2024-05-25T06:36:19.494+0000] {logging_mixin.py:188} INFO - [2024-05-25T06:36:19.494+0000] {dagbag.py:545} INFO - Filling up the DagBag from /opt/airflow/dags/train_and_deploy_dag.py
[2024-05-25T06:36:19.533+0000] {processor.py:840} INFO - DAG(s) 'train_and_deploy_model' retrieved from /opt/airflow/dags/train_and_deploy_dag.py
[2024-05-25T06:36:19.576+0000] {logging_mixin.py:188} INFO - [2024-05-25T06:36:19.576+0000] {dag.py:3096} INFO - Sync 1 DAGs
[2024-05-25T06:36:19.581+0000] {logging_mixin.py:188} INFO - [2024-05-25T06:36:19.580+0000] {dag.py:3954} INFO - Setting next_dagrun for train_and_deploy_model to None, run_after=None
[2024-05-25T06:36:19.588+0000] {processor.py:183} INFO - Processing /opt/airflow/dags/train_and_deploy_dag.py took 0.100 seconds
[2024-05-25T06:36:49.865+0000] {processor.py:161} INFO - Started process (PID=66) to work on /opt/airflow/dags/train_and_deploy_dag.py
[2024-05-25T06:36:49.866+0000] {processor.py:830} INFO - Processing file /opt/airflow/dags/train_and_deploy_dag.py for tasks to queue
[2024-05-25T06:36:49.868+0000] {logging_mixin.py:188} INFO - [2024-05-25T06:36:49.868+0000] {dagbag.py:545} INFO - Filling up the DagBag from /opt/airflow/dags/train_and_deploy_dag.py
[2024-05-25T06:36:49.914+0000] {processor.py:840} INFO - DAG(s) 'train_and_deploy_model' retrieved from /opt/airflow/dags/train_and_deploy_dag.py
[2024-05-25T06:36:49.956+0000] {logging_mixin.py:188} INFO - [2024-05-25T06:36:49.956+0000] {dag.py:3096} INFO - Sync 1 DAGs
[2024-05-25T06:36:49.960+0000] {logging_mixin.py:188} INFO - [2024-05-25T06:36:49.960+0000] {dag.py:3954} INFO - Setting next_dagrun for train_and_deploy_model to None, run_after=None
[2024-05-25T06:36:49.968+0000] {processor.py:183} INFO - Processing /opt/airflow/dags/train_and_deploy_dag.py took 0.110 seconds
[2024-05-25T06:37:20.146+0000] {processor.py:161} INFO - Started process (PID=74) to work on /opt/airflow/dags/train_and_deploy_dag.py
[2024-05-25T06:37:20.148+0000] {processor.py:830} INFO - Processing file /opt/airflow/dags/train_and_deploy_dag.py for tasks to queue
[2024-05-25T06:37:20.150+0000] {logging_mixin.py:188} INFO - [2024-05-25T06:37:20.150+0000] {dagbag.py:545} INFO - Filling up the DagBag from /opt/airflow/dags/train_and_deploy_dag.py
[2024-05-25T06:37:20.195+0000] {processor.py:840} INFO - DAG(s) 'train_and_deploy_model' retrieved from /opt/airflow/dags/train_and_deploy_dag.py
[2024-05-25T06:37:20.236+0000] {logging_mixin.py:188} INFO - [2024-05-25T06:37:20.236+0000] {dag.py:3096} INFO - Sync 1 DAGs
[2024-05-25T06:37:20.240+0000] {logging_mixin.py:188} INFO - [2024-05-25T06:37:20.240+0000] {dag.py:3954} INFO - Setting next_dagrun for train_and_deploy_model to None, run_after=None
[2024-05-25T06:37:20.247+0000] {processor.py:183} INFO - Processing /opt/airflow/dags/train_and_deploy_dag.py took 0.107 seconds
[2024-05-25T06:37:50.501+0000] {processor.py:161} INFO - Started process (PID=82) to work on /opt/airflow/dags/train_and_deploy_dag.py
[2024-05-25T06:37:50.502+0000] {processor.py:830} INFO - Processing file /opt/airflow/dags/train_and_deploy_dag.py for tasks to queue
[2024-05-25T06:37:50.503+0000] {logging_mixin.py:188} INFO - [2024-05-25T06:37:50.503+0000] {dagbag.py:545} INFO - Filling up the DagBag from /opt/airflow/dags/train_and_deploy_dag.py
[2024-05-25T06:37:50.538+0000] {processor.py:840} INFO - DAG(s) 'train_and_deploy_model' retrieved from /opt/airflow/dags/train_and_deploy_dag.py
[2024-05-25T06:37:50.578+0000] {logging_mixin.py:188} INFO - [2024-05-25T06:37:50.578+0000] {dag.py:3096} INFO - Sync 1 DAGs
[2024-05-25T06:37:50.582+0000] {logging_mixin.py:188} INFO - [2024-05-25T06:37:50.582+0000] {dag.py:3954} INFO - Setting next_dagrun for train_and_deploy_model to None, run_after=None
[2024-05-25T06:37:50.589+0000] {processor.py:183} INFO - Processing /opt/airflow/dags/train_and_deploy_dag.py took 0.092 seconds
[2024-05-25T06:38:20.865+0000] {processor.py:161} INFO - Started process (PID=90) to work on /opt/airflow/dags/train_and_deploy_dag.py
[2024-05-25T06:38:20.865+0000] {processor.py:830} INFO - Processing file /opt/airflow/dags/train_and_deploy_dag.py for tasks to queue
[2024-05-25T06:38:20.866+0000] {logging_mixin.py:188} INFO - [2024-05-25T06:38:20.866+0000] {dagbag.py:545} INFO - Filling up the DagBag from /opt/airflow/dags/train_and_deploy_dag.py
[2024-05-25T06:38:20.899+0000] {processor.py:840} INFO - DAG(s) 'train_and_deploy_model' retrieved from /opt/airflow/dags/train_and_deploy_dag.py
[2024-05-25T06:38:20.941+0000] {logging_mixin.py:188} INFO - [2024-05-25T06:38:20.941+0000] {dag.py:3096} INFO - Sync 1 DAGs
[2024-05-25T06:38:20.946+0000] {logging_mixin.py:188} INFO - [2024-05-25T06:38:20.946+0000] {dag.py:3954} INFO - Setting next_dagrun for train_and_deploy_model to None, run_after=None
[2024-05-25T06:38:20.955+0000] {processor.py:183} INFO - Processing /opt/airflow/dags/train_and_deploy_dag.py took 0.093 seconds
[2024-05-25T06:38:51.245+0000] {processor.py:161} INFO - Started process (PID=98) to work on /opt/airflow/dags/train_and_deploy_dag.py
[2024-05-25T06:38:51.246+0000] {processor.py:830} INFO - Processing file /opt/airflow/dags/train_and_deploy_dag.py for tasks to queue
[2024-05-25T06:38:51.246+0000] {logging_mixin.py:188} INFO - [2024-05-25T06:38:51.246+0000] {dagbag.py:545} INFO - Filling up the DagBag from /opt/airflow/dags/train_and_deploy_dag.py
[2024-05-25T06:38:51.277+0000] {processor.py:840} INFO - DAG(s) 'train_and_deploy_model' retrieved from /opt/airflow/dags/train_and_deploy_dag.py
[2024-05-25T06:38:51.317+0000] {logging_mixin.py:188} INFO - [2024-05-25T06:38:51.317+0000] {dag.py:3096} INFO - Sync 1 DAGs
[2024-05-25T06:38:51.323+0000] {logging_mixin.py:188} INFO - [2024-05-25T06:38:51.323+0000] {dag.py:3954} INFO - Setting next_dagrun for train_and_deploy_model to None, run_after=None
[2024-05-25T06:38:51.331+0000] {processor.py:183} INFO - Processing /opt/airflow/dags/train_and_deploy_dag.py took 0.088 seconds
[2024-05-25T06:39:21.646+0000] {processor.py:161} INFO - Started process (PID=106) to work on /opt/airflow/dags/train_and_deploy_dag.py
[2024-05-25T06:39:21.647+0000] {processor.py:830} INFO - Processing file /opt/airflow/dags/train_and_deploy_dag.py for tasks to queue
[2024-05-25T06:39:21.650+0000] {logging_mixin.py:188} INFO - [2024-05-25T06:39:21.649+0000] {dagbag.py:545} INFO - Filling up the DagBag from /opt/airflow/dags/train_and_deploy_dag.py
[2024-05-25T06:39:21.698+0000] {processor.py:840} INFO - DAG(s) 'train_and_deploy_model' retrieved from /opt/airflow/dags/train_and_deploy_dag.py
[2024-05-25T06:39:21.739+0000] {logging_mixin.py:188} INFO - [2024-05-25T06:39:21.738+0000] {dag.py:3096} INFO - Sync 1 DAGs
[2024-05-25T06:39:21.742+0000] {logging_mixin.py:188} INFO - [2024-05-25T06:39:21.742+0000] {dag.py:3954} INFO - Setting next_dagrun for train_and_deploy_model to None, run_after=None
[2024-05-25T06:39:21.750+0000] {processor.py:183} INFO - Processing /opt/airflow/dags/train_and_deploy_dag.py took 0.112 seconds
[2024-05-25T06:39:52.095+0000] {processor.py:161} INFO - Started process (PID=114) to work on /opt/airflow/dags/train_and_deploy_dag.py
[2024-05-25T06:39:52.096+0000] {processor.py:830} INFO - Processing file /opt/airflow/dags/train_and_deploy_dag.py for tasks to queue
[2024-05-25T06:39:52.099+0000] {logging_mixin.py:188} INFO - [2024-05-25T06:39:52.098+0000] {dagbag.py:545} INFO - Filling up the DagBag from /opt/airflow/dags/train_and_deploy_dag.py
[2024-05-25T06:39:52.146+0000] {processor.py:840} INFO - DAG(s) 'train_and_deploy_model' retrieved from /opt/airflow/dags/train_and_deploy_dag.py
[2024-05-25T06:39:52.187+0000] {logging_mixin.py:188} INFO - [2024-05-25T06:39:52.187+0000] {dag.py:3096} INFO - Sync 1 DAGs
[2024-05-25T06:39:52.191+0000] {logging_mixin.py:188} INFO - [2024-05-25T06:39:52.191+0000] {dag.py:3954} INFO - Setting next_dagrun for train_and_deploy_model to None, run_after=None
[2024-05-25T06:39:52.198+0000] {processor.py:183} INFO - Processing /opt/airflow/dags/train_and_deploy_dag.py took 0.110 seconds
[2024-05-25T06:40:22.440+0000] {processor.py:161} INFO - Started process (PID=121) to work on /opt/airflow/dags/train_and_deploy_dag.py
[2024-05-25T06:40:22.441+0000] {processor.py:830} INFO - Processing file /opt/airflow/dags/train_and_deploy_dag.py for tasks to queue
[2024-05-25T06:40:22.442+0000] {logging_mixin.py:188} INFO - [2024-05-25T06:40:22.442+0000] {dagbag.py:545} INFO - Filling up the DagBag from /opt/airflow/dags/train_and_deploy_dag.py
[2024-05-25T06:40:22.477+0000] {processor.py:840} INFO - DAG(s) 'train_and_deploy_model' retrieved from /opt/airflow/dags/train_and_deploy_dag.py
[2024-05-25T06:40:22.516+0000] {logging_mixin.py:188} INFO - [2024-05-25T06:40:22.516+0000] {dag.py:3096} INFO - Sync 1 DAGs
[2024-05-25T06:40:22.520+0000] {logging_mixin.py:188} INFO - [2024-05-25T06:40:22.520+0000] {dag.py:3954} INFO - Setting next_dagrun for train_and_deploy_model to None, run_after=None
[2024-05-25T06:40:22.527+0000] {processor.py:183} INFO - Processing /opt/airflow/dags/train_and_deploy_dag.py took 0.089 seconds
[2024-05-25T06:40:52.793+0000] {processor.py:161} INFO - Started process (PID=129) to work on /opt/airflow/dags/train_and_deploy_dag.py
[2024-05-25T06:40:52.794+0000] {processor.py:830} INFO - Processing file /opt/airflow/dags/train_and_deploy_dag.py for tasks to queue
[2024-05-25T06:40:52.796+0000] {logging_mixin.py:188} INFO - [2024-05-25T06:40:52.796+0000] {dagbag.py:545} INFO - Filling up the DagBag from /opt/airflow/dags/train_and_deploy_dag.py
[2024-05-25T06:40:52.841+0000] {processor.py:840} INFO - DAG(s) 'train_and_deploy_model' retrieved from /opt/airflow/dags/train_and_deploy_dag.py
[2024-05-25T06:40:52.883+0000] {logging_mixin.py:188} INFO - [2024-05-25T06:40:52.883+0000] {dag.py:3096} INFO - Sync 1 DAGs
[2024-05-25T06:40:52.887+0000] {logging_mixin.py:188} INFO - [2024-05-25T06:40:52.887+0000] {dag.py:3954} INFO - Setting next_dagrun for train_and_deploy_model to None, run_after=None
[2024-05-25T06:40:52.894+0000] {processor.py:183} INFO - Processing /opt/airflow/dags/train_and_deploy_dag.py took 0.107 seconds
[2024-05-25T06:41:23.196+0000] {processor.py:161} INFO - Started process (PID=136) to work on /opt/airflow/dags/train_and_deploy_dag.py
[2024-05-25T06:41:23.198+0000] {processor.py:830} INFO - Processing file /opt/airflow/dags/train_and_deploy_dag.py for tasks to queue
[2024-05-25T06:41:23.201+0000] {logging_mixin.py:188} INFO - [2024-05-25T06:41:23.200+0000] {dagbag.py:545} INFO - Filling up the DagBag from /opt/airflow/dags/train_and_deploy_dag.py
[2024-05-25T06:41:23.253+0000] {processor.py:840} INFO - DAG(s) 'train_and_deploy_model' retrieved from /opt/airflow/dags/train_and_deploy_dag.py
[2024-05-25T06:41:23.294+0000] {logging_mixin.py:188} INFO - [2024-05-25T06:41:23.294+0000] {dag.py:3096} INFO - Sync 1 DAGs
[2024-05-25T06:41:23.298+0000] {logging_mixin.py:188} INFO - [2024-05-25T06:41:23.298+0000] {dag.py:3954} INFO - Setting next_dagrun for train_and_deploy_model to None, run_after=None
[2024-05-25T06:41:23.306+0000] {processor.py:183} INFO - Processing /opt/airflow/dags/train_and_deploy_dag.py took 0.118 seconds
[2024-05-25T06:41:53.593+0000] {processor.py:161} INFO - Started process (PID=144) to work on /opt/airflow/dags/train_and_deploy_dag.py
[2024-05-25T06:41:53.594+0000] {processor.py:830} INFO - Processing file /opt/airflow/dags/train_and_deploy_dag.py for tasks to queue
[2024-05-25T06:41:53.597+0000] {logging_mixin.py:188} INFO - [2024-05-25T06:41:53.596+0000] {dagbag.py:545} INFO - Filling up the DagBag from /opt/airflow/dags/train_and_deploy_dag.py
[2024-05-25T06:41:53.642+0000] {processor.py:840} INFO - DAG(s) 'train_and_deploy_model' retrieved from /opt/airflow/dags/train_and_deploy_dag.py
[2024-05-25T06:41:53.683+0000] {logging_mixin.py:188} INFO - [2024-05-25T06:41:53.682+0000] {dag.py:3096} INFO - Sync 1 DAGs
[2024-05-25T06:41:53.687+0000] {logging_mixin.py:188} INFO - [2024-05-25T06:41:53.687+0000] {dag.py:3954} INFO - Setting next_dagrun for train_and_deploy_model to None, run_after=None
[2024-05-25T06:41:53.694+0000] {processor.py:183} INFO - Processing /opt/airflow/dags/train_and_deploy_dag.py took 0.108 seconds
[2024-05-25T06:42:23.971+0000] {processor.py:161} INFO - Started process (PID=152) to work on /opt/airflow/dags/train_and_deploy_dag.py
[2024-05-25T06:42:23.972+0000] {processor.py:830} INFO - Processing file /opt/airflow/dags/train_and_deploy_dag.py for tasks to queue
[2024-05-25T06:42:23.975+0000] {logging_mixin.py:188} INFO - [2024-05-25T06:42:23.975+0000] {dagbag.py:545} INFO - Filling up the DagBag from /opt/airflow/dags/train_and_deploy_dag.py
[2024-05-25T06:42:24.029+0000] {processor.py:840} INFO - DAG(s) 'train_and_deploy_model' retrieved from /opt/airflow/dags/train_and_deploy_dag.py
[2024-05-25T06:42:24.077+0000] {logging_mixin.py:188} INFO - [2024-05-25T06:42:24.077+0000] {dag.py:3096} INFO - Sync 1 DAGs
[2024-05-25T06:42:24.081+0000] {logging_mixin.py:188} INFO - [2024-05-25T06:42:24.081+0000] {dag.py:3954} INFO - Setting next_dagrun for train_and_deploy_model to None, run_after=None
[2024-05-25T06:42:24.090+0000] {processor.py:183} INFO - Processing /opt/airflow/dags/train_and_deploy_dag.py took 0.126 seconds
[2024-05-25T06:42:54.262+0000] {processor.py:161} INFO - Started process (PID=159) to work on /opt/airflow/dags/train_and_deploy_dag.py
[2024-05-25T06:42:54.263+0000] {processor.py:830} INFO - Processing file /opt/airflow/dags/train_and_deploy_dag.py for tasks to queue
[2024-05-25T06:42:54.265+0000] {logging_mixin.py:188} INFO - [2024-05-25T06:42:54.265+0000] {dagbag.py:545} INFO - Filling up the DagBag from /opt/airflow/dags/train_and_deploy_dag.py
[2024-05-25T06:42:54.321+0000] {processor.py:840} INFO - DAG(s) 'train_and_deploy_model' retrieved from /opt/airflow/dags/train_and_deploy_dag.py
[2024-05-25T06:42:54.369+0000] {logging_mixin.py:188} INFO - [2024-05-25T06:42:54.369+0000] {dag.py:3096} INFO - Sync 1 DAGs
[2024-05-25T06:42:54.373+0000] {logging_mixin.py:188} INFO - [2024-05-25T06:42:54.373+0000] {dag.py:3954} INFO - Setting next_dagrun for train_and_deploy_model to None, run_after=None
[2024-05-25T06:42:54.381+0000] {processor.py:183} INFO - Processing /opt/airflow/dags/train_and_deploy_dag.py took 0.127 seconds
[2024-05-25T06:43:24.672+0000] {processor.py:161} INFO - Started process (PID=167) to work on /opt/airflow/dags/train_and_deploy_dag.py
[2024-05-25T06:43:24.673+0000] {processor.py:830} INFO - Processing file /opt/airflow/dags/train_and_deploy_dag.py for tasks to queue
[2024-05-25T06:43:24.674+0000] {logging_mixin.py:188} INFO - [2024-05-25T06:43:24.674+0000] {dagbag.py:545} INFO - Filling up the DagBag from /opt/airflow/dags/train_and_deploy_dag.py
[2024-05-25T06:43:24.718+0000] {processor.py:840} INFO - DAG(s) 'train_and_deploy_model' retrieved from /opt/airflow/dags/train_and_deploy_dag.py
[2024-05-25T06:43:24.765+0000] {logging_mixin.py:188} INFO - [2024-05-25T06:43:24.765+0000] {dag.py:3096} INFO - Sync 1 DAGs
[2024-05-25T06:43:24.769+0000] {logging_mixin.py:188} INFO - [2024-05-25T06:43:24.769+0000] {dag.py:3954} INFO - Setting next_dagrun for train_and_deploy_model to None, run_after=None
[2024-05-25T06:43:24.777+0000] {processor.py:183} INFO - Processing /opt/airflow/dags/train_and_deploy_dag.py took 0.110 seconds
[2024-05-25T06:43:55.068+0000] {processor.py:161} INFO - Started process (PID=175) to work on /opt/airflow/dags/train_and_deploy_dag.py
[2024-05-25T06:43:55.069+0000] {processor.py:830} INFO - Processing file /opt/airflow/dags/train_and_deploy_dag.py for tasks to queue
[2024-05-25T06:43:55.071+0000] {logging_mixin.py:188} INFO - [2024-05-25T06:43:55.071+0000] {dagbag.py:545} INFO - Filling up the DagBag from /opt/airflow/dags/train_and_deploy_dag.py
[2024-05-25T06:43:55.114+0000] {processor.py:840} INFO - DAG(s) 'train_and_deploy_model' retrieved from /opt/airflow/dags/train_and_deploy_dag.py
[2024-05-25T06:43:55.157+0000] {logging_mixin.py:188} INFO - [2024-05-25T06:43:55.157+0000] {dag.py:3096} INFO - Sync 1 DAGs
[2024-05-25T06:43:55.162+0000] {logging_mixin.py:188} INFO - [2024-05-25T06:43:55.162+0000] {dag.py:3954} INFO - Setting next_dagrun for train_and_deploy_model to None, run_after=None
[2024-05-25T06:43:55.170+0000] {processor.py:183} INFO - Processing /opt/airflow/dags/train_and_deploy_dag.py took 0.107 seconds
[2024-05-25T06:44:25.490+0000] {processor.py:161} INFO - Started process (PID=183) to work on /opt/airflow/dags/train_and_deploy_dag.py
[2024-05-25T06:44:25.492+0000] {processor.py:830} INFO - Processing file /opt/airflow/dags/train_and_deploy_dag.py for tasks to queue
[2024-05-25T06:44:25.495+0000] {logging_mixin.py:188} INFO - [2024-05-25T06:44:25.494+0000] {dagbag.py:545} INFO - Filling up the DagBag from /opt/airflow/dags/train_and_deploy_dag.py
[2024-05-25T06:44:25.545+0000] {processor.py:840} INFO - DAG(s) 'train_and_deploy_model' retrieved from /opt/airflow/dags/train_and_deploy_dag.py
[2024-05-25T06:44:25.591+0000] {logging_mixin.py:188} INFO - [2024-05-25T06:44:25.590+0000] {dag.py:3096} INFO - Sync 1 DAGs
[2024-05-25T06:44:25.595+0000] {logging_mixin.py:188} INFO - [2024-05-25T06:44:25.595+0000] {dag.py:3954} INFO - Setting next_dagrun for train_and_deploy_model to None, run_after=None
[2024-05-25T06:44:25.604+0000] {processor.py:183} INFO - Processing /opt/airflow/dags/train_and_deploy_dag.py took 0.123 seconds
[2024-05-25T06:44:55.943+0000] {processor.py:161} INFO - Started process (PID=191) to work on /opt/airflow/dags/train_and_deploy_dag.py
[2024-05-25T06:44:55.944+0000] {processor.py:830} INFO - Processing file /opt/airflow/dags/train_and_deploy_dag.py for tasks to queue
[2024-05-25T06:44:55.946+0000] {logging_mixin.py:188} INFO - [2024-05-25T06:44:55.946+0000] {dagbag.py:545} INFO - Filling up the DagBag from /opt/airflow/dags/train_and_deploy_dag.py
[2024-05-25T06:44:55.992+0000] {processor.py:840} INFO - DAG(s) 'train_and_deploy_model' retrieved from /opt/airflow/dags/train_and_deploy_dag.py
[2024-05-25T06:44:56.033+0000] {logging_mixin.py:188} INFO - [2024-05-25T06:44:56.033+0000] {dag.py:3096} INFO - Sync 1 DAGs
[2024-05-25T06:44:56.038+0000] {logging_mixin.py:188} INFO - [2024-05-25T06:44:56.038+0000] {dag.py:3954} INFO - Setting next_dagrun for train_and_deploy_model to None, run_after=None
[2024-05-25T06:44:56.045+0000] {processor.py:183} INFO - Processing /opt/airflow/dags/train_and_deploy_dag.py took 0.110 seconds
[2024-05-25T06:45:26.339+0000] {processor.py:161} INFO - Started process (PID=199) to work on /opt/airflow/dags/train_and_deploy_dag.py
[2024-05-25T06:45:26.340+0000] {processor.py:830} INFO - Processing file /opt/airflow/dags/train_and_deploy_dag.py for tasks to queue
[2024-05-25T06:45:26.343+0000] {logging_mixin.py:188} INFO - [2024-05-25T06:45:26.342+0000] {dagbag.py:545} INFO - Filling up the DagBag from /opt/airflow/dags/train_and_deploy_dag.py
[2024-05-25T06:45:26.393+0000] {processor.py:840} INFO - DAG(s) 'train_and_deploy_model' retrieved from /opt/airflow/dags/train_and_deploy_dag.py
[2024-05-25T06:45:26.437+0000] {logging_mixin.py:188} INFO - [2024-05-25T06:45:26.437+0000] {dag.py:3096} INFO - Sync 1 DAGs
[2024-05-25T06:45:26.441+0000] {logging_mixin.py:188} INFO - [2024-05-25T06:45:26.441+0000] {dag.py:3954} INFO - Setting next_dagrun for train_and_deploy_model to None, run_after=None
[2024-05-25T06:45:26.448+0000] {processor.py:183} INFO - Processing /opt/airflow/dags/train_and_deploy_dag.py took 0.118 seconds
[2024-05-25T06:45:56.750+0000] {processor.py:161} INFO - Started process (PID=207) to work on /opt/airflow/dags/train_and_deploy_dag.py
[2024-05-25T06:45:56.751+0000] {processor.py:830} INFO - Processing file /opt/airflow/dags/train_and_deploy_dag.py for tasks to queue
[2024-05-25T06:45:56.753+0000] {logging_mixin.py:188} INFO - [2024-05-25T06:45:56.752+0000] {dagbag.py:545} INFO - Filling up the DagBag from /opt/airflow/dags/train_and_deploy_dag.py
[2024-05-25T06:45:56.806+0000] {processor.py:840} INFO - DAG(s) 'train_and_deploy_model' retrieved from /opt/airflow/dags/train_and_deploy_dag.py
[2024-05-25T06:45:56.853+0000] {logging_mixin.py:188} INFO - [2024-05-25T06:45:56.853+0000] {dag.py:3096} INFO - Sync 1 DAGs
[2024-05-25T06:45:56.857+0000] {logging_mixin.py:188} INFO - [2024-05-25T06:45:56.857+0000] {dag.py:3954} INFO - Setting next_dagrun for train_and_deploy_model to None, run_after=None
[2024-05-25T06:45:56.865+0000] {processor.py:183} INFO - Processing /opt/airflow/dags/train_and_deploy_dag.py took 0.122 seconds
[2024-05-25T06:46:27.128+0000] {processor.py:161} INFO - Started process (PID=214) to work on /opt/airflow/dags/train_and_deploy_dag.py
[2024-05-25T06:46:27.129+0000] {processor.py:830} INFO - Processing file /opt/airflow/dags/train_and_deploy_dag.py for tasks to queue
[2024-05-25T06:46:27.132+0000] {logging_mixin.py:188} INFO - [2024-05-25T06:46:27.132+0000] {dagbag.py:545} INFO - Filling up the DagBag from /opt/airflow/dags/train_and_deploy_dag.py
[2024-05-25T06:46:27.183+0000] {processor.py:840} INFO - DAG(s) 'train_and_deploy_model' retrieved from /opt/airflow/dags/train_and_deploy_dag.py
[2024-05-25T06:46:27.228+0000] {logging_mixin.py:188} INFO - [2024-05-25T06:46:27.228+0000] {dag.py:3096} INFO - Sync 1 DAGs
[2024-05-25T06:46:27.232+0000] {logging_mixin.py:188} INFO - [2024-05-25T06:46:27.232+0000] {dag.py:3954} INFO - Setting next_dagrun for train_and_deploy_model to None, run_after=None
[2024-05-25T06:46:27.240+0000] {processor.py:183} INFO - Processing /opt/airflow/dags/train_and_deploy_dag.py took 0.119 seconds
[2024-05-25T06:46:57.514+0000] {processor.py:161} INFO - Started process (PID=222) to work on /opt/airflow/dags/train_and_deploy_dag.py
[2024-05-25T06:46:57.515+0000] {processor.py:830} INFO - Processing file /opt/airflow/dags/train_and_deploy_dag.py for tasks to queue
[2024-05-25T06:46:57.517+0000] {logging_mixin.py:188} INFO - [2024-05-25T06:46:57.517+0000] {dagbag.py:545} INFO - Filling up the DagBag from /opt/airflow/dags/train_and_deploy_dag.py
[2024-05-25T06:46:57.556+0000] {processor.py:840} INFO - DAG(s) 'train_and_deploy_model' retrieved from /opt/airflow/dags/train_and_deploy_dag.py
[2024-05-25T06:46:57.601+0000] {logging_mixin.py:188} INFO - [2024-05-25T06:46:57.601+0000] {dag.py:3096} INFO - Sync 1 DAGs
[2024-05-25T06:46:57.605+0000] {logging_mixin.py:188} INFO - [2024-05-25T06:46:57.605+0000] {dag.py:3954} INFO - Setting next_dagrun for train_and_deploy_model to None, run_after=None
[2024-05-25T06:46:57.613+0000] {processor.py:183} INFO - Processing /opt/airflow/dags/train_and_deploy_dag.py took 0.105 seconds
[2024-05-25T06:47:27.957+0000] {processor.py:161} INFO - Started process (PID=230) to work on /opt/airflow/dags/train_and_deploy_dag.py
[2024-05-25T06:47:27.958+0000] {processor.py:830} INFO - Processing file /opt/airflow/dags/train_and_deploy_dag.py for tasks to queue
[2024-05-25T06:47:27.960+0000] {logging_mixin.py:188} INFO - [2024-05-25T06:47:27.960+0000] {dagbag.py:545} INFO - Filling up the DagBag from /opt/airflow/dags/train_and_deploy_dag.py
[2024-05-25T06:47:28.010+0000] {processor.py:840} INFO - DAG(s) 'train_and_deploy_model' retrieved from /opt/airflow/dags/train_and_deploy_dag.py
[2024-05-25T06:47:28.054+0000] {logging_mixin.py:188} INFO - [2024-05-25T06:47:28.053+0000] {dag.py:3096} INFO - Sync 1 DAGs
[2024-05-25T06:47:28.058+0000] {logging_mixin.py:188} INFO - [2024-05-25T06:47:28.058+0000] {dag.py:3954} INFO - Setting next_dagrun for train_and_deploy_model to None, run_after=None
[2024-05-25T06:47:28.067+0000] {processor.py:183} INFO - Processing /opt/airflow/dags/train_and_deploy_dag.py took 0.116 seconds
[2024-05-25T06:47:58.444+0000] {processor.py:161} INFO - Started process (PID=238) to work on /opt/airflow/dags/train_and_deploy_dag.py
[2024-05-25T06:47:58.445+0000] {processor.py:830} INFO - Processing file /opt/airflow/dags/train_and_deploy_dag.py for tasks to queue
[2024-05-25T06:47:58.447+0000] {logging_mixin.py:188} INFO - [2024-05-25T06:47:58.447+0000] {dagbag.py:545} INFO - Filling up the DagBag from /opt/airflow/dags/train_and_deploy_dag.py
[2024-05-25T06:47:58.503+0000] {processor.py:840} INFO - DAG(s) 'train_and_deploy_model' retrieved from /opt/airflow/dags/train_and_deploy_dag.py
[2024-05-25T06:47:58.549+0000] {logging_mixin.py:188} INFO - [2024-05-25T06:47:58.549+0000] {dag.py:3096} INFO - Sync 1 DAGs
[2024-05-25T06:47:58.553+0000] {logging_mixin.py:188} INFO - [2024-05-25T06:47:58.553+0000] {dag.py:3954} INFO - Setting next_dagrun for train_and_deploy_model to None, run_after=None
[2024-05-25T06:47:58.561+0000] {processor.py:183} INFO - Processing /opt/airflow/dags/train_and_deploy_dag.py took 0.125 seconds
[2024-05-25T06:48:28.856+0000] {processor.py:161} INFO - Started process (PID=246) to work on /opt/airflow/dags/train_and_deploy_dag.py
[2024-05-25T06:48:28.857+0000] {processor.py:830} INFO - Processing file /opt/airflow/dags/train_and_deploy_dag.py for tasks to queue
[2024-05-25T06:48:28.859+0000] {logging_mixin.py:188} INFO - [2024-05-25T06:48:28.859+0000] {dagbag.py:545} INFO - Filling up the DagBag from /opt/airflow/dags/train_and_deploy_dag.py
[2024-05-25T06:48:28.911+0000] {processor.py:840} INFO - DAG(s) 'train_and_deploy_model' retrieved from /opt/airflow/dags/train_and_deploy_dag.py
[2024-05-25T06:48:28.959+0000] {logging_mixin.py:188} INFO - [2024-05-25T06:48:28.959+0000] {dag.py:3096} INFO - Sync 1 DAGs
[2024-05-25T06:48:28.963+0000] {logging_mixin.py:188} INFO - [2024-05-25T06:48:28.963+0000] {dag.py:3954} INFO - Setting next_dagrun for train_and_deploy_model to None, run_after=None
[2024-05-25T06:48:28.970+0000] {processor.py:183} INFO - Processing /opt/airflow/dags/train_and_deploy_dag.py took 0.120 seconds
[2024-05-25T06:48:59.270+0000] {processor.py:161} INFO - Started process (PID=254) to work on /opt/airflow/dags/train_and_deploy_dag.py
[2024-05-25T06:48:59.271+0000] {processor.py:830} INFO - Processing file /opt/airflow/dags/train_and_deploy_dag.py for tasks to queue
[2024-05-25T06:48:59.272+0000] {logging_mixin.py:188} INFO - [2024-05-25T06:48:59.272+0000] {dagbag.py:545} INFO - Filling up the DagBag from /opt/airflow/dags/train_and_deploy_dag.py
[2024-05-25T06:48:59.316+0000] {processor.py:840} INFO - DAG(s) 'train_and_deploy_model' retrieved from /opt/airflow/dags/train_and_deploy_dag.py
[2024-05-25T06:48:59.360+0000] {logging_mixin.py:188} INFO - [2024-05-25T06:48:59.359+0000] {dag.py:3096} INFO - Sync 1 DAGs
[2024-05-25T06:48:59.364+0000] {logging_mixin.py:188} INFO - [2024-05-25T06:48:59.364+0000] {dag.py:3954} INFO - Setting next_dagrun for train_and_deploy_model to None, run_after=None
[2024-05-25T06:48:59.372+0000] {processor.py:183} INFO - Processing /opt/airflow/dags/train_and_deploy_dag.py took 0.110 seconds
[2024-05-25T06:49:29.664+0000] {processor.py:161} INFO - Started process (PID=262) to work on /opt/airflow/dags/train_and_deploy_dag.py
[2024-05-25T06:49:29.664+0000] {processor.py:830} INFO - Processing file /opt/airflow/dags/train_and_deploy_dag.py for tasks to queue
[2024-05-25T06:49:29.665+0000] {logging_mixin.py:188} INFO - [2024-05-25T06:49:29.665+0000] {dagbag.py:545} INFO - Filling up the DagBag from /opt/airflow/dags/train_and_deploy_dag.py
[2024-05-25T06:49:29.701+0000] {processor.py:840} INFO - DAG(s) 'train_and_deploy_model' retrieved from /opt/airflow/dags/train_and_deploy_dag.py
[2024-05-25T06:49:29.746+0000] {logging_mixin.py:188} INFO - [2024-05-25T06:49:29.746+0000] {dag.py:3096} INFO - Sync 1 DAGs
[2024-05-25T06:49:29.751+0000] {logging_mixin.py:188} INFO - [2024-05-25T06:49:29.751+0000] {dag.py:3954} INFO - Setting next_dagrun for train_and_deploy_model to None, run_after=None
[2024-05-25T06:49:29.759+0000] {processor.py:183} INFO - Processing /opt/airflow/dags/train_and_deploy_dag.py took 0.098 seconds
[2024-05-25T06:50:00.065+0000] {processor.py:161} INFO - Started process (PID=269) to work on /opt/airflow/dags/train_and_deploy_dag.py
[2024-05-25T06:50:00.065+0000] {processor.py:830} INFO - Processing file /opt/airflow/dags/train_and_deploy_dag.py for tasks to queue
[2024-05-25T06:50:00.067+0000] {logging_mixin.py:188} INFO - [2024-05-25T06:50:00.067+0000] {dagbag.py:545} INFO - Filling up the DagBag from /opt/airflow/dags/train_and_deploy_dag.py
[2024-05-25T06:50:00.124+0000] {processor.py:840} INFO - DAG(s) 'train_and_deploy_model' retrieved from /opt/airflow/dags/train_and_deploy_dag.py
[2024-05-25T06:50:00.170+0000] {logging_mixin.py:188} INFO - [2024-05-25T06:50:00.169+0000] {dag.py:3096} INFO - Sync 1 DAGs
[2024-05-25T06:50:00.174+0000] {logging_mixin.py:188} INFO - [2024-05-25T06:50:00.174+0000] {dag.py:3954} INFO - Setting next_dagrun for train_and_deploy_model to None, run_after=None
[2024-05-25T06:50:00.182+0000] {processor.py:183} INFO - Processing /opt/airflow/dags/train_and_deploy_dag.py took 0.126 seconds
[2024-05-25T06:50:30.472+0000] {processor.py:161} INFO - Started process (PID=276) to work on /opt/airflow/dags/train_and_deploy_dag.py
[2024-05-25T06:50:30.473+0000] {processor.py:830} INFO - Processing file /opt/airflow/dags/train_and_deploy_dag.py for tasks to queue
[2024-05-25T06:50:30.476+0000] {logging_mixin.py:188} INFO - [2024-05-25T06:50:30.476+0000] {dagbag.py:545} INFO - Filling up the DagBag from /opt/airflow/dags/train_and_deploy_dag.py
[2024-05-25T06:50:30.533+0000] {processor.py:840} INFO - DAG(s) 'train_and_deploy_model' retrieved from /opt/airflow/dags/train_and_deploy_dag.py
[2024-05-25T06:50:30.581+0000] {logging_mixin.py:188} INFO - [2024-05-25T06:50:30.581+0000] {dag.py:3096} INFO - Sync 1 DAGs
[2024-05-25T06:50:30.586+0000] {logging_mixin.py:188} INFO - [2024-05-25T06:50:30.586+0000] {dag.py:3954} INFO - Setting next_dagrun for train_and_deploy_model to None, run_after=None
[2024-05-25T06:50:30.593+0000] {processor.py:183} INFO - Processing /opt/airflow/dags/train_and_deploy_dag.py took 0.131 seconds
[2024-05-25T06:51:00.919+0000] {processor.py:161} INFO - Started process (PID=284) to work on /opt/airflow/dags/train_and_deploy_dag.py
[2024-05-25T06:51:00.920+0000] {processor.py:830} INFO - Processing file /opt/airflow/dags/train_and_deploy_dag.py for tasks to queue
[2024-05-25T06:51:00.922+0000] {logging_mixin.py:188} INFO - [2024-05-25T06:51:00.921+0000] {dagbag.py:545} INFO - Filling up the DagBag from /opt/airflow/dags/train_and_deploy_dag.py
[2024-05-25T06:51:00.968+0000] {processor.py:840} INFO - DAG(s) 'train_and_deploy_model' retrieved from /opt/airflow/dags/train_and_deploy_dag.py
[2024-05-25T06:51:01.014+0000] {logging_mixin.py:188} INFO - [2024-05-25T06:51:01.014+0000] {dag.py:3096} INFO - Sync 1 DAGs
[2024-05-25T06:51:01.019+0000] {logging_mixin.py:188} INFO - [2024-05-25T06:51:01.019+0000] {dag.py:3954} INFO - Setting next_dagrun for train_and_deploy_model to None, run_after=None
[2024-05-25T06:51:01.027+0000] {processor.py:183} INFO - Processing /opt/airflow/dags/train_and_deploy_dag.py took 0.113 seconds
[2024-05-25T06:51:31.371+0000] {processor.py:161} INFO - Started process (PID=292) to work on /opt/airflow/dags/train_and_deploy_dag.py
[2024-05-25T06:51:31.372+0000] {processor.py:830} INFO - Processing file /opt/airflow/dags/train_and_deploy_dag.py for tasks to queue
[2024-05-25T06:51:31.375+0000] {logging_mixin.py:188} INFO - [2024-05-25T06:51:31.374+0000] {dagbag.py:545} INFO - Filling up the DagBag from /opt/airflow/dags/train_and_deploy_dag.py
[2024-05-25T06:51:31.425+0000] {processor.py:840} INFO - DAG(s) 'train_and_deploy_model' retrieved from /opt/airflow/dags/train_and_deploy_dag.py
[2024-05-25T06:51:31.480+0000] {logging_mixin.py:188} INFO - [2024-05-25T06:51:31.480+0000] {dag.py:3096} INFO - Sync 1 DAGs
[2024-05-25T06:51:31.487+0000] {logging_mixin.py:188} INFO - [2024-05-25T06:51:31.487+0000] {dag.py:3954} INFO - Setting next_dagrun for train_and_deploy_model to None, run_after=None
[2024-05-25T06:51:31.497+0000] {processor.py:183} INFO - Processing /opt/airflow/dags/train_and_deploy_dag.py took 0.132 seconds
[2024-05-25T06:52:01.797+0000] {processor.py:161} INFO - Started process (PID=300) to work on /opt/airflow/dags/train_and_deploy_dag.py
[2024-05-25T06:52:01.798+0000] {processor.py:830} INFO - Processing file /opt/airflow/dags/train_and_deploy_dag.py for tasks to queue
[2024-05-25T06:52:01.800+0000] {logging_mixin.py:188} INFO - [2024-05-25T06:52:01.799+0000] {dagbag.py:545} INFO - Filling up the DagBag from /opt/airflow/dags/train_and_deploy_dag.py
[2024-05-25T06:52:01.848+0000] {processor.py:840} INFO - DAG(s) 'train_and_deploy_model' retrieved from /opt/airflow/dags/train_and_deploy_dag.py
[2024-05-25T06:52:01.895+0000] {logging_mixin.py:188} INFO - [2024-05-25T06:52:01.895+0000] {dag.py:3096} INFO - Sync 1 DAGs
[2024-05-25T06:52:01.900+0000] {logging_mixin.py:188} INFO - [2024-05-25T06:52:01.900+0000] {dag.py:3954} INFO - Setting next_dagrun for train_and_deploy_model to None, run_after=None
[2024-05-25T06:52:01.907+0000] {processor.py:183} INFO - Processing /opt/airflow/dags/train_and_deploy_dag.py took 0.116 seconds
[2024-05-25T06:52:32.197+0000] {processor.py:161} INFO - Started process (PID=308) to work on /opt/airflow/dags/train_and_deploy_dag.py
[2024-05-25T06:52:32.198+0000] {processor.py:830} INFO - Processing file /opt/airflow/dags/train_and_deploy_dag.py for tasks to queue
[2024-05-25T06:52:32.200+0000] {logging_mixin.py:188} INFO - [2024-05-25T06:52:32.200+0000] {dagbag.py:545} INFO - Filling up the DagBag from /opt/airflow/dags/train_and_deploy_dag.py
[2024-05-25T06:52:32.248+0000] {processor.py:840} INFO - DAG(s) 'train_and_deploy_model' retrieved from /opt/airflow/dags/train_and_deploy_dag.py
[2024-05-25T06:52:32.293+0000] {logging_mixin.py:188} INFO - [2024-05-25T06:52:32.293+0000] {dag.py:3096} INFO - Sync 1 DAGs
[2024-05-25T06:52:32.297+0000] {logging_mixin.py:188} INFO - [2024-05-25T06:52:32.297+0000] {dag.py:3954} INFO - Setting next_dagrun for train_and_deploy_model to None, run_after=None
[2024-05-25T06:52:32.305+0000] {processor.py:183} INFO - Processing /opt/airflow/dags/train_and_deploy_dag.py took 0.113 seconds
[2024-05-25T06:53:02.664+0000] {processor.py:161} INFO - Started process (PID=316) to work on /opt/airflow/dags/train_and_deploy_dag.py
[2024-05-25T06:53:02.665+0000] {processor.py:830} INFO - Processing file /opt/airflow/dags/train_and_deploy_dag.py for tasks to queue
[2024-05-25T06:53:02.667+0000] {logging_mixin.py:188} INFO - [2024-05-25T06:53:02.666+0000] {dagbag.py:545} INFO - Filling up the DagBag from /opt/airflow/dags/train_and_deploy_dag.py
[2024-05-25T06:53:02.719+0000] {processor.py:840} INFO - DAG(s) 'train_and_deploy_model' retrieved from /opt/airflow/dags/train_and_deploy_dag.py
[2024-05-25T06:53:02.765+0000] {logging_mixin.py:188} INFO - [2024-05-25T06:53:02.765+0000] {dag.py:3096} INFO - Sync 1 DAGs
[2024-05-25T06:53:02.770+0000] {logging_mixin.py:188} INFO - [2024-05-25T06:53:02.769+0000] {dag.py:3954} INFO - Setting next_dagrun for train_and_deploy_model to None, run_after=None
[2024-05-25T06:53:02.778+0000] {processor.py:183} INFO - Processing /opt/airflow/dags/train_and_deploy_dag.py took 0.118 seconds
[2024-05-25T06:53:33.106+0000] {processor.py:161} INFO - Started process (PID=324) to work on /opt/airflow/dags/train_and_deploy_dag.py
[2024-05-25T06:53:33.107+0000] {processor.py:830} INFO - Processing file /opt/airflow/dags/train_and_deploy_dag.py for tasks to queue
[2024-05-25T06:53:33.109+0000] {logging_mixin.py:188} INFO - [2024-05-25T06:53:33.108+0000] {dagbag.py:545} INFO - Filling up the DagBag from /opt/airflow/dags/train_and_deploy_dag.py
[2024-05-25T06:53:33.158+0000] {processor.py:840} INFO - DAG(s) 'train_and_deploy_model' retrieved from /opt/airflow/dags/train_and_deploy_dag.py
[2024-05-25T06:53:33.203+0000] {logging_mixin.py:188} INFO - [2024-05-25T06:53:33.203+0000] {dag.py:3096} INFO - Sync 1 DAGs
[2024-05-25T06:53:33.208+0000] {logging_mixin.py:188} INFO - [2024-05-25T06:53:33.207+0000] {dag.py:3954} INFO - Setting next_dagrun for train_and_deploy_model to None, run_after=None
[2024-05-25T06:53:33.215+0000] {processor.py:183} INFO - Processing /opt/airflow/dags/train_and_deploy_dag.py took 0.115 seconds
[2024-05-25T06:54:03.537+0000] {processor.py:161} INFO - Started process (PID=332) to work on /opt/airflow/dags/train_and_deploy_dag.py
[2024-05-25T06:54:03.538+0000] {processor.py:830} INFO - Processing file /opt/airflow/dags/train_and_deploy_dag.py for tasks to queue
[2024-05-25T06:54:03.541+0000] {logging_mixin.py:188} INFO - [2024-05-25T06:54:03.540+0000] {dagbag.py:545} INFO - Filling up the DagBag from /opt/airflow/dags/train_and_deploy_dag.py
[2024-05-25T06:54:03.582+0000] {processor.py:840} INFO - DAG(s) 'train_and_deploy_model' retrieved from /opt/airflow/dags/train_and_deploy_dag.py
[2024-05-25T06:54:03.625+0000] {logging_mixin.py:188} INFO - [2024-05-25T06:54:03.625+0000] {dag.py:3096} INFO - Sync 1 DAGs
[2024-05-25T06:54:03.630+0000] {logging_mixin.py:188} INFO - [2024-05-25T06:54:03.630+0000] {dag.py:3954} INFO - Setting next_dagrun for train_and_deploy_model to None, run_after=None
[2024-05-25T06:54:03.638+0000] {processor.py:183} INFO - Processing /opt/airflow/dags/train_and_deploy_dag.py took 0.109 seconds
[2024-05-25T06:54:33.958+0000] {processor.py:161} INFO - Started process (PID=340) to work on /opt/airflow/dags/train_and_deploy_dag.py
[2024-05-25T06:54:33.959+0000] {processor.py:830} INFO - Processing file /opt/airflow/dags/train_and_deploy_dag.py for tasks to queue
[2024-05-25T06:54:33.960+0000] {logging_mixin.py:188} INFO - [2024-05-25T06:54:33.960+0000] {dagbag.py:545} INFO - Filling up the DagBag from /opt/airflow/dags/train_and_deploy_dag.py
[2024-05-25T06:54:34.013+0000] {processor.py:840} INFO - DAG(s) 'train_and_deploy_model' retrieved from /opt/airflow/dags/train_and_deploy_dag.py
[2024-05-25T06:54:34.060+0000] {logging_mixin.py:188} INFO - [2024-05-25T06:54:34.060+0000] {dag.py:3096} INFO - Sync 1 DAGs
[2024-05-25T06:54:34.064+0000] {logging_mixin.py:188} INFO - [2024-05-25T06:54:34.064+0000] {dag.py:3954} INFO - Setting next_dagrun for train_and_deploy_model to None, run_after=None
[2024-05-25T06:54:34.072+0000] {processor.py:183} INFO - Processing /opt/airflow/dags/train_and_deploy_dag.py took 0.120 seconds
[2024-05-25T06:55:04.369+0000] {processor.py:161} INFO - Started process (PID=348) to work on /opt/airflow/dags/train_and_deploy_dag.py
[2024-05-25T06:55:04.370+0000] {processor.py:830} INFO - Processing file /opt/airflow/dags/train_and_deploy_dag.py for tasks to queue
[2024-05-25T06:55:04.372+0000] {logging_mixin.py:188} INFO - [2024-05-25T06:55:04.372+0000] {dagbag.py:545} INFO - Filling up the DagBag from /opt/airflow/dags/train_and_deploy_dag.py
[2024-05-25T06:55:04.422+0000] {processor.py:840} INFO - DAG(s) 'train_and_deploy_model' retrieved from /opt/airflow/dags/train_and_deploy_dag.py
[2024-05-25T06:55:04.472+0000] {logging_mixin.py:188} INFO - [2024-05-25T06:55:04.471+0000] {dag.py:3096} INFO - Sync 1 DAGs
[2024-05-25T06:55:04.476+0000] {logging_mixin.py:188} INFO - [2024-05-25T06:55:04.476+0000] {dag.py:3954} INFO - Setting next_dagrun for train_and_deploy_model to None, run_after=None
[2024-05-25T06:55:04.483+0000] {processor.py:183} INFO - Processing /opt/airflow/dags/train_and_deploy_dag.py took 0.120 seconds
[2024-05-25T06:55:34.775+0000] {processor.py:161} INFO - Started process (PID=356) to work on /opt/airflow/dags/train_and_deploy_dag.py
[2024-05-25T06:55:34.775+0000] {processor.py:830} INFO - Processing file /opt/airflow/dags/train_and_deploy_dag.py for tasks to queue
[2024-05-25T06:55:34.778+0000] {logging_mixin.py:188} INFO - [2024-05-25T06:55:34.777+0000] {dagbag.py:545} INFO - Filling up the DagBag from /opt/airflow/dags/train_and_deploy_dag.py
[2024-05-25T06:55:34.823+0000] {processor.py:840} INFO - DAG(s) 'train_and_deploy_model' retrieved from /opt/airflow/dags/train_and_deploy_dag.py
[2024-05-25T06:55:34.871+0000] {logging_mixin.py:188} INFO - [2024-05-25T06:55:34.871+0000] {dag.py:3096} INFO - Sync 1 DAGs
[2024-05-25T06:55:34.875+0000] {logging_mixin.py:188} INFO - [2024-05-25T06:55:34.875+0000] {dag.py:3954} INFO - Setting next_dagrun for train_and_deploy_model to None, run_after=None
[2024-05-25T06:55:34.884+0000] {processor.py:183} INFO - Processing /opt/airflow/dags/train_and_deploy_dag.py took 0.115 seconds
[2024-05-25T06:56:05.159+0000] {processor.py:161} INFO - Started process (PID=364) to work on /opt/airflow/dags/train_and_deploy_dag.py
[2024-05-25T06:56:05.159+0000] {processor.py:830} INFO - Processing file /opt/airflow/dags/train_and_deploy_dag.py for tasks to queue
[2024-05-25T06:56:05.161+0000] {logging_mixin.py:188} INFO - [2024-05-25T06:56:05.160+0000] {dagbag.py:545} INFO - Filling up the DagBag from /opt/airflow/dags/train_and_deploy_dag.py
[2024-05-25T06:56:05.194+0000] {processor.py:840} INFO - DAG(s) 'train_and_deploy_model' retrieved from /opt/airflow/dags/train_and_deploy_dag.py
[2024-05-25T06:56:05.243+0000] {logging_mixin.py:188} INFO - [2024-05-25T06:56:05.243+0000] {dag.py:3096} INFO - Sync 1 DAGs
[2024-05-25T06:56:05.248+0000] {logging_mixin.py:188} INFO - [2024-05-25T06:56:05.248+0000] {dag.py:3954} INFO - Setting next_dagrun for train_and_deploy_model to None, run_after=None
[2024-05-25T06:56:05.259+0000] {processor.py:183} INFO - Processing /opt/airflow/dags/train_and_deploy_dag.py took 0.103 seconds
[2024-05-25T06:56:35.615+0000] {processor.py:161} INFO - Started process (PID=372) to work on /opt/airflow/dags/train_and_deploy_dag.py
[2024-05-25T06:56:35.616+0000] {processor.py:830} INFO - Processing file /opt/airflow/dags/train_and_deploy_dag.py for tasks to queue
[2024-05-25T06:56:35.617+0000] {logging_mixin.py:188} INFO - [2024-05-25T06:56:35.617+0000] {dagbag.py:545} INFO - Filling up the DagBag from /opt/airflow/dags/train_and_deploy_dag.py
[2024-05-25T06:56:35.650+0000] {processor.py:840} INFO - DAG(s) 'train_and_deploy_model' retrieved from /opt/airflow/dags/train_and_deploy_dag.py
[2024-05-25T06:56:35.692+0000] {logging_mixin.py:188} INFO - [2024-05-25T06:56:35.692+0000] {dag.py:3096} INFO - Sync 1 DAGs
[2024-05-25T06:56:35.697+0000] {logging_mixin.py:188} INFO - [2024-05-25T06:56:35.696+0000] {dag.py:3954} INFO - Setting next_dagrun for train_and_deploy_model to None, run_after=None
[2024-05-25T06:56:35.704+0000] {processor.py:183} INFO - Processing /opt/airflow/dags/train_and_deploy_dag.py took 0.092 seconds
[2024-05-25T06:57:05.983+0000] {processor.py:161} INFO - Started process (PID=380) to work on /opt/airflow/dags/train_and_deploy_dag.py
[2024-05-25T06:57:05.984+0000] {processor.py:830} INFO - Processing file /opt/airflow/dags/train_and_deploy_dag.py for tasks to queue
[2024-05-25T06:57:05.985+0000] {logging_mixin.py:188} INFO - [2024-05-25T06:57:05.985+0000] {dagbag.py:545} INFO - Filling up the DagBag from /opt/airflow/dags/train_and_deploy_dag.py
[2024-05-25T06:57:06.023+0000] {processor.py:840} INFO - DAG(s) 'train_and_deploy_model' retrieved from /opt/airflow/dags/train_and_deploy_dag.py
[2024-05-25T06:57:06.066+0000] {logging_mixin.py:188} INFO - [2024-05-25T06:57:06.066+0000] {dag.py:3096} INFO - Sync 1 DAGs
[2024-05-25T06:57:06.071+0000] {logging_mixin.py:188} INFO - [2024-05-25T06:57:06.071+0000] {dag.py:3954} INFO - Setting next_dagrun for train_and_deploy_model to None, run_after=None
[2024-05-25T06:57:06.079+0000] {processor.py:183} INFO - Processing /opt/airflow/dags/train_and_deploy_dag.py took 0.100 seconds
[2024-05-25T06:57:36.419+0000] {processor.py:161} INFO - Started process (PID=388) to work on /opt/airflow/dags/train_and_deploy_dag.py
[2024-05-25T06:57:36.421+0000] {processor.py:830} INFO - Processing file /opt/airflow/dags/train_and_deploy_dag.py for tasks to queue
[2024-05-25T06:57:36.422+0000] {logging_mixin.py:188} INFO - [2024-05-25T06:57:36.422+0000] {dagbag.py:545} INFO - Filling up the DagBag from /opt/airflow/dags/train_and_deploy_dag.py
[2024-05-25T06:57:36.475+0000] {processor.py:840} INFO - DAG(s) 'train_and_deploy_model' retrieved from /opt/airflow/dags/train_and_deploy_dag.py
[2024-05-25T06:57:36.520+0000] {logging_mixin.py:188} INFO - [2024-05-25T06:57:36.520+0000] {dag.py:3096} INFO - Sync 1 DAGs
[2024-05-25T06:57:36.524+0000] {logging_mixin.py:188} INFO - [2024-05-25T06:57:36.524+0000] {dag.py:3954} INFO - Setting next_dagrun for train_and_deploy_model to None, run_after=None
[2024-05-25T06:57:36.532+0000] {processor.py:183} INFO - Processing /opt/airflow/dags/train_and_deploy_dag.py took 0.117 seconds
[2024-05-25T06:58:06.841+0000] {processor.py:161} INFO - Started process (PID=397) to work on /opt/airflow/dags/train_and_deploy_dag.py
[2024-05-25T06:58:06.842+0000] {processor.py:830} INFO - Processing file /opt/airflow/dags/train_and_deploy_dag.py for tasks to queue
[2024-05-25T06:58:06.843+0000] {logging_mixin.py:188} INFO - [2024-05-25T06:58:06.842+0000] {dagbag.py:545} INFO - Filling up the DagBag from /opt/airflow/dags/train_and_deploy_dag.py
[2024-05-25T06:58:06.876+0000] {processor.py:840} INFO - DAG(s) 'train_and_deploy_model' retrieved from /opt/airflow/dags/train_and_deploy_dag.py
[2024-05-25T06:58:06.921+0000] {logging_mixin.py:188} INFO - [2024-05-25T06:58:06.920+0000] {dag.py:3096} INFO - Sync 1 DAGs
[2024-05-25T06:58:06.925+0000] {logging_mixin.py:188} INFO - [2024-05-25T06:58:06.925+0000] {dag.py:3954} INFO - Setting next_dagrun for train_and_deploy_model to None, run_after=None
[2024-05-25T06:58:06.933+0000] {processor.py:183} INFO - Processing /opt/airflow/dags/train_and_deploy_dag.py took 0.095 seconds
[2024-05-25T06:58:37.215+0000] {processor.py:161} INFO - Started process (PID=405) to work on /opt/airflow/dags/train_and_deploy_dag.py
[2024-05-25T06:58:37.216+0000] {processor.py:830} INFO - Processing file /opt/airflow/dags/train_and_deploy_dag.py for tasks to queue
[2024-05-25T06:58:37.217+0000] {logging_mixin.py:188} INFO - [2024-05-25T06:58:37.217+0000] {dagbag.py:545} INFO - Filling up the DagBag from /opt/airflow/dags/train_and_deploy_dag.py
[2024-05-25T06:58:37.252+0000] {processor.py:840} INFO - DAG(s) 'train_and_deploy_model' retrieved from /opt/airflow/dags/train_and_deploy_dag.py
[2024-05-25T06:58:37.296+0000] {logging_mixin.py:188} INFO - [2024-05-25T06:58:37.296+0000] {dag.py:3096} INFO - Sync 1 DAGs
[2024-05-25T06:58:37.301+0000] {logging_mixin.py:188} INFO - [2024-05-25T06:58:37.301+0000] {dag.py:3954} INFO - Setting next_dagrun for train_and_deploy_model to None, run_after=None
[2024-05-25T06:58:37.309+0000] {processor.py:183} INFO - Processing /opt/airflow/dags/train_and_deploy_dag.py took 0.096 seconds
[2024-05-25T06:59:07.643+0000] {processor.py:161} INFO - Started process (PID=413) to work on /opt/airflow/dags/train_and_deploy_dag.py
[2024-05-25T06:59:07.644+0000] {processor.py:830} INFO - Processing file /opt/airflow/dags/train_and_deploy_dag.py for tasks to queue
[2024-05-25T06:59:07.646+0000] {logging_mixin.py:188} INFO - [2024-05-25T06:59:07.646+0000] {dagbag.py:545} INFO - Filling up the DagBag from /opt/airflow/dags/train_and_deploy_dag.py
[2024-05-25T06:59:07.699+0000] {processor.py:840} INFO - DAG(s) 'train_and_deploy_model' retrieved from /opt/airflow/dags/train_and_deploy_dag.py
[2024-05-25T06:59:07.747+0000] {logging_mixin.py:188} INFO - [2024-05-25T06:59:07.747+0000] {dag.py:3096} INFO - Sync 1 DAGs
[2024-05-25T06:59:07.752+0000] {logging_mixin.py:188} INFO - [2024-05-25T06:59:07.752+0000] {dag.py:3954} INFO - Setting next_dagrun for train_and_deploy_model to None, run_after=None
[2024-05-25T06:59:07.760+0000] {processor.py:183} INFO - Processing /opt/airflow/dags/train_and_deploy_dag.py took 0.123 seconds
[2024-05-25T06:59:38.053+0000] {processor.py:161} INFO - Started process (PID=421) to work on /opt/airflow/dags/train_and_deploy_dag.py
[2024-05-25T06:59:38.054+0000] {processor.py:830} INFO - Processing file /opt/airflow/dags/train_and_deploy_dag.py for tasks to queue
[2024-05-25T06:59:38.056+0000] {logging_mixin.py:188} INFO - [2024-05-25T06:59:38.056+0000] {dagbag.py:545} INFO - Filling up the DagBag from /opt/airflow/dags/train_and_deploy_dag.py
[2024-05-25T06:59:38.095+0000] {processor.py:840} INFO - DAG(s) 'train_and_deploy_model' retrieved from /opt/airflow/dags/train_and_deploy_dag.py
[2024-05-25T06:59:38.138+0000] {logging_mixin.py:188} INFO - [2024-05-25T06:59:38.138+0000] {dag.py:3096} INFO - Sync 1 DAGs
[2024-05-25T06:59:38.143+0000] {logging_mixin.py:188} INFO - [2024-05-25T06:59:38.143+0000] {dag.py:3954} INFO - Setting next_dagrun for train_and_deploy_model to None, run_after=None
[2024-05-25T06:59:38.151+0000] {processor.py:183} INFO - Processing /opt/airflow/dags/train_and_deploy_dag.py took 0.107 seconds
[2024-05-25T07:00:08.444+0000] {processor.py:161} INFO - Started process (PID=429) to work on /opt/airflow/dags/train_and_deploy_dag.py
[2024-05-25T07:00:08.445+0000] {processor.py:830} INFO - Processing file /opt/airflow/dags/train_and_deploy_dag.py for tasks to queue
[2024-05-25T07:00:08.448+0000] {logging_mixin.py:188} INFO - [2024-05-25T07:00:08.447+0000] {dagbag.py:545} INFO - Filling up the DagBag from /opt/airflow/dags/train_and_deploy_dag.py
[2024-05-25T07:00:08.495+0000] {processor.py:840} INFO - DAG(s) 'train_and_deploy_model' retrieved from /opt/airflow/dags/train_and_deploy_dag.py
[2024-05-25T07:00:08.538+0000] {logging_mixin.py:188} INFO - [2024-05-25T07:00:08.538+0000] {dag.py:3096} INFO - Sync 1 DAGs
[2024-05-25T07:00:08.543+0000] {logging_mixin.py:188} INFO - [2024-05-25T07:00:08.543+0000] {dag.py:3954} INFO - Setting next_dagrun for train_and_deploy_model to None, run_after=None
[2024-05-25T07:00:08.551+0000] {processor.py:183} INFO - Processing /opt/airflow/dags/train_and_deploy_dag.py took 0.113 seconds
[2024-05-25T07:00:38.880+0000] {processor.py:161} INFO - Started process (PID=437) to work on /opt/airflow/dags/train_and_deploy_dag.py
[2024-05-25T07:00:38.882+0000] {processor.py:830} INFO - Processing file /opt/airflow/dags/train_and_deploy_dag.py for tasks to queue
[2024-05-25T07:00:38.884+0000] {logging_mixin.py:188} INFO - [2024-05-25T07:00:38.883+0000] {dagbag.py:545} INFO - Filling up the DagBag from /opt/airflow/dags/train_and_deploy_dag.py
[2024-05-25T07:00:38.938+0000] {processor.py:840} INFO - DAG(s) 'train_and_deploy_model' retrieved from /opt/airflow/dags/train_and_deploy_dag.py
[2024-05-25T07:00:38.989+0000] {logging_mixin.py:188} INFO - [2024-05-25T07:00:38.989+0000] {dag.py:3096} INFO - Sync 1 DAGs
[2024-05-25T07:00:38.994+0000] {logging_mixin.py:188} INFO - [2024-05-25T07:00:38.994+0000] {dag.py:3954} INFO - Setting next_dagrun for train_and_deploy_model to None, run_after=None
[2024-05-25T07:00:39.002+0000] {processor.py:183} INFO - Processing /opt/airflow/dags/train_and_deploy_dag.py took 0.128 seconds
[2024-05-25T07:01:09.324+0000] {processor.py:161} INFO - Started process (PID=445) to work on /opt/airflow/dags/train_and_deploy_dag.py
[2024-05-25T07:01:09.325+0000] {processor.py:830} INFO - Processing file /opt/airflow/dags/train_and_deploy_dag.py for tasks to queue
[2024-05-25T07:01:09.327+0000] {logging_mixin.py:188} INFO - [2024-05-25T07:01:09.327+0000] {dagbag.py:545} INFO - Filling up the DagBag from /opt/airflow/dags/train_and_deploy_dag.py
[2024-05-25T07:01:09.375+0000] {processor.py:840} INFO - DAG(s) 'train_and_deploy_model' retrieved from /opt/airflow/dags/train_and_deploy_dag.py
[2024-05-25T07:01:09.418+0000] {logging_mixin.py:188} INFO - [2024-05-25T07:01:09.418+0000] {dag.py:3096} INFO - Sync 1 DAGs
[2024-05-25T07:01:09.422+0000] {logging_mixin.py:188} INFO - [2024-05-25T07:01:09.422+0000] {dag.py:3954} INFO - Setting next_dagrun for train_and_deploy_model to None, run_after=None
[2024-05-25T07:01:09.430+0000] {processor.py:183} INFO - Processing /opt/airflow/dags/train_and_deploy_dag.py took 0.114 seconds
[2024-05-25T07:01:39.793+0000] {processor.py:161} INFO - Started process (PID=453) to work on /opt/airflow/dags/train_and_deploy_dag.py
[2024-05-25T07:01:39.794+0000] {processor.py:830} INFO - Processing file /opt/airflow/dags/train_and_deploy_dag.py for tasks to queue
[2024-05-25T07:01:39.797+0000] {logging_mixin.py:188} INFO - [2024-05-25T07:01:39.796+0000] {dagbag.py:545} INFO - Filling up the DagBag from /opt/airflow/dags/train_and_deploy_dag.py
[2024-05-25T07:01:39.838+0000] {processor.py:840} INFO - DAG(s) 'train_and_deploy_model' retrieved from /opt/airflow/dags/train_and_deploy_dag.py
[2024-05-25T07:01:39.881+0000] {logging_mixin.py:188} INFO - [2024-05-25T07:01:39.881+0000] {dag.py:3096} INFO - Sync 1 DAGs
[2024-05-25T07:01:39.885+0000] {logging_mixin.py:188} INFO - [2024-05-25T07:01:39.885+0000] {dag.py:3954} INFO - Setting next_dagrun for train_and_deploy_model to None, run_after=None
[2024-05-25T07:01:39.892+0000] {processor.py:183} INFO - Processing /opt/airflow/dags/train_and_deploy_dag.py took 0.108 seconds
[2024-05-25T07:02:10.218+0000] {processor.py:161} INFO - Started process (PID=461) to work on /opt/airflow/dags/train_and_deploy_dag.py
[2024-05-25T07:02:10.219+0000] {processor.py:830} INFO - Processing file /opt/airflow/dags/train_and_deploy_dag.py for tasks to queue
[2024-05-25T07:02:10.221+0000] {logging_mixin.py:188} INFO - [2024-05-25T07:02:10.220+0000] {dagbag.py:545} INFO - Filling up the DagBag from /opt/airflow/dags/train_and_deploy_dag.py
[2024-05-25T07:02:10.272+0000] {processor.py:840} INFO - DAG(s) 'train_and_deploy_model' retrieved from /opt/airflow/dags/train_and_deploy_dag.py
[2024-05-25T07:02:10.316+0000] {logging_mixin.py:188} INFO - [2024-05-25T07:02:10.316+0000] {dag.py:3096} INFO - Sync 1 DAGs
[2024-05-25T07:02:10.320+0000] {logging_mixin.py:188} INFO - [2024-05-25T07:02:10.320+0000] {dag.py:3954} INFO - Setting next_dagrun for train_and_deploy_model to None, run_after=None
[2024-05-25T07:02:10.328+0000] {processor.py:183} INFO - Processing /opt/airflow/dags/train_and_deploy_dag.py took 0.117 seconds
[2024-05-25T07:02:40.711+0000] {processor.py:161} INFO - Started process (PID=469) to work on /opt/airflow/dags/train_and_deploy_dag.py
[2024-05-25T07:02:40.712+0000] {processor.py:830} INFO - Processing file /opt/airflow/dags/train_and_deploy_dag.py for tasks to queue
[2024-05-25T07:02:40.714+0000] {logging_mixin.py:188} INFO - [2024-05-25T07:02:40.714+0000] {dagbag.py:545} INFO - Filling up the DagBag from /opt/airflow/dags/train_and_deploy_dag.py
[2024-05-25T07:02:40.768+0000] {processor.py:840} INFO - DAG(s) 'train_and_deploy_model' retrieved from /opt/airflow/dags/train_and_deploy_dag.py
[2024-05-25T07:02:40.813+0000] {logging_mixin.py:188} INFO - [2024-05-25T07:02:40.813+0000] {dag.py:3096} INFO - Sync 1 DAGs
[2024-05-25T07:02:40.818+0000] {logging_mixin.py:188} INFO - [2024-05-25T07:02:40.818+0000] {dag.py:3954} INFO - Setting next_dagrun for train_and_deploy_model to None, run_after=None
[2024-05-25T07:02:40.826+0000] {processor.py:183} INFO - Processing /opt/airflow/dags/train_and_deploy_dag.py took 0.124 seconds
[2024-05-25T07:03:11.122+0000] {processor.py:161} INFO - Started process (PID=477) to work on /opt/airflow/dags/train_and_deploy_dag.py
[2024-05-25T07:03:11.123+0000] {processor.py:830} INFO - Processing file /opt/airflow/dags/train_and_deploy_dag.py for tasks to queue
[2024-05-25T07:03:11.124+0000] {logging_mixin.py:188} INFO - [2024-05-25T07:03:11.124+0000] {dagbag.py:545} INFO - Filling up the DagBag from /opt/airflow/dags/train_and_deploy_dag.py
[2024-05-25T07:03:11.165+0000] {processor.py:840} INFO - DAG(s) 'train_and_deploy_model' retrieved from /opt/airflow/dags/train_and_deploy_dag.py
[2024-05-25T07:03:11.210+0000] {logging_mixin.py:188} INFO - [2024-05-25T07:03:11.210+0000] {dag.py:3096} INFO - Sync 1 DAGs
[2024-05-25T07:03:11.215+0000] {logging_mixin.py:188} INFO - [2024-05-25T07:03:11.215+0000] {dag.py:3954} INFO - Setting next_dagrun for train_and_deploy_model to None, run_after=None
[2024-05-25T07:03:11.223+0000] {processor.py:183} INFO - Processing /opt/airflow/dags/train_and_deploy_dag.py took 0.107 seconds
[2024-05-25T07:03:41.551+0000] {processor.py:161} INFO - Started process (PID=485) to work on /opt/airflow/dags/train_and_deploy_dag.py
[2024-05-25T07:03:41.552+0000] {processor.py:830} INFO - Processing file /opt/airflow/dags/train_and_deploy_dag.py for tasks to queue
[2024-05-25T07:03:41.554+0000] {logging_mixin.py:188} INFO - [2024-05-25T07:03:41.554+0000] {dagbag.py:545} INFO - Filling up the DagBag from /opt/airflow/dags/train_and_deploy_dag.py
[2024-05-25T07:03:41.606+0000] {processor.py:840} INFO - DAG(s) 'train_and_deploy_model' retrieved from /opt/airflow/dags/train_and_deploy_dag.py
[2024-05-25T07:03:41.655+0000] {logging_mixin.py:188} INFO - [2024-05-25T07:03:41.654+0000] {dag.py:3096} INFO - Sync 1 DAGs
[2024-05-25T07:03:41.659+0000] {logging_mixin.py:188} INFO - [2024-05-25T07:03:41.659+0000] {dag.py:3954} INFO - Setting next_dagrun for train_and_deploy_model to None, run_after=None
[2024-05-25T07:03:41.668+0000] {processor.py:183} INFO - Processing /opt/airflow/dags/train_and_deploy_dag.py took 0.123 seconds
[2024-05-25T07:04:12.036+0000] {processor.py:161} INFO - Started process (PID=493) to work on /opt/airflow/dags/train_and_deploy_dag.py
[2024-05-25T07:04:12.037+0000] {processor.py:830} INFO - Processing file /opt/airflow/dags/train_and_deploy_dag.py for tasks to queue
[2024-05-25T07:04:12.039+0000] {logging_mixin.py:188} INFO - [2024-05-25T07:04:12.039+0000] {dagbag.py:545} INFO - Filling up the DagBag from /opt/airflow/dags/train_and_deploy_dag.py
[2024-05-25T07:04:12.087+0000] {processor.py:840} INFO - DAG(s) 'train_and_deploy_model' retrieved from /opt/airflow/dags/train_and_deploy_dag.py
[2024-05-25T07:04:12.131+0000] {logging_mixin.py:188} INFO - [2024-05-25T07:04:12.131+0000] {dag.py:3096} INFO - Sync 1 DAGs
[2024-05-25T07:04:12.136+0000] {logging_mixin.py:188} INFO - [2024-05-25T07:04:12.136+0000] {dag.py:3954} INFO - Setting next_dagrun for train_and_deploy_model to None, run_after=None
[2024-05-25T07:04:12.143+0000] {processor.py:183} INFO - Processing /opt/airflow/dags/train_and_deploy_dag.py took 0.115 seconds
[2024-05-25T07:04:42.502+0000] {processor.py:161} INFO - Started process (PID=501) to work on /opt/airflow/dags/train_and_deploy_dag.py
[2024-05-25T07:04:42.503+0000] {processor.py:830} INFO - Processing file /opt/airflow/dags/train_and_deploy_dag.py for tasks to queue
[2024-05-25T07:04:42.505+0000] {logging_mixin.py:188} INFO - [2024-05-25T07:04:42.504+0000] {dagbag.py:545} INFO - Filling up the DagBag from /opt/airflow/dags/train_and_deploy_dag.py
[2024-05-25T07:04:42.557+0000] {processor.py:840} INFO - DAG(s) 'train_and_deploy_model' retrieved from /opt/airflow/dags/train_and_deploy_dag.py
[2024-05-25T07:04:42.604+0000] {logging_mixin.py:188} INFO - [2024-05-25T07:04:42.604+0000] {dag.py:3096} INFO - Sync 1 DAGs
[2024-05-25T07:04:42.608+0000] {logging_mixin.py:188} INFO - [2024-05-25T07:04:42.608+0000] {dag.py:3954} INFO - Setting next_dagrun for train_and_deploy_model to None, run_after=None
[2024-05-25T07:04:42.617+0000] {processor.py:183} INFO - Processing /opt/airflow/dags/train_and_deploy_dag.py took 0.122 seconds
[2024-05-25T07:05:13.065+0000] {processor.py:161} INFO - Started process (PID=509) to work on /opt/airflow/dags/train_and_deploy_dag.py
[2024-05-25T07:05:13.067+0000] {processor.py:830} INFO - Processing file /opt/airflow/dags/train_and_deploy_dag.py for tasks to queue
[2024-05-25T07:05:13.069+0000] {logging_mixin.py:188} INFO - [2024-05-25T07:05:13.068+0000] {dagbag.py:545} INFO - Filling up the DagBag from /opt/airflow/dags/train_and_deploy_dag.py
[2024-05-25T07:05:13.124+0000] {processor.py:840} INFO - DAG(s) 'train_and_deploy_model' retrieved from /opt/airflow/dags/train_and_deploy_dag.py
[2024-05-25T07:05:13.171+0000] {logging_mixin.py:188} INFO - [2024-05-25T07:05:13.171+0000] {dag.py:3096} INFO - Sync 1 DAGs
[2024-05-25T07:05:13.176+0000] {logging_mixin.py:188} INFO - [2024-05-25T07:05:13.176+0000] {dag.py:3954} INFO - Setting next_dagrun for train_and_deploy_model to None, run_after=None
[2024-05-25T07:05:13.184+0000] {processor.py:183} INFO - Processing /opt/airflow/dags/train_and_deploy_dag.py took 0.126 seconds
[2024-05-25T07:05:43.477+0000] {processor.py:161} INFO - Started process (PID=517) to work on /opt/airflow/dags/train_and_deploy_dag.py
[2024-05-25T07:05:43.478+0000] {processor.py:830} INFO - Processing file /opt/airflow/dags/train_and_deploy_dag.py for tasks to queue
[2024-05-25T07:05:43.480+0000] {logging_mixin.py:188} INFO - [2024-05-25T07:05:43.480+0000] {dagbag.py:545} INFO - Filling up the DagBag from /opt/airflow/dags/train_and_deploy_dag.py
[2024-05-25T07:05:43.534+0000] {processor.py:840} INFO - DAG(s) 'train_and_deploy_model' retrieved from /opt/airflow/dags/train_and_deploy_dag.py
[2024-05-25T07:05:43.582+0000] {logging_mixin.py:188} INFO - [2024-05-25T07:05:43.582+0000] {dag.py:3096} INFO - Sync 1 DAGs
[2024-05-25T07:05:43.586+0000] {logging_mixin.py:188} INFO - [2024-05-25T07:05:43.586+0000] {dag.py:3954} INFO - Setting next_dagrun for train_and_deploy_model to None, run_after=None
[2024-05-25T07:05:43.596+0000] {processor.py:183} INFO - Processing /opt/airflow/dags/train_and_deploy_dag.py took 0.125 seconds
[2024-05-25T07:06:13.940+0000] {processor.py:161} INFO - Started process (PID=525) to work on /opt/airflow/dags/train_and_deploy_dag.py
[2024-05-25T07:06:13.941+0000] {processor.py:830} INFO - Processing file /opt/airflow/dags/train_and_deploy_dag.py for tasks to queue
[2024-05-25T07:06:13.944+0000] {logging_mixin.py:188} INFO - [2024-05-25T07:06:13.944+0000] {dagbag.py:545} INFO - Filling up the DagBag from /opt/airflow/dags/train_and_deploy_dag.py
[2024-05-25T07:06:13.995+0000] {processor.py:840} INFO - DAG(s) 'train_and_deploy_model' retrieved from /opt/airflow/dags/train_and_deploy_dag.py
[2024-05-25T07:06:14.039+0000] {logging_mixin.py:188} INFO - [2024-05-25T07:06:14.039+0000] {dag.py:3096} INFO - Sync 1 DAGs
[2024-05-25T07:06:14.044+0000] {logging_mixin.py:188} INFO - [2024-05-25T07:06:14.044+0000] {dag.py:3954} INFO - Setting next_dagrun for train_and_deploy_model to None, run_after=None
[2024-05-25T07:06:14.051+0000] {processor.py:183} INFO - Processing /opt/airflow/dags/train_and_deploy_dag.py took 0.120 seconds
[2024-05-25T07:06:44.368+0000] {processor.py:161} INFO - Started process (PID=533) to work on /opt/airflow/dags/train_and_deploy_dag.py
[2024-05-25T07:06:44.369+0000] {processor.py:830} INFO - Processing file /opt/airflow/dags/train_and_deploy_dag.py for tasks to queue
[2024-05-25T07:06:44.370+0000] {logging_mixin.py:188} INFO - [2024-05-25T07:06:44.370+0000] {dagbag.py:545} INFO - Filling up the DagBag from /opt/airflow/dags/train_and_deploy_dag.py
[2024-05-25T07:06:44.417+0000] {processor.py:840} INFO - DAG(s) 'train_and_deploy_model' retrieved from /opt/airflow/dags/train_and_deploy_dag.py
[2024-05-25T07:06:44.463+0000] {logging_mixin.py:188} INFO - [2024-05-25T07:06:44.463+0000] {dag.py:3096} INFO - Sync 1 DAGs
[2024-05-25T07:06:44.467+0000] {logging_mixin.py:188} INFO - [2024-05-25T07:06:44.467+0000] {dag.py:3954} INFO - Setting next_dagrun for train_and_deploy_model to None, run_after=None
[2024-05-25T07:06:44.475+0000] {processor.py:183} INFO - Processing /opt/airflow/dags/train_and_deploy_dag.py took 0.111 seconds
[2024-05-25T07:07:14.833+0000] {processor.py:161} INFO - Started process (PID=541) to work on /opt/airflow/dags/train_and_deploy_dag.py
[2024-05-25T07:07:14.834+0000] {processor.py:830} INFO - Processing file /opt/airflow/dags/train_and_deploy_dag.py for tasks to queue
[2024-05-25T07:07:14.835+0000] {logging_mixin.py:188} INFO - [2024-05-25T07:07:14.835+0000] {dagbag.py:545} INFO - Filling up the DagBag from /opt/airflow/dags/train_and_deploy_dag.py
[2024-05-25T07:07:14.887+0000] {processor.py:840} INFO - DAG(s) 'train_and_deploy_model' retrieved from /opt/airflow/dags/train_and_deploy_dag.py
[2024-05-25T07:07:14.935+0000] {logging_mixin.py:188} INFO - [2024-05-25T07:07:14.935+0000] {dag.py:3096} INFO - Sync 1 DAGs
[2024-05-25T07:07:14.939+0000] {logging_mixin.py:188} INFO - [2024-05-25T07:07:14.939+0000] {dag.py:3954} INFO - Setting next_dagrun for train_and_deploy_model to None, run_after=None
[2024-05-25T07:07:14.947+0000] {processor.py:183} INFO - Processing /opt/airflow/dags/train_and_deploy_dag.py took 0.121 seconds
[2024-05-25T07:07:45.251+0000] {processor.py:161} INFO - Started process (PID=549) to work on /opt/airflow/dags/train_and_deploy_dag.py
[2024-05-25T07:07:45.252+0000] {processor.py:830} INFO - Processing file /opt/airflow/dags/train_and_deploy_dag.py for tasks to queue
[2024-05-25T07:07:45.254+0000] {logging_mixin.py:188} INFO - [2024-05-25T07:07:45.253+0000] {dagbag.py:545} INFO - Filling up the DagBag from /opt/airflow/dags/train_and_deploy_dag.py
[2024-05-25T07:07:45.306+0000] {processor.py:840} INFO - DAG(s) 'train_and_deploy_model' retrieved from /opt/airflow/dags/train_and_deploy_dag.py
[2024-05-25T07:07:45.352+0000] {logging_mixin.py:188} INFO - [2024-05-25T07:07:45.352+0000] {dag.py:3096} INFO - Sync 1 DAGs
[2024-05-25T07:07:45.356+0000] {logging_mixin.py:188} INFO - [2024-05-25T07:07:45.356+0000] {dag.py:3954} INFO - Setting next_dagrun for train_and_deploy_model to None, run_after=None
[2024-05-25T07:07:45.365+0000] {processor.py:183} INFO - Processing /opt/airflow/dags/train_and_deploy_dag.py took 0.119 seconds
[2024-05-25T07:08:15.676+0000] {processor.py:161} INFO - Started process (PID=556) to work on /opt/airflow/dags/train_and_deploy_dag.py
[2024-05-25T07:08:15.677+0000] {processor.py:830} INFO - Processing file /opt/airflow/dags/train_and_deploy_dag.py for tasks to queue
[2024-05-25T07:08:15.679+0000] {logging_mixin.py:188} INFO - [2024-05-25T07:08:15.679+0000] {dagbag.py:545} INFO - Filling up the DagBag from /opt/airflow/dags/train_and_deploy_dag.py
[2024-05-25T07:08:15.727+0000] {processor.py:840} INFO - DAG(s) 'train_and_deploy_model' retrieved from /opt/airflow/dags/train_and_deploy_dag.py
[2024-05-25T07:08:15.774+0000] {logging_mixin.py:188} INFO - [2024-05-25T07:08:15.774+0000] {dag.py:3096} INFO - Sync 1 DAGs
[2024-05-25T07:08:15.778+0000] {logging_mixin.py:188} INFO - [2024-05-25T07:08:15.778+0000] {dag.py:3954} INFO - Setting next_dagrun for train_and_deploy_model to None, run_after=None
[2024-05-25T07:08:15.786+0000] {processor.py:183} INFO - Processing /opt/airflow/dags/train_and_deploy_dag.py took 0.117 seconds
[2024-05-25T07:08:46.080+0000] {processor.py:161} INFO - Started process (PID=564) to work on /opt/airflow/dags/train_and_deploy_dag.py
[2024-05-25T07:08:46.081+0000] {processor.py:830} INFO - Processing file /opt/airflow/dags/train_and_deploy_dag.py for tasks to queue
[2024-05-25T07:08:46.084+0000] {logging_mixin.py:188} INFO - [2024-05-25T07:08:46.084+0000] {dagbag.py:545} INFO - Filling up the DagBag from /opt/airflow/dags/train_and_deploy_dag.py
[2024-05-25T07:08:46.130+0000] {processor.py:840} INFO - DAG(s) 'train_and_deploy_model' retrieved from /opt/airflow/dags/train_and_deploy_dag.py
[2024-05-25T07:08:46.171+0000] {logging_mixin.py:188} INFO - [2024-05-25T07:08:46.171+0000] {dag.py:3096} INFO - Sync 1 DAGs
[2024-05-25T07:08:46.175+0000] {logging_mixin.py:188} INFO - [2024-05-25T07:08:46.175+0000] {dag.py:3954} INFO - Setting next_dagrun for train_and_deploy_model to None, run_after=None
[2024-05-25T07:08:46.184+0000] {processor.py:183} INFO - Processing /opt/airflow/dags/train_and_deploy_dag.py took 0.112 seconds
