[2024-05-25T06:26:06.688+0000] {processor.py:161} INFO - Started process (PID=34) to work on /opt/airflow/dags/upload_from_github_to_s3_dag.py
[2024-05-25T06:26:06.689+0000] {processor.py:830} INFO - Processing file /opt/airflow/dags/upload_from_github_to_s3_dag.py for tasks to queue
[2024-05-25T06:26:06.690+0000] {logging_mixin.py:188} INFO - [2024-05-25T06:26:06.689+0000] {dagbag.py:545} INFO - Filling up the DagBag from /opt/airflow/dags/upload_from_github_to_s3_dag.py
[2024-05-25T06:26:06.857+0000] {processor.py:840} INFO - DAG(s) 'upload_from_github_to_s3' retrieved from /opt/airflow/dags/upload_from_github_to_s3_dag.py
[2024-05-25T06:26:06.981+0000] {logging_mixin.py:188} INFO - [2024-05-25T06:26:06.981+0000] {override.py:1829} INFO - Created Permission View: can read on DAG:upload_from_github_to_s3
[2024-05-25T06:26:06.988+0000] {logging_mixin.py:188} INFO - [2024-05-25T06:26:06.988+0000] {override.py:1829} INFO - Created Permission View: can delete on DAG:upload_from_github_to_s3
[2024-05-25T06:26:06.994+0000] {logging_mixin.py:188} INFO - [2024-05-25T06:26:06.994+0000] {override.py:1829} INFO - Created Permission View: can edit on DAG:upload_from_github_to_s3
[2024-05-25T06:26:06.994+0000] {logging_mixin.py:188} INFO - [2024-05-25T06:26:06.994+0000] {dag.py:3096} INFO - Sync 1 DAGs
[2024-05-25T06:26:06.998+0000] {logging_mixin.py:188} INFO - [2024-05-25T06:26:06.998+0000] {dag.py:3118} INFO - Creating ORM DAG for upload_from_github_to_s3
[2024-05-25T06:26:07.009+0000] {logging_mixin.py:188} INFO - [2024-05-25T06:26:07.008+0000] {dag.py:3954} INFO - Setting next_dagrun for upload_from_github_to_s3 to 2024-05-25 06:26:06.850489+00:00, run_after=2024-05-26 06:26:06.850489+00:00
[2024-05-25T06:26:07.031+0000] {processor.py:183} INFO - Processing /opt/airflow/dags/upload_from_github_to_s3_dag.py took 0.348 seconds
[2024-05-25T06:26:37.289+0000] {processor.py:161} INFO - Started process (PID=42) to work on /opt/airflow/dags/upload_from_github_to_s3_dag.py
[2024-05-25T06:26:37.290+0000] {processor.py:830} INFO - Processing file /opt/airflow/dags/upload_from_github_to_s3_dag.py for tasks to queue
[2024-05-25T06:26:37.293+0000] {logging_mixin.py:188} INFO - [2024-05-25T06:26:37.293+0000] {dagbag.py:545} INFO - Filling up the DagBag from /opt/airflow/dags/upload_from_github_to_s3_dag.py
[2024-05-25T06:26:37.343+0000] {processor.py:840} INFO - DAG(s) 'upload_from_github_to_s3' retrieved from /opt/airflow/dags/upload_from_github_to_s3_dag.py
[2024-05-25T06:26:37.385+0000] {logging_mixin.py:188} INFO - [2024-05-25T06:26:37.385+0000] {dag.py:3096} INFO - Sync 1 DAGs
[2024-05-25T06:26:37.392+0000] {logging_mixin.py:188} INFO - [2024-05-25T06:26:37.392+0000] {dag.py:3954} INFO - Setting next_dagrun for upload_from_github_to_s3 to 2024-05-25 06:26:37.340700+00:00, run_after=2024-05-26 06:26:37.340700+00:00
[2024-05-25T06:26:37.398+0000] {processor.py:183} INFO - Processing /opt/airflow/dags/upload_from_github_to_s3_dag.py took 0.118 seconds
[2024-05-25T06:27:07.658+0000] {processor.py:161} INFO - Started process (PID=50) to work on /opt/airflow/dags/upload_from_github_to_s3_dag.py
[2024-05-25T06:27:07.659+0000] {processor.py:830} INFO - Processing file /opt/airflow/dags/upload_from_github_to_s3_dag.py for tasks to queue
[2024-05-25T06:27:07.661+0000] {logging_mixin.py:188} INFO - [2024-05-25T06:27:07.661+0000] {dagbag.py:545} INFO - Filling up the DagBag from /opt/airflow/dags/upload_from_github_to_s3_dag.py
[2024-05-25T06:27:07.707+0000] {processor.py:840} INFO - DAG(s) 'upload_from_github_to_s3' retrieved from /opt/airflow/dags/upload_from_github_to_s3_dag.py
[2024-05-25T06:27:07.747+0000] {logging_mixin.py:188} INFO - [2024-05-25T06:27:07.747+0000] {dag.py:3096} INFO - Sync 1 DAGs
[2024-05-25T06:27:07.754+0000] {logging_mixin.py:188} INFO - [2024-05-25T06:27:07.754+0000] {dag.py:3954} INFO - Setting next_dagrun for upload_from_github_to_s3 to 2024-05-25 06:27:07.704841+00:00, run_after=2024-05-26 06:27:07.704841+00:00
[2024-05-25T06:27:07.761+0000] {processor.py:183} INFO - Processing /opt/airflow/dags/upload_from_github_to_s3_dag.py took 0.109 seconds
[2024-05-25T06:27:38.044+0000] {processor.py:161} INFO - Started process (PID=58) to work on /opt/airflow/dags/upload_from_github_to_s3_dag.py
[2024-05-25T06:27:38.044+0000] {processor.py:830} INFO - Processing file /opt/airflow/dags/upload_from_github_to_s3_dag.py for tasks to queue
[2024-05-25T06:27:38.045+0000] {logging_mixin.py:188} INFO - [2024-05-25T06:27:38.045+0000] {dagbag.py:545} INFO - Filling up the DagBag from /opt/airflow/dags/upload_from_github_to_s3_dag.py
[2024-05-25T06:27:38.080+0000] {processor.py:840} INFO - DAG(s) 'upload_from_github_to_s3' retrieved from /opt/airflow/dags/upload_from_github_to_s3_dag.py
[2024-05-25T06:27:38.123+0000] {logging_mixin.py:188} INFO - [2024-05-25T06:27:38.123+0000] {dag.py:3096} INFO - Sync 1 DAGs
[2024-05-25T06:27:38.130+0000] {logging_mixin.py:188} INFO - [2024-05-25T06:27:38.130+0000] {dag.py:3954} INFO - Setting next_dagrun for upload_from_github_to_s3 to 2024-05-25 06:27:38.077913+00:00, run_after=2024-05-26 06:27:38.077913+00:00
[2024-05-25T06:27:38.137+0000] {processor.py:183} INFO - Processing /opt/airflow/dags/upload_from_github_to_s3_dag.py took 0.097 seconds
[2024-05-25T06:28:08.370+0000] {processor.py:161} INFO - Started process (PID=66) to work on /opt/airflow/dags/upload_from_github_to_s3_dag.py
[2024-05-25T06:28:08.370+0000] {processor.py:830} INFO - Processing file /opt/airflow/dags/upload_from_github_to_s3_dag.py for tasks to queue
[2024-05-25T06:28:08.371+0000] {logging_mixin.py:188} INFO - [2024-05-25T06:28:08.371+0000] {dagbag.py:545} INFO - Filling up the DagBag from /opt/airflow/dags/upload_from_github_to_s3_dag.py
[2024-05-25T06:28:08.407+0000] {processor.py:840} INFO - DAG(s) 'upload_from_github_to_s3' retrieved from /opt/airflow/dags/upload_from_github_to_s3_dag.py
[2024-05-25T06:28:08.451+0000] {logging_mixin.py:188} INFO - [2024-05-25T06:28:08.451+0000] {dag.py:3096} INFO - Sync 1 DAGs
[2024-05-25T06:28:08.459+0000] {logging_mixin.py:188} INFO - [2024-05-25T06:28:08.459+0000] {dag.py:3954} INFO - Setting next_dagrun for upload_from_github_to_s3 to 2024-05-25 06:28:08.404950+00:00, run_after=2024-05-26 06:28:08.404950+00:00
[2024-05-25T06:28:08.466+0000] {processor.py:183} INFO - Processing /opt/airflow/dags/upload_from_github_to_s3_dag.py took 0.100 seconds
[2024-05-25T06:30:45.592+0000] {processor.py:161} INFO - Started process (PID=34) to work on /opt/airflow/dags/upload_from_github_to_s3_dag.py
[2024-05-25T06:30:45.592+0000] {processor.py:830} INFO - Processing file /opt/airflow/dags/upload_from_github_to_s3_dag.py for tasks to queue
[2024-05-25T06:30:45.593+0000] {logging_mixin.py:188} INFO - [2024-05-25T06:30:45.593+0000] {dagbag.py:545} INFO - Filling up the DagBag from /opt/airflow/dags/upload_from_github_to_s3_dag.py
[2024-05-25T06:30:45.753+0000] {processor.py:840} INFO - DAG(s) 'upload_from_github_to_s3' retrieved from /opt/airflow/dags/upload_from_github_to_s3_dag.py
[2024-05-25T06:30:45.891+0000] {logging_mixin.py:188} INFO - [2024-05-25T06:30:45.891+0000] {dag.py:3096} INFO - Sync 1 DAGs
[2024-05-25T06:30:45.899+0000] {logging_mixin.py:188} INFO - [2024-05-25T06:30:45.898+0000] {dag.py:3954} INFO - Setting next_dagrun for upload_from_github_to_s3 to 2024-05-25 06:30:45.747204+00:00, run_after=2024-05-26 06:30:45.747204+00:00
[2024-05-25T06:30:45.905+0000] {processor.py:183} INFO - Processing /opt/airflow/dags/upload_from_github_to_s3_dag.py took 0.316 seconds
[2024-05-25T06:31:16.122+0000] {processor.py:161} INFO - Started process (PID=42) to work on /opt/airflow/dags/upload_from_github_to_s3_dag.py
[2024-05-25T06:31:16.124+0000] {processor.py:830} INFO - Processing file /opt/airflow/dags/upload_from_github_to_s3_dag.py for tasks to queue
[2024-05-25T06:31:16.126+0000] {logging_mixin.py:188} INFO - [2024-05-25T06:31:16.126+0000] {dagbag.py:545} INFO - Filling up the DagBag from /opt/airflow/dags/upload_from_github_to_s3_dag.py
[2024-05-25T06:31:16.175+0000] {processor.py:840} INFO - DAG(s) 'upload_from_github_to_s3' retrieved from /opt/airflow/dags/upload_from_github_to_s3_dag.py
[2024-05-25T06:31:16.217+0000] {logging_mixin.py:188} INFO - [2024-05-25T06:31:16.217+0000] {dag.py:3096} INFO - Sync 1 DAGs
[2024-05-25T06:31:16.225+0000] {logging_mixin.py:188} INFO - [2024-05-25T06:31:16.224+0000] {dag.py:3954} INFO - Setting next_dagrun for upload_from_github_to_s3 to 2024-05-25 06:31:16.173008+00:00, run_after=2024-05-26 06:31:16.173008+00:00
[2024-05-25T06:31:16.231+0000] {processor.py:183} INFO - Processing /opt/airflow/dags/upload_from_github_to_s3_dag.py took 0.116 seconds
[2024-05-25T06:31:46.398+0000] {processor.py:161} INFO - Started process (PID=50) to work on /opt/airflow/dags/upload_from_github_to_s3_dag.py
[2024-05-25T06:31:46.400+0000] {processor.py:830} INFO - Processing file /opt/airflow/dags/upload_from_github_to_s3_dag.py for tasks to queue
[2024-05-25T06:31:46.402+0000] {logging_mixin.py:188} INFO - [2024-05-25T06:31:46.401+0000] {dagbag.py:545} INFO - Filling up the DagBag from /opt/airflow/dags/upload_from_github_to_s3_dag.py
[2024-05-25T06:31:46.452+0000] {processor.py:840} INFO - DAG(s) 'upload_from_github_to_s3' retrieved from /opt/airflow/dags/upload_from_github_to_s3_dag.py
[2024-05-25T06:31:46.492+0000] {logging_mixin.py:188} INFO - [2024-05-25T06:31:46.492+0000] {dag.py:3096} INFO - Sync 1 DAGs
[2024-05-25T06:31:46.499+0000] {logging_mixin.py:188} INFO - [2024-05-25T06:31:46.499+0000] {dag.py:3954} INFO - Setting next_dagrun for upload_from_github_to_s3 to 2024-05-25 06:31:46.449956+00:00, run_after=2024-05-26 06:31:46.449956+00:00
[2024-05-25T06:31:46.506+0000] {processor.py:183} INFO - Processing /opt/airflow/dags/upload_from_github_to_s3_dag.py took 0.114 seconds
[2024-05-25T06:32:38.380+0000] {processor.py:161} INFO - Started process (PID=35) to work on /opt/airflow/dags/upload_from_github_to_s3_dag.py
[2024-05-25T06:32:38.380+0000] {processor.py:830} INFO - Processing file /opt/airflow/dags/upload_from_github_to_s3_dag.py for tasks to queue
[2024-05-25T06:32:38.384+0000] {logging_mixin.py:188} INFO - [2024-05-25T06:32:38.384+0000] {dagbag.py:545} INFO - Filling up the DagBag from /opt/airflow/dags/upload_from_github_to_s3_dag.py
[2024-05-25T06:32:38.421+0000] {processor.py:840} INFO - DAG(s) 'upload_from_github_to_s3' retrieved from /opt/airflow/dags/upload_from_github_to_s3_dag.py
[2024-05-25T06:32:38.475+0000] {logging_mixin.py:188} INFO - [2024-05-25T06:32:38.475+0000] {dag.py:3096} INFO - Sync 1 DAGs
[2024-05-25T06:32:38.484+0000] {logging_mixin.py:188} INFO - [2024-05-25T06:32:38.484+0000] {dag.py:3954} INFO - Setting next_dagrun for upload_from_github_to_s3 to 2024-05-25 06:32:38.418997+00:00, run_after=2024-05-26 06:32:38.418997+00:00
[2024-05-25T06:32:38.492+0000] {processor.py:183} INFO - Processing /opt/airflow/dags/upload_from_github_to_s3_dag.py took 0.115 seconds
[2024-05-25T06:33:08.742+0000] {processor.py:161} INFO - Started process (PID=43) to work on /opt/airflow/dags/upload_from_github_to_s3_dag.py
[2024-05-25T06:33:08.743+0000] {processor.py:830} INFO - Processing file /opt/airflow/dags/upload_from_github_to_s3_dag.py for tasks to queue
[2024-05-25T06:33:08.744+0000] {logging_mixin.py:188} INFO - [2024-05-25T06:33:08.744+0000] {dagbag.py:545} INFO - Filling up the DagBag from /opt/airflow/dags/upload_from_github_to_s3_dag.py
[2024-05-25T06:33:08.788+0000] {processor.py:840} INFO - DAG(s) 'upload_from_github_to_s3' retrieved from /opt/airflow/dags/upload_from_github_to_s3_dag.py
[2024-05-25T06:33:08.830+0000] {logging_mixin.py:188} INFO - [2024-05-25T06:33:08.829+0000] {dag.py:3096} INFO - Sync 1 DAGs
[2024-05-25T06:33:08.837+0000] {logging_mixin.py:188} INFO - [2024-05-25T06:33:08.837+0000] {dag.py:3954} INFO - Setting next_dagrun for upload_from_github_to_s3 to 2024-05-25 06:33:08.786112+00:00, run_after=2024-05-26 06:33:08.786112+00:00
[2024-05-25T06:33:08.848+0000] {processor.py:183} INFO - Processing /opt/airflow/dags/upload_from_github_to_s3_dag.py took 0.112 seconds
[2024-05-25T06:33:38.981+0000] {processor.py:161} INFO - Started process (PID=51) to work on /opt/airflow/dags/upload_from_github_to_s3_dag.py
[2024-05-25T06:33:38.982+0000] {processor.py:830} INFO - Processing file /opt/airflow/dags/upload_from_github_to_s3_dag.py for tasks to queue
[2024-05-25T06:33:38.982+0000] {logging_mixin.py:188} INFO - [2024-05-25T06:33:38.982+0000] {dagbag.py:545} INFO - Filling up the DagBag from /opt/airflow/dags/upload_from_github_to_s3_dag.py
[2024-05-25T06:33:39.024+0000] {processor.py:840} INFO - DAG(s) 'upload_from_github_to_s3' retrieved from /opt/airflow/dags/upload_from_github_to_s3_dag.py
[2024-05-25T06:33:39.066+0000] {logging_mixin.py:188} INFO - [2024-05-25T06:33:39.066+0000] {dag.py:3096} INFO - Sync 1 DAGs
[2024-05-25T06:33:39.074+0000] {logging_mixin.py:188} INFO - [2024-05-25T06:33:39.074+0000] {dag.py:3954} INFO - Setting next_dagrun for upload_from_github_to_s3 to 2024-05-25 06:33:39.022288+00:00, run_after=2024-05-26 06:33:39.022288+00:00
[2024-05-25T06:33:39.081+0000] {processor.py:183} INFO - Processing /opt/airflow/dags/upload_from_github_to_s3_dag.py took 0.102 seconds
[2024-05-25T06:34:09.369+0000] {processor.py:161} INFO - Started process (PID=59) to work on /opt/airflow/dags/upload_from_github_to_s3_dag.py
[2024-05-25T06:34:09.369+0000] {processor.py:830} INFO - Processing file /opt/airflow/dags/upload_from_github_to_s3_dag.py for tasks to queue
[2024-05-25T06:34:09.370+0000] {logging_mixin.py:188} INFO - [2024-05-25T06:34:09.370+0000] {dagbag.py:545} INFO - Filling up the DagBag from /opt/airflow/dags/upload_from_github_to_s3_dag.py
[2024-05-25T06:34:09.414+0000] {processor.py:840} INFO - DAG(s) 'upload_from_github_to_s3' retrieved from /opt/airflow/dags/upload_from_github_to_s3_dag.py
[2024-05-25T06:34:09.457+0000] {logging_mixin.py:188} INFO - [2024-05-25T06:34:09.457+0000] {dag.py:3096} INFO - Sync 1 DAGs
[2024-05-25T06:34:09.464+0000] {logging_mixin.py:188} INFO - [2024-05-25T06:34:09.464+0000] {dag.py:3954} INFO - Setting next_dagrun for upload_from_github_to_s3 to 2024-05-25 06:34:09.411364+00:00, run_after=2024-05-26 06:34:09.411364+00:00
[2024-05-25T06:34:09.471+0000] {processor.py:183} INFO - Processing /opt/airflow/dags/upload_from_github_to_s3_dag.py took 0.106 seconds
[2024-05-25T06:34:48.415+0000] {processor.py:161} INFO - Started process (PID=36) to work on /opt/airflow/dags/upload_from_github_to_s3_dag.py
[2024-05-25T06:34:48.416+0000] {processor.py:830} INFO - Processing file /opt/airflow/dags/upload_from_github_to_s3_dag.py for tasks to queue
[2024-05-25T06:34:48.416+0000] {logging_mixin.py:188} INFO - [2024-05-25T06:34:48.416+0000] {dagbag.py:545} INFO - Filling up the DagBag from /opt/airflow/dags/upload_from_github_to_s3_dag.py
[2024-05-25T06:34:48.448+0000] {processor.py:840} INFO - DAG(s) 'upload_from_github_to_s3' retrieved from /opt/airflow/dags/upload_from_github_to_s3_dag.py
[2024-05-25T06:34:48.542+0000] {logging_mixin.py:188} INFO - [2024-05-25T06:34:48.542+0000] {dag.py:3096} INFO - Sync 1 DAGs
[2024-05-25T06:34:48.550+0000] {logging_mixin.py:188} INFO - [2024-05-25T06:34:48.550+0000] {dag.py:3954} INFO - Setting next_dagrun for upload_from_github_to_s3 to 2024-05-25 06:34:48.446097+00:00, run_after=2024-05-26 06:34:48.446097+00:00
[2024-05-25T06:34:48.557+0000] {processor.py:183} INFO - Processing /opt/airflow/dags/upload_from_github_to_s3_dag.py took 0.144 seconds
[2024-05-25T06:35:18.777+0000] {processor.py:161} INFO - Started process (PID=43) to work on /opt/airflow/dags/upload_from_github_to_s3_dag.py
[2024-05-25T06:35:18.780+0000] {processor.py:830} INFO - Processing file /opt/airflow/dags/upload_from_github_to_s3_dag.py for tasks to queue
[2024-05-25T06:35:18.781+0000] {logging_mixin.py:188} INFO - [2024-05-25T06:35:18.780+0000] {dagbag.py:545} INFO - Filling up the DagBag from /opt/airflow/dags/upload_from_github_to_s3_dag.py
[2024-05-25T06:35:18.811+0000] {processor.py:840} INFO - DAG(s) 'upload_from_github_to_s3' retrieved from /opt/airflow/dags/upload_from_github_to_s3_dag.py
[2024-05-25T06:35:18.849+0000] {logging_mixin.py:188} INFO - [2024-05-25T06:35:18.848+0000] {dag.py:3096} INFO - Sync 1 DAGs
[2024-05-25T06:35:18.858+0000] {logging_mixin.py:188} INFO - [2024-05-25T06:35:18.858+0000] {dag.py:3954} INFO - Setting next_dagrun for upload_from_github_to_s3 to 2024-05-25 06:35:18.808639+00:00, run_after=2024-05-26 06:35:18.808639+00:00
[2024-05-25T06:35:18.865+0000] {processor.py:183} INFO - Processing /opt/airflow/dags/upload_from_github_to_s3_dag.py took 0.090 seconds
[2024-05-25T06:35:49.147+0000] {processor.py:161} INFO - Started process (PID=51) to work on /opt/airflow/dags/upload_from_github_to_s3_dag.py
[2024-05-25T06:35:49.148+0000] {processor.py:830} INFO - Processing file /opt/airflow/dags/upload_from_github_to_s3_dag.py for tasks to queue
[2024-05-25T06:35:49.150+0000] {logging_mixin.py:188} INFO - [2024-05-25T06:35:49.149+0000] {dagbag.py:545} INFO - Filling up the DagBag from /opt/airflow/dags/upload_from_github_to_s3_dag.py
[2024-05-25T06:35:49.190+0000] {processor.py:840} INFO - DAG(s) 'upload_from_github_to_s3' retrieved from /opt/airflow/dags/upload_from_github_to_s3_dag.py
[2024-05-25T06:35:49.230+0000] {logging_mixin.py:188} INFO - [2024-05-25T06:35:49.230+0000] {dag.py:3096} INFO - Sync 1 DAGs
[2024-05-25T06:35:49.238+0000] {logging_mixin.py:188} INFO - [2024-05-25T06:35:49.238+0000] {dag.py:3954} INFO - Setting next_dagrun for upload_from_github_to_s3 to 2024-05-25 06:35:49.187715+00:00, run_after=2024-05-26 06:35:49.187715+00:00
[2024-05-25T06:35:49.244+0000] {processor.py:183} INFO - Processing /opt/airflow/dags/upload_from_github_to_s3_dag.py took 0.101 seconds
[2024-05-25T06:36:19.494+0000] {processor.py:161} INFO - Started process (PID=59) to work on /opt/airflow/dags/upload_from_github_to_s3_dag.py
[2024-05-25T06:36:19.495+0000] {processor.py:830} INFO - Processing file /opt/airflow/dags/upload_from_github_to_s3_dag.py for tasks to queue
[2024-05-25T06:36:19.496+0000] {logging_mixin.py:188} INFO - [2024-05-25T06:36:19.496+0000] {dagbag.py:545} INFO - Filling up the DagBag from /opt/airflow/dags/upload_from_github_to_s3_dag.py
[2024-05-25T06:36:19.534+0000] {processor.py:840} INFO - DAG(s) 'upload_from_github_to_s3' retrieved from /opt/airflow/dags/upload_from_github_to_s3_dag.py
[2024-05-25T06:36:19.576+0000] {logging_mixin.py:188} INFO - [2024-05-25T06:36:19.576+0000] {dag.py:3096} INFO - Sync 1 DAGs
[2024-05-25T06:36:19.584+0000] {logging_mixin.py:188} INFO - [2024-05-25T06:36:19.584+0000] {dag.py:3954} INFO - Setting next_dagrun for upload_from_github_to_s3 to 2024-05-25 06:36:19.531839+00:00, run_after=2024-05-26 06:36:19.531839+00:00
[2024-05-25T06:36:19.591+0000] {processor.py:183} INFO - Processing /opt/airflow/dags/upload_from_github_to_s3_dag.py took 0.100 seconds
[2024-05-25T06:36:49.870+0000] {processor.py:161} INFO - Started process (PID=67) to work on /opt/airflow/dags/upload_from_github_to_s3_dag.py
[2024-05-25T06:36:49.871+0000] {processor.py:830} INFO - Processing file /opt/airflow/dags/upload_from_github_to_s3_dag.py for tasks to queue
[2024-05-25T06:36:49.872+0000] {logging_mixin.py:188} INFO - [2024-05-25T06:36:49.872+0000] {dagbag.py:545} INFO - Filling up the DagBag from /opt/airflow/dags/upload_from_github_to_s3_dag.py
[2024-05-25T06:36:49.914+0000] {processor.py:840} INFO - DAG(s) 'upload_from_github_to_s3' retrieved from /opt/airflow/dags/upload_from_github_to_s3_dag.py
[2024-05-25T06:36:49.956+0000] {logging_mixin.py:188} INFO - [2024-05-25T06:36:49.956+0000] {dag.py:3096} INFO - Sync 1 DAGs
[2024-05-25T06:36:49.963+0000] {logging_mixin.py:188} INFO - [2024-05-25T06:36:49.963+0000] {dag.py:3954} INFO - Setting next_dagrun for upload_from_github_to_s3 to 2024-05-25 06:36:49.911610+00:00, run_after=2024-05-26 06:36:49.911610+00:00
[2024-05-25T06:36:49.969+0000] {processor.py:183} INFO - Processing /opt/airflow/dags/upload_from_github_to_s3_dag.py took 0.104 seconds
[2024-05-25T06:37:20.151+0000] {processor.py:161} INFO - Started process (PID=75) to work on /opt/airflow/dags/upload_from_github_to_s3_dag.py
[2024-05-25T06:37:20.152+0000] {processor.py:830} INFO - Processing file /opt/airflow/dags/upload_from_github_to_s3_dag.py for tasks to queue
[2024-05-25T06:37:20.153+0000] {logging_mixin.py:188} INFO - [2024-05-25T06:37:20.153+0000] {dagbag.py:545} INFO - Filling up the DagBag from /opt/airflow/dags/upload_from_github_to_s3_dag.py
[2024-05-25T06:37:20.195+0000] {processor.py:840} INFO - DAG(s) 'upload_from_github_to_s3' retrieved from /opt/airflow/dags/upload_from_github_to_s3_dag.py
[2024-05-25T06:37:20.236+0000] {logging_mixin.py:188} INFO - [2024-05-25T06:37:20.236+0000] {dag.py:3096} INFO - Sync 1 DAGs
[2024-05-25T06:37:20.243+0000] {logging_mixin.py:188} INFO - [2024-05-25T06:37:20.243+0000] {dag.py:3954} INFO - Setting next_dagrun for upload_from_github_to_s3 to 2024-05-25 06:37:20.192582+00:00, run_after=2024-05-26 06:37:20.192582+00:00
[2024-05-25T06:37:20.249+0000] {processor.py:183} INFO - Processing /opt/airflow/dags/upload_from_github_to_s3_dag.py took 0.103 seconds
[2024-05-25T06:37:50.501+0000] {processor.py:161} INFO - Started process (PID=83) to work on /opt/airflow/dags/upload_from_github_to_s3_dag.py
[2024-05-25T06:37:50.502+0000] {processor.py:830} INFO - Processing file /opt/airflow/dags/upload_from_github_to_s3_dag.py for tasks to queue
[2024-05-25T06:37:50.503+0000] {logging_mixin.py:188} INFO - [2024-05-25T06:37:50.503+0000] {dagbag.py:545} INFO - Filling up the DagBag from /opt/airflow/dags/upload_from_github_to_s3_dag.py
[2024-05-25T06:37:50.538+0000] {processor.py:840} INFO - DAG(s) 'upload_from_github_to_s3' retrieved from /opt/airflow/dags/upload_from_github_to_s3_dag.py
[2024-05-25T06:37:50.578+0000] {logging_mixin.py:188} INFO - [2024-05-25T06:37:50.578+0000] {dag.py:3096} INFO - Sync 1 DAGs
[2024-05-25T06:37:50.585+0000] {logging_mixin.py:188} INFO - [2024-05-25T06:37:50.585+0000] {dag.py:3954} INFO - Setting next_dagrun for upload_from_github_to_s3 to 2024-05-25 06:37:50.536604+00:00, run_after=2024-05-26 06:37:50.536604+00:00
[2024-05-25T06:37:50.592+0000] {processor.py:183} INFO - Processing /opt/airflow/dags/upload_from_github_to_s3_dag.py took 0.094 seconds
[2024-05-25T06:38:20.867+0000] {processor.py:161} INFO - Started process (PID=91) to work on /opt/airflow/dags/upload_from_github_to_s3_dag.py
[2024-05-25T06:38:20.867+0000] {processor.py:830} INFO - Processing file /opt/airflow/dags/upload_from_github_to_s3_dag.py for tasks to queue
[2024-05-25T06:38:20.868+0000] {logging_mixin.py:188} INFO - [2024-05-25T06:38:20.868+0000] {dagbag.py:545} INFO - Filling up the DagBag from /opt/airflow/dags/upload_from_github_to_s3_dag.py
[2024-05-25T06:38:20.899+0000] {processor.py:840} INFO - DAG(s) 'upload_from_github_to_s3' retrieved from /opt/airflow/dags/upload_from_github_to_s3_dag.py
[2024-05-25T06:38:20.942+0000] {logging_mixin.py:188} INFO - [2024-05-25T06:38:20.941+0000] {dag.py:3096} INFO - Sync 1 DAGs
[2024-05-25T06:38:20.950+0000] {logging_mixin.py:188} INFO - [2024-05-25T06:38:20.950+0000] {dag.py:3954} INFO - Setting next_dagrun for upload_from_github_to_s3 to 2024-05-25 06:38:20.897442+00:00, run_after=2024-05-26 06:38:20.897442+00:00
[2024-05-25T06:38:20.957+0000] {processor.py:183} INFO - Processing /opt/airflow/dags/upload_from_github_to_s3_dag.py took 0.092 seconds
[2024-05-25T06:38:51.246+0000] {processor.py:161} INFO - Started process (PID=99) to work on /opt/airflow/dags/upload_from_github_to_s3_dag.py
[2024-05-25T06:38:51.247+0000] {processor.py:830} INFO - Processing file /opt/airflow/dags/upload_from_github_to_s3_dag.py for tasks to queue
[2024-05-25T06:38:51.248+0000] {logging_mixin.py:188} INFO - [2024-05-25T06:38:51.247+0000] {dagbag.py:545} INFO - Filling up the DagBag from /opt/airflow/dags/upload_from_github_to_s3_dag.py
[2024-05-25T06:38:51.277+0000] {processor.py:840} INFO - DAG(s) 'upload_from_github_to_s3' retrieved from /opt/airflow/dags/upload_from_github_to_s3_dag.py
[2024-05-25T06:38:51.317+0000] {logging_mixin.py:188} INFO - [2024-05-25T06:38:51.317+0000] {dag.py:3096} INFO - Sync 1 DAGs
[2024-05-25T06:38:51.326+0000] {logging_mixin.py:188} INFO - [2024-05-25T06:38:51.326+0000] {dag.py:3954} INFO - Setting next_dagrun for upload_from_github_to_s3 to 2024-05-25 06:38:51.275275+00:00, run_after=2024-05-26 06:38:51.275275+00:00
[2024-05-25T06:38:51.333+0000] {processor.py:183} INFO - Processing /opt/airflow/dags/upload_from_github_to_s3_dag.py took 0.089 seconds
[2024-05-25T06:39:21.651+0000] {processor.py:161} INFO - Started process (PID=107) to work on /opt/airflow/dags/upload_from_github_to_s3_dag.py
[2024-05-25T06:39:21.652+0000] {processor.py:830} INFO - Processing file /opt/airflow/dags/upload_from_github_to_s3_dag.py for tasks to queue
[2024-05-25T06:39:21.654+0000] {logging_mixin.py:188} INFO - [2024-05-25T06:39:21.654+0000] {dagbag.py:545} INFO - Filling up the DagBag from /opt/airflow/dags/upload_from_github_to_s3_dag.py
[2024-05-25T06:39:21.698+0000] {processor.py:840} INFO - DAG(s) 'upload_from_github_to_s3' retrieved from /opt/airflow/dags/upload_from_github_to_s3_dag.py
[2024-05-25T06:39:21.739+0000] {logging_mixin.py:188} INFO - [2024-05-25T06:39:21.738+0000] {dag.py:3096} INFO - Sync 1 DAGs
[2024-05-25T06:39:21.746+0000] {logging_mixin.py:188} INFO - [2024-05-25T06:39:21.745+0000] {dag.py:3954} INFO - Setting next_dagrun for upload_from_github_to_s3 to 2024-05-25 06:39:21.695517+00:00, run_after=2024-05-26 06:39:21.695517+00:00
[2024-05-25T06:39:21.752+0000] {processor.py:183} INFO - Processing /opt/airflow/dags/upload_from_github_to_s3_dag.py took 0.106 seconds
[2024-05-25T06:39:52.100+0000] {processor.py:161} INFO - Started process (PID=115) to work on /opt/airflow/dags/upload_from_github_to_s3_dag.py
[2024-05-25T06:39:52.101+0000] {processor.py:830} INFO - Processing file /opt/airflow/dags/upload_from_github_to_s3_dag.py for tasks to queue
[2024-05-25T06:39:52.103+0000] {logging_mixin.py:188} INFO - [2024-05-25T06:39:52.103+0000] {dagbag.py:545} INFO - Filling up the DagBag from /opt/airflow/dags/upload_from_github_to_s3_dag.py
[2024-05-25T06:39:52.146+0000] {processor.py:840} INFO - DAG(s) 'upload_from_github_to_s3' retrieved from /opt/airflow/dags/upload_from_github_to_s3_dag.py
[2024-05-25T06:39:52.187+0000] {logging_mixin.py:188} INFO - [2024-05-25T06:39:52.187+0000] {dag.py:3096} INFO - Sync 1 DAGs
[2024-05-25T06:39:52.194+0000] {logging_mixin.py:188} INFO - [2024-05-25T06:39:52.194+0000] {dag.py:3954} INFO - Setting next_dagrun for upload_from_github_to_s3 to 2024-05-25 06:39:52.144326+00:00, run_after=2024-05-26 06:39:52.144326+00:00
[2024-05-25T06:39:52.201+0000] {processor.py:183} INFO - Processing /opt/airflow/dags/upload_from_github_to_s3_dag.py took 0.105 seconds
[2024-05-25T06:40:22.442+0000] {processor.py:161} INFO - Started process (PID=122) to work on /opt/airflow/dags/upload_from_github_to_s3_dag.py
[2024-05-25T06:40:22.443+0000] {processor.py:830} INFO - Processing file /opt/airflow/dags/upload_from_github_to_s3_dag.py for tasks to queue
[2024-05-25T06:40:22.443+0000] {logging_mixin.py:188} INFO - [2024-05-25T06:40:22.443+0000] {dagbag.py:545} INFO - Filling up the DagBag from /opt/airflow/dags/upload_from_github_to_s3_dag.py
[2024-05-25T06:40:22.474+0000] {processor.py:840} INFO - DAG(s) 'upload_from_github_to_s3' retrieved from /opt/airflow/dags/upload_from_github_to_s3_dag.py
[2024-05-25T06:40:22.516+0000] {logging_mixin.py:188} INFO - [2024-05-25T06:40:22.516+0000] {dag.py:3096} INFO - Sync 1 DAGs
[2024-05-25T06:40:22.523+0000] {logging_mixin.py:188} INFO - [2024-05-25T06:40:22.523+0000] {dag.py:3954} INFO - Setting next_dagrun for upload_from_github_to_s3 to 2024-05-25 06:40:22.471496+00:00, run_after=2024-05-26 06:40:22.471496+00:00
[2024-05-25T06:40:22.530+0000] {processor.py:183} INFO - Processing /opt/airflow/dags/upload_from_github_to_s3_dag.py took 0.090 seconds
[2024-05-25T06:40:52.797+0000] {processor.py:161} INFO - Started process (PID=130) to work on /opt/airflow/dags/upload_from_github_to_s3_dag.py
[2024-05-25T06:40:52.797+0000] {processor.py:830} INFO - Processing file /opt/airflow/dags/upload_from_github_to_s3_dag.py for tasks to queue
[2024-05-25T06:40:52.799+0000] {logging_mixin.py:188} INFO - [2024-05-25T06:40:52.799+0000] {dagbag.py:545} INFO - Filling up the DagBag from /opt/airflow/dags/upload_from_github_to_s3_dag.py
[2024-05-25T06:40:52.841+0000] {processor.py:840} INFO - DAG(s) 'upload_from_github_to_s3' retrieved from /opt/airflow/dags/upload_from_github_to_s3_dag.py
[2024-05-25T06:40:52.883+0000] {logging_mixin.py:188} INFO - [2024-05-25T06:40:52.883+0000] {dag.py:3096} INFO - Sync 1 DAGs
[2024-05-25T06:40:52.890+0000] {logging_mixin.py:188} INFO - [2024-05-25T06:40:52.890+0000] {dag.py:3954} INFO - Setting next_dagrun for upload_from_github_to_s3 to 2024-05-25 06:40:52.838865+00:00, run_after=2024-05-26 06:40:52.838865+00:00
[2024-05-25T06:40:52.897+0000] {processor.py:183} INFO - Processing /opt/airflow/dags/upload_from_github_to_s3_dag.py took 0.106 seconds
[2024-05-25T06:41:23.205+0000] {processor.py:161} INFO - Started process (PID=137) to work on /opt/airflow/dags/upload_from_github_to_s3_dag.py
[2024-05-25T06:41:23.206+0000] {processor.py:830} INFO - Processing file /opt/airflow/dags/upload_from_github_to_s3_dag.py for tasks to queue
[2024-05-25T06:41:23.207+0000] {logging_mixin.py:188} INFO - [2024-05-25T06:41:23.207+0000] {dagbag.py:545} INFO - Filling up the DagBag from /opt/airflow/dags/upload_from_github_to_s3_dag.py
[2024-05-25T06:41:23.253+0000] {processor.py:840} INFO - DAG(s) 'upload_from_github_to_s3' retrieved from /opt/airflow/dags/upload_from_github_to_s3_dag.py
[2024-05-25T06:41:23.294+0000] {logging_mixin.py:188} INFO - [2024-05-25T06:41:23.294+0000] {dag.py:3096} INFO - Sync 1 DAGs
[2024-05-25T06:41:23.301+0000] {logging_mixin.py:188} INFO - [2024-05-25T06:41:23.301+0000] {dag.py:3954} INFO - Setting next_dagrun for upload_from_github_to_s3 to 2024-05-25 06:41:23.250712+00:00, run_after=2024-05-26 06:41:23.250712+00:00
[2024-05-25T06:41:23.309+0000] {processor.py:183} INFO - Processing /opt/airflow/dags/upload_from_github_to_s3_dag.py took 0.109 seconds
[2024-05-25T06:41:53.597+0000] {processor.py:161} INFO - Started process (PID=145) to work on /opt/airflow/dags/upload_from_github_to_s3_dag.py
[2024-05-25T06:41:53.598+0000] {processor.py:830} INFO - Processing file /opt/airflow/dags/upload_from_github_to_s3_dag.py for tasks to queue
[2024-05-25T06:41:53.600+0000] {logging_mixin.py:188} INFO - [2024-05-25T06:41:53.600+0000] {dagbag.py:545} INFO - Filling up the DagBag from /opt/airflow/dags/upload_from_github_to_s3_dag.py
[2024-05-25T06:41:53.642+0000] {processor.py:840} INFO - DAG(s) 'upload_from_github_to_s3' retrieved from /opt/airflow/dags/upload_from_github_to_s3_dag.py
[2024-05-25T06:41:53.683+0000] {logging_mixin.py:188} INFO - [2024-05-25T06:41:53.682+0000] {dag.py:3096} INFO - Sync 1 DAGs
[2024-05-25T06:41:53.690+0000] {logging_mixin.py:188} INFO - [2024-05-25T06:41:53.690+0000] {dag.py:3954} INFO - Setting next_dagrun for upload_from_github_to_s3 to 2024-05-25 06:41:53.639941+00:00, run_after=2024-05-26 06:41:53.639941+00:00
[2024-05-25T06:41:53.697+0000] {processor.py:183} INFO - Processing /opt/airflow/dags/upload_from_github_to_s3_dag.py took 0.105 seconds
[2024-05-25T06:42:23.975+0000] {processor.py:161} INFO - Started process (PID=153) to work on /opt/airflow/dags/upload_from_github_to_s3_dag.py
[2024-05-25T06:42:23.976+0000] {processor.py:830} INFO - Processing file /opt/airflow/dags/upload_from_github_to_s3_dag.py for tasks to queue
[2024-05-25T06:42:23.978+0000] {logging_mixin.py:188} INFO - [2024-05-25T06:42:23.978+0000] {dagbag.py:545} INFO - Filling up the DagBag from /opt/airflow/dags/upload_from_github_to_s3_dag.py
[2024-05-25T06:42:24.028+0000] {processor.py:840} INFO - DAG(s) 'upload_from_github_to_s3' retrieved from /opt/airflow/dags/upload_from_github_to_s3_dag.py
[2024-05-25T06:42:24.077+0000] {logging_mixin.py:188} INFO - [2024-05-25T06:42:24.077+0000] {dag.py:3096} INFO - Sync 1 DAGs
[2024-05-25T06:42:24.084+0000] {logging_mixin.py:188} INFO - [2024-05-25T06:42:24.084+0000] {dag.py:3954} INFO - Setting next_dagrun for upload_from_github_to_s3 to 2024-05-25 06:42:24.025319+00:00, run_after=2024-05-26 06:42:24.025319+00:00
[2024-05-25T06:42:24.092+0000] {processor.py:183} INFO - Processing /opt/airflow/dags/upload_from_github_to_s3_dag.py took 0.123 seconds
[2024-05-25T06:42:54.270+0000] {processor.py:161} INFO - Started process (PID=160) to work on /opt/airflow/dags/upload_from_github_to_s3_dag.py
[2024-05-25T06:42:54.271+0000] {processor.py:830} INFO - Processing file /opt/airflow/dags/upload_from_github_to_s3_dag.py for tasks to queue
[2024-05-25T06:42:54.273+0000] {logging_mixin.py:188} INFO - [2024-05-25T06:42:54.272+0000] {dagbag.py:545} INFO - Filling up the DagBag from /opt/airflow/dags/upload_from_github_to_s3_dag.py
[2024-05-25T06:42:54.321+0000] {processor.py:840} INFO - DAG(s) 'upload_from_github_to_s3' retrieved from /opt/airflow/dags/upload_from_github_to_s3_dag.py
[2024-05-25T06:42:54.369+0000] {logging_mixin.py:188} INFO - [2024-05-25T06:42:54.369+0000] {dag.py:3096} INFO - Sync 1 DAGs
[2024-05-25T06:42:54.377+0000] {logging_mixin.py:188} INFO - [2024-05-25T06:42:54.377+0000] {dag.py:3954} INFO - Setting next_dagrun for upload_from_github_to_s3 to 2024-05-25 06:42:54.318626+00:00, run_after=2024-05-26 06:42:54.318626+00:00
[2024-05-25T06:42:54.385+0000] {processor.py:183} INFO - Processing /opt/airflow/dags/upload_from_github_to_s3_dag.py took 0.120 seconds
[2024-05-25T06:43:24.675+0000] {processor.py:161} INFO - Started process (PID=168) to work on /opt/airflow/dags/upload_from_github_to_s3_dag.py
[2024-05-25T06:43:24.675+0000] {processor.py:830} INFO - Processing file /opt/airflow/dags/upload_from_github_to_s3_dag.py for tasks to queue
[2024-05-25T06:43:24.677+0000] {logging_mixin.py:188} INFO - [2024-05-25T06:43:24.676+0000] {dagbag.py:545} INFO - Filling up the DagBag from /opt/airflow/dags/upload_from_github_to_s3_dag.py
[2024-05-25T06:43:24.718+0000] {processor.py:840} INFO - DAG(s) 'upload_from_github_to_s3' retrieved from /opt/airflow/dags/upload_from_github_to_s3_dag.py
[2024-05-25T06:43:24.765+0000] {logging_mixin.py:188} INFO - [2024-05-25T06:43:24.764+0000] {dag.py:3096} INFO - Sync 1 DAGs
[2024-05-25T06:43:24.773+0000] {logging_mixin.py:188} INFO - [2024-05-25T06:43:24.773+0000] {dag.py:3954} INFO - Setting next_dagrun for upload_from_github_to_s3 to 2024-05-25 06:43:24.715566+00:00, run_after=2024-05-26 06:43:24.715566+00:00
[2024-05-25T06:43:24.780+0000] {processor.py:183} INFO - Processing /opt/airflow/dags/upload_from_github_to_s3_dag.py took 0.108 seconds
[2024-05-25T06:43:55.074+0000] {processor.py:161} INFO - Started process (PID=176) to work on /opt/airflow/dags/upload_from_github_to_s3_dag.py
[2024-05-25T06:43:55.075+0000] {processor.py:830} INFO - Processing file /opt/airflow/dags/upload_from_github_to_s3_dag.py for tasks to queue
[2024-05-25T06:43:55.076+0000] {logging_mixin.py:188} INFO - [2024-05-25T06:43:55.076+0000] {dagbag.py:545} INFO - Filling up the DagBag from /opt/airflow/dags/upload_from_github_to_s3_dag.py
[2024-05-25T06:43:55.114+0000] {processor.py:840} INFO - DAG(s) 'upload_from_github_to_s3' retrieved from /opt/airflow/dags/upload_from_github_to_s3_dag.py
[2024-05-25T06:43:55.158+0000] {logging_mixin.py:188} INFO - [2024-05-25T06:43:55.158+0000] {dag.py:3096} INFO - Sync 1 DAGs
[2024-05-25T06:43:55.166+0000] {logging_mixin.py:188} INFO - [2024-05-25T06:43:55.166+0000] {dag.py:3954} INFO - Setting next_dagrun for upload_from_github_to_s3 to 2024-05-25 06:43:55.111985+00:00, run_after=2024-05-26 06:43:55.111985+00:00
[2024-05-25T06:43:55.173+0000] {processor.py:183} INFO - Processing /opt/airflow/dags/upload_from_github_to_s3_dag.py took 0.104 seconds
[2024-05-25T06:44:25.497+0000] {processor.py:161} INFO - Started process (PID=184) to work on /opt/airflow/dags/upload_from_github_to_s3_dag.py
[2024-05-25T06:44:25.498+0000] {processor.py:830} INFO - Processing file /opt/airflow/dags/upload_from_github_to_s3_dag.py for tasks to queue
[2024-05-25T06:44:25.500+0000] {logging_mixin.py:188} INFO - [2024-05-25T06:44:25.500+0000] {dagbag.py:545} INFO - Filling up the DagBag from /opt/airflow/dags/upload_from_github_to_s3_dag.py
[2024-05-25T06:44:25.545+0000] {processor.py:840} INFO - DAG(s) 'upload_from_github_to_s3' retrieved from /opt/airflow/dags/upload_from_github_to_s3_dag.py
[2024-05-25T06:44:25.590+0000] {logging_mixin.py:188} INFO - [2024-05-25T06:44:25.590+0000] {dag.py:3096} INFO - Sync 1 DAGs
[2024-05-25T06:44:25.598+0000] {logging_mixin.py:188} INFO - [2024-05-25T06:44:25.598+0000] {dag.py:3954} INFO - Setting next_dagrun for upload_from_github_to_s3 to 2024-05-25 06:44:25.543081+00:00, run_after=2024-05-26 06:44:25.543081+00:00
[2024-05-25T06:44:25.607+0000] {processor.py:183} INFO - Processing /opt/airflow/dags/upload_from_github_to_s3_dag.py took 0.116 seconds
[2024-05-25T06:44:55.948+0000] {processor.py:161} INFO - Started process (PID=192) to work on /opt/airflow/dags/upload_from_github_to_s3_dag.py
[2024-05-25T06:44:55.949+0000] {processor.py:830} INFO - Processing file /opt/airflow/dags/upload_from_github_to_s3_dag.py for tasks to queue
[2024-05-25T06:44:55.951+0000] {logging_mixin.py:188} INFO - [2024-05-25T06:44:55.950+0000] {dagbag.py:545} INFO - Filling up the DagBag from /opt/airflow/dags/upload_from_github_to_s3_dag.py
[2024-05-25T06:44:55.992+0000] {processor.py:840} INFO - DAG(s) 'upload_from_github_to_s3' retrieved from /opt/airflow/dags/upload_from_github_to_s3_dag.py
[2024-05-25T06:44:56.033+0000] {logging_mixin.py:188} INFO - [2024-05-25T06:44:56.033+0000] {dag.py:3096} INFO - Sync 1 DAGs
[2024-05-25T06:44:56.041+0000] {logging_mixin.py:188} INFO - [2024-05-25T06:44:56.041+0000] {dag.py:3954} INFO - Setting next_dagrun for upload_from_github_to_s3 to 2024-05-25 06:44:55.990455+00:00, run_after=2024-05-26 06:44:55.990455+00:00
[2024-05-25T06:44:56.048+0000] {processor.py:183} INFO - Processing /opt/airflow/dags/upload_from_github_to_s3_dag.py took 0.105 seconds
[2024-05-25T06:45:26.346+0000] {processor.py:161} INFO - Started process (PID=200) to work on /opt/airflow/dags/upload_from_github_to_s3_dag.py
[2024-05-25T06:45:26.347+0000] {processor.py:830} INFO - Processing file /opt/airflow/dags/upload_from_github_to_s3_dag.py for tasks to queue
[2024-05-25T06:45:26.349+0000] {logging_mixin.py:188} INFO - [2024-05-25T06:45:26.349+0000] {dagbag.py:545} INFO - Filling up the DagBag from /opt/airflow/dags/upload_from_github_to_s3_dag.py
[2024-05-25T06:45:26.394+0000] {processor.py:840} INFO - DAG(s) 'upload_from_github_to_s3' retrieved from /opt/airflow/dags/upload_from_github_to_s3_dag.py
[2024-05-25T06:45:26.437+0000] {logging_mixin.py:188} INFO - [2024-05-25T06:45:26.437+0000] {dag.py:3096} INFO - Sync 1 DAGs
[2024-05-25T06:45:26.444+0000] {logging_mixin.py:188} INFO - [2024-05-25T06:45:26.444+0000] {dag.py:3954} INFO - Setting next_dagrun for upload_from_github_to_s3 to 2024-05-25 06:45:26.391822+00:00, run_after=2024-05-26 06:45:26.391822+00:00
[2024-05-25T06:45:26.451+0000] {processor.py:183} INFO - Processing /opt/airflow/dags/upload_from_github_to_s3_dag.py took 0.111 seconds
[2024-05-25T06:45:56.752+0000] {processor.py:161} INFO - Started process (PID=208) to work on /opt/airflow/dags/upload_from_github_to_s3_dag.py
[2024-05-25T06:45:56.753+0000] {processor.py:830} INFO - Processing file /opt/airflow/dags/upload_from_github_to_s3_dag.py for tasks to queue
[2024-05-25T06:45:56.755+0000] {logging_mixin.py:188} INFO - [2024-05-25T06:45:56.755+0000] {dagbag.py:545} INFO - Filling up the DagBag from /opt/airflow/dags/upload_from_github_to_s3_dag.py
[2024-05-25T06:45:56.805+0000] {processor.py:840} INFO - DAG(s) 'upload_from_github_to_s3' retrieved from /opt/airflow/dags/upload_from_github_to_s3_dag.py
[2024-05-25T06:45:56.853+0000] {logging_mixin.py:188} INFO - [2024-05-25T06:45:56.853+0000] {dag.py:3096} INFO - Sync 1 DAGs
[2024-05-25T06:45:56.861+0000] {logging_mixin.py:188} INFO - [2024-05-25T06:45:56.861+0000] {dag.py:3954} INFO - Setting next_dagrun for upload_from_github_to_s3 to 2024-05-25 06:45:56.802296+00:00, run_after=2024-05-26 06:45:56.802296+00:00
[2024-05-25T06:45:56.868+0000] {processor.py:183} INFO - Processing /opt/airflow/dags/upload_from_github_to_s3_dag.py took 0.121 seconds
[2024-05-25T06:46:27.134+0000] {processor.py:161} INFO - Started process (PID=215) to work on /opt/airflow/dags/upload_from_github_to_s3_dag.py
[2024-05-25T06:46:27.135+0000] {processor.py:830} INFO - Processing file /opt/airflow/dags/upload_from_github_to_s3_dag.py for tasks to queue
[2024-05-25T06:46:27.137+0000] {logging_mixin.py:188} INFO - [2024-05-25T06:46:27.136+0000] {dagbag.py:545} INFO - Filling up the DagBag from /opt/airflow/dags/upload_from_github_to_s3_dag.py
[2024-05-25T06:46:27.184+0000] {processor.py:840} INFO - DAG(s) 'upload_from_github_to_s3' retrieved from /opt/airflow/dags/upload_from_github_to_s3_dag.py
[2024-05-25T06:46:27.228+0000] {logging_mixin.py:188} INFO - [2024-05-25T06:46:27.228+0000] {dag.py:3096} INFO - Sync 1 DAGs
[2024-05-25T06:46:27.236+0000] {logging_mixin.py:188} INFO - [2024-05-25T06:46:27.236+0000] {dag.py:3954} INFO - Setting next_dagrun for upload_from_github_to_s3 to 2024-05-25 06:46:27.180958+00:00, run_after=2024-05-26 06:46:27.180958+00:00
[2024-05-25T06:46:27.243+0000] {processor.py:183} INFO - Processing /opt/airflow/dags/upload_from_github_to_s3_dag.py took 0.115 seconds
[2024-05-25T06:46:57.521+0000] {processor.py:161} INFO - Started process (PID=223) to work on /opt/airflow/dags/upload_from_github_to_s3_dag.py
[2024-05-25T06:46:57.522+0000] {processor.py:830} INFO - Processing file /opt/airflow/dags/upload_from_github_to_s3_dag.py for tasks to queue
[2024-05-25T06:46:57.523+0000] {logging_mixin.py:188} INFO - [2024-05-25T06:46:57.523+0000] {dagbag.py:545} INFO - Filling up the DagBag from /opt/airflow/dags/upload_from_github_to_s3_dag.py
[2024-05-25T06:46:57.556+0000] {processor.py:840} INFO - DAG(s) 'upload_from_github_to_s3' retrieved from /opt/airflow/dags/upload_from_github_to_s3_dag.py
[2024-05-25T06:46:57.601+0000] {logging_mixin.py:188} INFO - [2024-05-25T06:46:57.601+0000] {dag.py:3096} INFO - Sync 1 DAGs
[2024-05-25T06:46:57.609+0000] {logging_mixin.py:188} INFO - [2024-05-25T06:46:57.609+0000] {dag.py:3954} INFO - Setting next_dagrun for upload_from_github_to_s3 to 2024-05-25 06:46:57.553415+00:00, run_after=2024-05-26 06:46:57.553415+00:00
[2024-05-25T06:46:57.617+0000] {processor.py:183} INFO - Processing /opt/airflow/dags/upload_from_github_to_s3_dag.py took 0.102 seconds
[2024-05-25T06:47:27.963+0000] {processor.py:161} INFO - Started process (PID=231) to work on /opt/airflow/dags/upload_from_github_to_s3_dag.py
[2024-05-25T06:47:27.964+0000] {processor.py:830} INFO - Processing file /opt/airflow/dags/upload_from_github_to_s3_dag.py for tasks to queue
[2024-05-25T06:47:27.965+0000] {logging_mixin.py:188} INFO - [2024-05-25T06:47:27.965+0000] {dagbag.py:545} INFO - Filling up the DagBag from /opt/airflow/dags/upload_from_github_to_s3_dag.py
[2024-05-25T06:47:28.011+0000] {processor.py:840} INFO - DAG(s) 'upload_from_github_to_s3' retrieved from /opt/airflow/dags/upload_from_github_to_s3_dag.py
[2024-05-25T06:47:28.054+0000] {logging_mixin.py:188} INFO - [2024-05-25T06:47:28.053+0000] {dag.py:3096} INFO - Sync 1 DAGs
[2024-05-25T06:47:28.061+0000] {logging_mixin.py:188} INFO - [2024-05-25T06:47:28.061+0000] {dag.py:3954} INFO - Setting next_dagrun for upload_from_github_to_s3 to 2024-05-25 06:47:28.008633+00:00, run_after=2024-05-26 06:47:28.008633+00:00
[2024-05-25T06:47:28.069+0000] {processor.py:183} INFO - Processing /opt/airflow/dags/upload_from_github_to_s3_dag.py took 0.112 seconds
[2024-05-25T06:47:58.451+0000] {processor.py:161} INFO - Started process (PID=239) to work on /opt/airflow/dags/upload_from_github_to_s3_dag.py
[2024-05-25T06:47:58.452+0000] {processor.py:830} INFO - Processing file /opt/airflow/dags/upload_from_github_to_s3_dag.py for tasks to queue
[2024-05-25T06:47:58.454+0000] {logging_mixin.py:188} INFO - [2024-05-25T06:47:58.454+0000] {dagbag.py:545} INFO - Filling up the DagBag from /opt/airflow/dags/upload_from_github_to_s3_dag.py
[2024-05-25T06:47:58.503+0000] {processor.py:840} INFO - DAG(s) 'upload_from_github_to_s3' retrieved from /opt/airflow/dags/upload_from_github_to_s3_dag.py
[2024-05-25T06:47:58.549+0000] {logging_mixin.py:188} INFO - [2024-05-25T06:47:58.549+0000] {dag.py:3096} INFO - Sync 1 DAGs
[2024-05-25T06:47:58.557+0000] {logging_mixin.py:188} INFO - [2024-05-25T06:47:58.557+0000] {dag.py:3954} INFO - Setting next_dagrun for upload_from_github_to_s3 to 2024-05-25 06:47:58.500482+00:00, run_after=2024-05-26 06:47:58.500482+00:00
[2024-05-25T06:47:58.564+0000] {processor.py:183} INFO - Processing /opt/airflow/dags/upload_from_github_to_s3_dag.py took 0.118 seconds
[2024-05-25T06:48:28.861+0000] {processor.py:161} INFO - Started process (PID=247) to work on /opt/airflow/dags/upload_from_github_to_s3_dag.py
[2024-05-25T06:48:28.862+0000] {processor.py:830} INFO - Processing file /opt/airflow/dags/upload_from_github_to_s3_dag.py for tasks to queue
[2024-05-25T06:48:28.864+0000] {logging_mixin.py:188} INFO - [2024-05-25T06:48:28.863+0000] {dagbag.py:545} INFO - Filling up the DagBag from /opt/airflow/dags/upload_from_github_to_s3_dag.py
[2024-05-25T06:48:28.911+0000] {processor.py:840} INFO - DAG(s) 'upload_from_github_to_s3' retrieved from /opt/airflow/dags/upload_from_github_to_s3_dag.py
[2024-05-25T06:48:28.959+0000] {logging_mixin.py:188} INFO - [2024-05-25T06:48:28.959+0000] {dag.py:3096} INFO - Sync 1 DAGs
[2024-05-25T06:48:28.967+0000] {logging_mixin.py:188} INFO - [2024-05-25T06:48:28.967+0000] {dag.py:3954} INFO - Setting next_dagrun for upload_from_github_to_s3 to 2024-05-25 06:48:28.907715+00:00, run_after=2024-05-26 06:48:28.907715+00:00
[2024-05-25T06:48:28.974+0000] {processor.py:183} INFO - Processing /opt/airflow/dags/upload_from_github_to_s3_dag.py took 0.117 seconds
[2024-05-25T06:48:59.273+0000] {processor.py:161} INFO - Started process (PID=255) to work on /opt/airflow/dags/upload_from_github_to_s3_dag.py
[2024-05-25T06:48:59.274+0000] {processor.py:830} INFO - Processing file /opt/airflow/dags/upload_from_github_to_s3_dag.py for tasks to queue
[2024-05-25T06:48:59.275+0000] {logging_mixin.py:188} INFO - [2024-05-25T06:48:59.275+0000] {dagbag.py:545} INFO - Filling up the DagBag from /opt/airflow/dags/upload_from_github_to_s3_dag.py
[2024-05-25T06:48:59.313+0000] {processor.py:840} INFO - DAG(s) 'upload_from_github_to_s3' retrieved from /opt/airflow/dags/upload_from_github_to_s3_dag.py
[2024-05-25T06:48:59.360+0000] {logging_mixin.py:188} INFO - [2024-05-25T06:48:59.360+0000] {dag.py:3096} INFO - Sync 1 DAGs
[2024-05-25T06:48:59.368+0000] {logging_mixin.py:188} INFO - [2024-05-25T06:48:59.368+0000] {dag.py:3954} INFO - Setting next_dagrun for upload_from_github_to_s3 to 2024-05-25 06:48:59.311286+00:00, run_after=2024-05-26 06:48:59.311286+00:00
[2024-05-25T06:48:59.375+0000] {processor.py:183} INFO - Processing /opt/airflow/dags/upload_from_github_to_s3_dag.py took 0.105 seconds
[2024-05-25T06:49:29.666+0000] {processor.py:161} INFO - Started process (PID=263) to work on /opt/airflow/dags/upload_from_github_to_s3_dag.py
[2024-05-25T06:49:29.666+0000] {processor.py:830} INFO - Processing file /opt/airflow/dags/upload_from_github_to_s3_dag.py for tasks to queue
[2024-05-25T06:49:29.667+0000] {logging_mixin.py:188} INFO - [2024-05-25T06:49:29.667+0000] {dagbag.py:545} INFO - Filling up the DagBag from /opt/airflow/dags/upload_from_github_to_s3_dag.py
[2024-05-25T06:49:29.701+0000] {processor.py:840} INFO - DAG(s) 'upload_from_github_to_s3' retrieved from /opt/airflow/dags/upload_from_github_to_s3_dag.py
[2024-05-25T06:49:29.746+0000] {logging_mixin.py:188} INFO - [2024-05-25T06:49:29.746+0000] {dag.py:3096} INFO - Sync 1 DAGs
[2024-05-25T06:49:29.754+0000] {logging_mixin.py:188} INFO - [2024-05-25T06:49:29.754+0000] {dag.py:3954} INFO - Setting next_dagrun for upload_from_github_to_s3 to 2024-05-25 06:49:29.698484+00:00, run_after=2024-05-26 06:49:29.698484+00:00
[2024-05-25T06:49:29.761+0000] {processor.py:183} INFO - Processing /opt/airflow/dags/upload_from_github_to_s3_dag.py took 0.098 seconds
[2024-05-25T06:50:00.072+0000] {processor.py:161} INFO - Started process (PID=270) to work on /opt/airflow/dags/upload_from_github_to_s3_dag.py
[2024-05-25T06:50:00.072+0000] {processor.py:830} INFO - Processing file /opt/airflow/dags/upload_from_github_to_s3_dag.py for tasks to queue
[2024-05-25T06:50:00.074+0000] {logging_mixin.py:188} INFO - [2024-05-25T06:50:00.074+0000] {dagbag.py:545} INFO - Filling up the DagBag from /opt/airflow/dags/upload_from_github_to_s3_dag.py
[2024-05-25T06:50:00.124+0000] {processor.py:840} INFO - DAG(s) 'upload_from_github_to_s3' retrieved from /opt/airflow/dags/upload_from_github_to_s3_dag.py
[2024-05-25T06:50:00.170+0000] {logging_mixin.py:188} INFO - [2024-05-25T06:50:00.169+0000] {dag.py:3096} INFO - Sync 1 DAGs
[2024-05-25T06:50:00.178+0000] {logging_mixin.py:188} INFO - [2024-05-25T06:50:00.178+0000] {dag.py:3954} INFO - Setting next_dagrun for upload_from_github_to_s3 to 2024-05-25 06:50:00.121083+00:00, run_after=2024-05-26 06:50:00.121083+00:00
[2024-05-25T06:50:00.185+0000] {processor.py:183} INFO - Processing /opt/airflow/dags/upload_from_github_to_s3_dag.py took 0.118 seconds
[2024-05-25T06:50:30.480+0000] {processor.py:161} INFO - Started process (PID=277) to work on /opt/airflow/dags/upload_from_github_to_s3_dag.py
[2024-05-25T06:50:30.481+0000] {processor.py:830} INFO - Processing file /opt/airflow/dags/upload_from_github_to_s3_dag.py for tasks to queue
[2024-05-25T06:50:30.483+0000] {logging_mixin.py:188} INFO - [2024-05-25T06:50:30.482+0000] {dagbag.py:545} INFO - Filling up the DagBag from /opt/airflow/dags/upload_from_github_to_s3_dag.py
[2024-05-25T06:50:30.533+0000] {processor.py:840} INFO - DAG(s) 'upload_from_github_to_s3' retrieved from /opt/airflow/dags/upload_from_github_to_s3_dag.py
[2024-05-25T06:50:30.581+0000] {logging_mixin.py:188} INFO - [2024-05-25T06:50:30.581+0000] {dag.py:3096} INFO - Sync 1 DAGs
[2024-05-25T06:50:30.589+0000] {logging_mixin.py:188} INFO - [2024-05-25T06:50:30.589+0000] {dag.py:3954} INFO - Setting next_dagrun for upload_from_github_to_s3 to 2024-05-25 06:50:30.530525+00:00, run_after=2024-05-26 06:50:30.530525+00:00
[2024-05-25T06:50:30.597+0000] {processor.py:183} INFO - Processing /opt/airflow/dags/upload_from_github_to_s3_dag.py took 0.124 seconds
[2024-05-25T06:51:00.922+0000] {processor.py:161} INFO - Started process (PID=285) to work on /opt/airflow/dags/upload_from_github_to_s3_dag.py
[2024-05-25T06:51:00.922+0000] {processor.py:830} INFO - Processing file /opt/airflow/dags/upload_from_github_to_s3_dag.py for tasks to queue
[2024-05-25T06:51:00.924+0000] {logging_mixin.py:188} INFO - [2024-05-25T06:51:00.923+0000] {dagbag.py:545} INFO - Filling up the DagBag from /opt/airflow/dags/upload_from_github_to_s3_dag.py
[2024-05-25T06:51:00.968+0000] {processor.py:840} INFO - DAG(s) 'upload_from_github_to_s3' retrieved from /opt/airflow/dags/upload_from_github_to_s3_dag.py
[2024-05-25T06:51:01.014+0000] {logging_mixin.py:188} INFO - [2024-05-25T06:51:01.014+0000] {dag.py:3096} INFO - Sync 1 DAGs
[2024-05-25T06:51:01.023+0000] {logging_mixin.py:188} INFO - [2024-05-25T06:51:01.023+0000] {dag.py:3954} INFO - Setting next_dagrun for upload_from_github_to_s3 to 2024-05-25 06:51:00.965233+00:00, run_after=2024-05-26 06:51:00.965233+00:00
[2024-05-25T06:51:01.031+0000] {processor.py:183} INFO - Processing /opt/airflow/dags/upload_from_github_to_s3_dag.py took 0.113 seconds
[2024-05-25T06:51:31.376+0000] {processor.py:161} INFO - Started process (PID=293) to work on /opt/airflow/dags/upload_from_github_to_s3_dag.py
[2024-05-25T06:51:31.377+0000] {processor.py:830} INFO - Processing file /opt/airflow/dags/upload_from_github_to_s3_dag.py for tasks to queue
[2024-05-25T06:51:31.379+0000] {logging_mixin.py:188} INFO - [2024-05-25T06:51:31.379+0000] {dagbag.py:545} INFO - Filling up the DagBag from /opt/airflow/dags/upload_from_github_to_s3_dag.py
[2024-05-25T06:51:31.425+0000] {processor.py:840} INFO - DAG(s) 'upload_from_github_to_s3' retrieved from /opt/airflow/dags/upload_from_github_to_s3_dag.py
[2024-05-25T06:51:31.480+0000] {logging_mixin.py:188} INFO - [2024-05-25T06:51:31.480+0000] {dag.py:3096} INFO - Sync 1 DAGs
[2024-05-25T06:51:31.493+0000] {logging_mixin.py:188} INFO - [2024-05-25T06:51:31.493+0000] {dag.py:3954} INFO - Setting next_dagrun for upload_from_github_to_s3 to 2024-05-25 06:51:31.422162+00:00, run_after=2024-05-26 06:51:31.422162+00:00
[2024-05-25T06:51:31.501+0000] {processor.py:183} INFO - Processing /opt/airflow/dags/upload_from_github_to_s3_dag.py took 0.130 seconds
[2024-05-25T06:52:01.799+0000] {processor.py:161} INFO - Started process (PID=301) to work on /opt/airflow/dags/upload_from_github_to_s3_dag.py
[2024-05-25T06:52:01.800+0000] {processor.py:830} INFO - Processing file /opt/airflow/dags/upload_from_github_to_s3_dag.py for tasks to queue
[2024-05-25T06:52:01.801+0000] {logging_mixin.py:188} INFO - [2024-05-25T06:52:01.801+0000] {dagbag.py:545} INFO - Filling up the DagBag from /opt/airflow/dags/upload_from_github_to_s3_dag.py
[2024-05-25T06:52:01.849+0000] {processor.py:840} INFO - DAG(s) 'upload_from_github_to_s3' retrieved from /opt/airflow/dags/upload_from_github_to_s3_dag.py
[2024-05-25T06:52:01.895+0000] {logging_mixin.py:188} INFO - [2024-05-25T06:52:01.895+0000] {dag.py:3096} INFO - Sync 1 DAGs
[2024-05-25T06:52:01.904+0000] {logging_mixin.py:188} INFO - [2024-05-25T06:52:01.903+0000] {dag.py:3954} INFO - Setting next_dagrun for upload_from_github_to_s3 to 2024-05-25 06:52:01.845927+00:00, run_after=2024-05-26 06:52:01.845927+00:00
[2024-05-25T06:52:01.911+0000] {processor.py:183} INFO - Processing /opt/airflow/dags/upload_from_github_to_s3_dag.py took 0.116 seconds
[2024-05-25T06:52:32.201+0000] {processor.py:161} INFO - Started process (PID=309) to work on /opt/airflow/dags/upload_from_github_to_s3_dag.py
[2024-05-25T06:52:32.202+0000] {processor.py:830} INFO - Processing file /opt/airflow/dags/upload_from_github_to_s3_dag.py for tasks to queue
[2024-05-25T06:52:32.203+0000] {logging_mixin.py:188} INFO - [2024-05-25T06:52:32.203+0000] {dagbag.py:545} INFO - Filling up the DagBag from /opt/airflow/dags/upload_from_github_to_s3_dag.py
[2024-05-25T06:52:32.248+0000] {processor.py:840} INFO - DAG(s) 'upload_from_github_to_s3' retrieved from /opt/airflow/dags/upload_from_github_to_s3_dag.py
[2024-05-25T06:52:32.293+0000] {logging_mixin.py:188} INFO - [2024-05-25T06:52:32.293+0000] {dag.py:3096} INFO - Sync 1 DAGs
[2024-05-25T06:52:32.301+0000] {logging_mixin.py:188} INFO - [2024-05-25T06:52:32.301+0000] {dag.py:3954} INFO - Setting next_dagrun for upload_from_github_to_s3 to 2024-05-25 06:52:32.243960+00:00, run_after=2024-05-26 06:52:32.243960+00:00
[2024-05-25T06:52:32.308+0000] {processor.py:183} INFO - Processing /opt/airflow/dags/upload_from_github_to_s3_dag.py took 0.112 seconds
[2024-05-25T06:53:02.668+0000] {processor.py:161} INFO - Started process (PID=317) to work on /opt/airflow/dags/upload_from_github_to_s3_dag.py
[2024-05-25T06:53:02.669+0000] {processor.py:830} INFO - Processing file /opt/airflow/dags/upload_from_github_to_s3_dag.py for tasks to queue
[2024-05-25T06:53:02.671+0000] {logging_mixin.py:188} INFO - [2024-05-25T06:53:02.670+0000] {dagbag.py:545} INFO - Filling up the DagBag from /opt/airflow/dags/upload_from_github_to_s3_dag.py
[2024-05-25T06:53:02.719+0000] {processor.py:840} INFO - DAG(s) 'upload_from_github_to_s3' retrieved from /opt/airflow/dags/upload_from_github_to_s3_dag.py
[2024-05-25T06:53:02.765+0000] {logging_mixin.py:188} INFO - [2024-05-25T06:53:02.765+0000] {dag.py:3096} INFO - Sync 1 DAGs
[2024-05-25T06:53:02.773+0000] {logging_mixin.py:188} INFO - [2024-05-25T06:53:02.773+0000] {dag.py:3954} INFO - Setting next_dagrun for upload_from_github_to_s3 to 2024-05-25 06:53:02.716571+00:00, run_after=2024-05-26 06:53:02.716571+00:00
[2024-05-25T06:53:02.781+0000] {processor.py:183} INFO - Processing /opt/airflow/dags/upload_from_github_to_s3_dag.py took 0.117 seconds
[2024-05-25T06:53:33.111+0000] {processor.py:161} INFO - Started process (PID=325) to work on /opt/airflow/dags/upload_from_github_to_s3_dag.py
[2024-05-25T06:53:33.111+0000] {processor.py:830} INFO - Processing file /opt/airflow/dags/upload_from_github_to_s3_dag.py for tasks to queue
[2024-05-25T06:53:33.113+0000] {logging_mixin.py:188} INFO - [2024-05-25T06:53:33.113+0000] {dagbag.py:545} INFO - Filling up the DagBag from /opt/airflow/dags/upload_from_github_to_s3_dag.py
[2024-05-25T06:53:33.158+0000] {processor.py:840} INFO - DAG(s) 'upload_from_github_to_s3' retrieved from /opt/airflow/dags/upload_from_github_to_s3_dag.py
[2024-05-25T06:53:33.203+0000] {logging_mixin.py:188} INFO - [2024-05-25T06:53:33.203+0000] {dag.py:3096} INFO - Sync 1 DAGs
[2024-05-25T06:53:33.211+0000] {logging_mixin.py:188} INFO - [2024-05-25T06:53:33.211+0000] {dag.py:3954} INFO - Setting next_dagrun for upload_from_github_to_s3 to 2024-05-25 06:53:33.156326+00:00, run_after=2024-05-26 06:53:33.156326+00:00
[2024-05-25T06:53:33.219+0000] {processor.py:183} INFO - Processing /opt/airflow/dags/upload_from_github_to_s3_dag.py took 0.113 seconds
[2024-05-25T06:54:03.542+0000] {processor.py:161} INFO - Started process (PID=333) to work on /opt/airflow/dags/upload_from_github_to_s3_dag.py
[2024-05-25T06:54:03.543+0000] {processor.py:830} INFO - Processing file /opt/airflow/dags/upload_from_github_to_s3_dag.py for tasks to queue
[2024-05-25T06:54:03.544+0000] {logging_mixin.py:188} INFO - [2024-05-25T06:54:03.543+0000] {dagbag.py:545} INFO - Filling up the DagBag from /opt/airflow/dags/upload_from_github_to_s3_dag.py
[2024-05-25T06:54:03.578+0000] {processor.py:840} INFO - DAG(s) 'upload_from_github_to_s3' retrieved from /opt/airflow/dags/upload_from_github_to_s3_dag.py
[2024-05-25T06:54:03.624+0000] {logging_mixin.py:188} INFO - [2024-05-25T06:54:03.624+0000] {dag.py:3096} INFO - Sync 1 DAGs
[2024-05-25T06:54:03.633+0000] {logging_mixin.py:188} INFO - [2024-05-25T06:54:03.633+0000] {dag.py:3954} INFO - Setting next_dagrun for upload_from_github_to_s3 to 2024-05-25 06:54:03.576026+00:00, run_after=2024-05-26 06:54:03.576026+00:00
[2024-05-25T06:54:03.640+0000] {processor.py:183} INFO - Processing /opt/airflow/dags/upload_from_github_to_s3_dag.py took 0.104 seconds
[2024-05-25T06:54:33.964+0000] {processor.py:161} INFO - Started process (PID=341) to work on /opt/airflow/dags/upload_from_github_to_s3_dag.py
[2024-05-25T06:54:33.966+0000] {processor.py:830} INFO - Processing file /opt/airflow/dags/upload_from_github_to_s3_dag.py for tasks to queue
[2024-05-25T06:54:33.968+0000] {logging_mixin.py:188} INFO - [2024-05-25T06:54:33.967+0000] {dagbag.py:545} INFO - Filling up the DagBag from /opt/airflow/dags/upload_from_github_to_s3_dag.py
[2024-05-25T06:54:34.015+0000] {processor.py:840} INFO - DAG(s) 'upload_from_github_to_s3' retrieved from /opt/airflow/dags/upload_from_github_to_s3_dag.py
[2024-05-25T06:54:34.060+0000] {logging_mixin.py:188} INFO - [2024-05-25T06:54:34.060+0000] {dag.py:3096} INFO - Sync 1 DAGs
[2024-05-25T06:54:34.068+0000] {logging_mixin.py:188} INFO - [2024-05-25T06:54:34.068+0000] {dag.py:3954} INFO - Setting next_dagrun for upload_from_github_to_s3 to 2024-05-25 06:54:34.012676+00:00, run_after=2024-05-26 06:54:34.012676+00:00
[2024-05-25T06:54:34.075+0000] {processor.py:183} INFO - Processing /opt/airflow/dags/upload_from_github_to_s3_dag.py took 0.116 seconds
[2024-05-25T06:55:04.371+0000] {processor.py:161} INFO - Started process (PID=349) to work on /opt/airflow/dags/upload_from_github_to_s3_dag.py
[2024-05-25T06:55:04.372+0000] {processor.py:830} INFO - Processing file /opt/airflow/dags/upload_from_github_to_s3_dag.py for tasks to queue
[2024-05-25T06:55:04.374+0000] {logging_mixin.py:188} INFO - [2024-05-25T06:55:04.374+0000] {dagbag.py:545} INFO - Filling up the DagBag from /opt/airflow/dags/upload_from_github_to_s3_dag.py
[2024-05-25T06:55:04.422+0000] {processor.py:840} INFO - DAG(s) 'upload_from_github_to_s3' retrieved from /opt/airflow/dags/upload_from_github_to_s3_dag.py
[2024-05-25T06:55:04.471+0000] {logging_mixin.py:188} INFO - [2024-05-25T06:55:04.471+0000] {dag.py:3096} INFO - Sync 1 DAGs
[2024-05-25T06:55:04.479+0000] {logging_mixin.py:188} INFO - [2024-05-25T06:55:04.479+0000] {dag.py:3954} INFO - Setting next_dagrun for upload_from_github_to_s3 to 2024-05-25 06:55:04.419617+00:00, run_after=2024-05-26 06:55:04.419617+00:00
[2024-05-25T06:55:04.485+0000] {processor.py:183} INFO - Processing /opt/airflow/dags/upload_from_github_to_s3_dag.py took 0.118 seconds
[2024-05-25T06:55:34.779+0000] {processor.py:161} INFO - Started process (PID=357) to work on /opt/airflow/dags/upload_from_github_to_s3_dag.py
[2024-05-25T06:55:34.779+0000] {processor.py:830} INFO - Processing file /opt/airflow/dags/upload_from_github_to_s3_dag.py for tasks to queue
[2024-05-25T06:55:34.782+0000] {logging_mixin.py:188} INFO - [2024-05-25T06:55:34.781+0000] {dagbag.py:545} INFO - Filling up the DagBag from /opt/airflow/dags/upload_from_github_to_s3_dag.py
[2024-05-25T06:55:34.824+0000] {processor.py:840} INFO - DAG(s) 'upload_from_github_to_s3' retrieved from /opt/airflow/dags/upload_from_github_to_s3_dag.py
[2024-05-25T06:55:34.871+0000] {logging_mixin.py:188} INFO - [2024-05-25T06:55:34.870+0000] {dag.py:3096} INFO - Sync 1 DAGs
[2024-05-25T06:55:34.879+0000] {logging_mixin.py:188} INFO - [2024-05-25T06:55:34.879+0000] {dag.py:3954} INFO - Setting next_dagrun for upload_from_github_to_s3 to 2024-05-25 06:55:34.821369+00:00, run_after=2024-05-26 06:55:34.821369+00:00
[2024-05-25T06:55:34.887+0000] {processor.py:183} INFO - Processing /opt/airflow/dags/upload_from_github_to_s3_dag.py took 0.113 seconds
[2024-05-25T06:56:05.161+0000] {processor.py:161} INFO - Started process (PID=365) to work on /opt/airflow/dags/upload_from_github_to_s3_dag.py
[2024-05-25T06:56:05.161+0000] {processor.py:830} INFO - Processing file /opt/airflow/dags/upload_from_github_to_s3_dag.py for tasks to queue
[2024-05-25T06:56:05.163+0000] {logging_mixin.py:188} INFO - [2024-05-25T06:56:05.162+0000] {dagbag.py:545} INFO - Filling up the DagBag from /opt/airflow/dags/upload_from_github_to_s3_dag.py
[2024-05-25T06:56:05.194+0000] {processor.py:840} INFO - DAG(s) 'upload_from_github_to_s3' retrieved from /opt/airflow/dags/upload_from_github_to_s3_dag.py
[2024-05-25T06:56:05.244+0000] {logging_mixin.py:188} INFO - [2024-05-25T06:56:05.244+0000] {dag.py:3096} INFO - Sync 1 DAGs
[2024-05-25T06:56:05.254+0000] {logging_mixin.py:188} INFO - [2024-05-25T06:56:05.254+0000] {dag.py:3954} INFO - Setting next_dagrun for upload_from_github_to_s3 to 2024-05-25 06:56:05.191987+00:00, run_after=2024-05-26 06:56:05.191987+00:00
[2024-05-25T06:56:05.262+0000] {processor.py:183} INFO - Processing /opt/airflow/dags/upload_from_github_to_s3_dag.py took 0.103 seconds
[2024-05-25T06:56:35.617+0000] {processor.py:161} INFO - Started process (PID=373) to work on /opt/airflow/dags/upload_from_github_to_s3_dag.py
[2024-05-25T06:56:35.617+0000] {processor.py:830} INFO - Processing file /opt/airflow/dags/upload_from_github_to_s3_dag.py for tasks to queue
[2024-05-25T06:56:35.618+0000] {logging_mixin.py:188} INFO - [2024-05-25T06:56:35.618+0000] {dagbag.py:545} INFO - Filling up the DagBag from /opt/airflow/dags/upload_from_github_to_s3_dag.py
[2024-05-25T06:56:35.649+0000] {processor.py:840} INFO - DAG(s) 'upload_from_github_to_s3' retrieved from /opt/airflow/dags/upload_from_github_to_s3_dag.py
[2024-05-25T06:56:35.692+0000] {logging_mixin.py:188} INFO - [2024-05-25T06:56:35.692+0000] {dag.py:3096} INFO - Sync 1 DAGs
[2024-05-25T06:56:35.700+0000] {logging_mixin.py:188} INFO - [2024-05-25T06:56:35.700+0000] {dag.py:3954} INFO - Setting next_dagrun for upload_from_github_to_s3 to 2024-05-25 06:56:35.647180+00:00, run_after=2024-05-26 06:56:35.647180+00:00
[2024-05-25T06:56:35.708+0000] {processor.py:183} INFO - Processing /opt/airflow/dags/upload_from_github_to_s3_dag.py took 0.094 seconds
[2024-05-25T06:57:05.986+0000] {processor.py:161} INFO - Started process (PID=381) to work on /opt/airflow/dags/upload_from_github_to_s3_dag.py
[2024-05-25T06:57:05.986+0000] {processor.py:830} INFO - Processing file /opt/airflow/dags/upload_from_github_to_s3_dag.py for tasks to queue
[2024-05-25T06:57:05.987+0000] {logging_mixin.py:188} INFO - [2024-05-25T06:57:05.987+0000] {dagbag.py:545} INFO - Filling up the DagBag from /opt/airflow/dags/upload_from_github_to_s3_dag.py
[2024-05-25T06:57:06.023+0000] {processor.py:840} INFO - DAG(s) 'upload_from_github_to_s3' retrieved from /opt/airflow/dags/upload_from_github_to_s3_dag.py
[2024-05-25T06:57:06.067+0000] {logging_mixin.py:188} INFO - [2024-05-25T06:57:06.066+0000] {dag.py:3096} INFO - Sync 1 DAGs
[2024-05-25T06:57:06.075+0000] {logging_mixin.py:188} INFO - [2024-05-25T06:57:06.075+0000] {dag.py:3954} INFO - Setting next_dagrun for upload_from_github_to_s3 to 2024-05-25 06:57:06.020421+00:00, run_after=2024-05-26 06:57:06.020421+00:00
[2024-05-25T06:57:06.081+0000] {processor.py:183} INFO - Processing /opt/airflow/dags/upload_from_github_to_s3_dag.py took 0.099 seconds
[2024-05-25T06:57:36.426+0000] {processor.py:161} INFO - Started process (PID=389) to work on /opt/airflow/dags/upload_from_github_to_s3_dag.py
[2024-05-25T06:57:36.427+0000] {processor.py:830} INFO - Processing file /opt/airflow/dags/upload_from_github_to_s3_dag.py for tasks to queue
[2024-05-25T06:57:36.428+0000] {logging_mixin.py:188} INFO - [2024-05-25T06:57:36.428+0000] {dagbag.py:545} INFO - Filling up the DagBag from /opt/airflow/dags/upload_from_github_to_s3_dag.py
[2024-05-25T06:57:36.474+0000] {processor.py:840} INFO - DAG(s) 'upload_from_github_to_s3' retrieved from /opt/airflow/dags/upload_from_github_to_s3_dag.py
[2024-05-25T06:57:36.519+0000] {logging_mixin.py:188} INFO - [2024-05-25T06:57:36.519+0000] {dag.py:3096} INFO - Sync 1 DAGs
[2024-05-25T06:57:36.527+0000] {logging_mixin.py:188} INFO - [2024-05-25T06:57:36.527+0000] {dag.py:3954} INFO - Setting next_dagrun for upload_from_github_to_s3 to 2024-05-25 06:57:36.471041+00:00, run_after=2024-05-26 06:57:36.471041+00:00
[2024-05-25T06:57:36.534+0000] {processor.py:183} INFO - Processing /opt/airflow/dags/upload_from_github_to_s3_dag.py took 0.113 seconds
[2024-05-25T06:58:06.843+0000] {processor.py:161} INFO - Started process (PID=398) to work on /opt/airflow/dags/upload_from_github_to_s3_dag.py
[2024-05-25T06:58:06.843+0000] {processor.py:830} INFO - Processing file /opt/airflow/dags/upload_from_github_to_s3_dag.py for tasks to queue
[2024-05-25T06:58:06.844+0000] {logging_mixin.py:188} INFO - [2024-05-25T06:58:06.844+0000] {dagbag.py:545} INFO - Filling up the DagBag from /opt/airflow/dags/upload_from_github_to_s3_dag.py
[2024-05-25T06:58:06.875+0000] {processor.py:840} INFO - DAG(s) 'upload_from_github_to_s3' retrieved from /opt/airflow/dags/upload_from_github_to_s3_dag.py
[2024-05-25T06:58:06.921+0000] {logging_mixin.py:188} INFO - [2024-05-25T06:58:06.921+0000] {dag.py:3096} INFO - Sync 1 DAGs
[2024-05-25T06:58:06.929+0000] {logging_mixin.py:188} INFO - [2024-05-25T06:58:06.929+0000] {dag.py:3954} INFO - Setting next_dagrun for upload_from_github_to_s3 to 2024-05-25 06:58:06.873170+00:00, run_after=2024-05-26 06:58:06.873170+00:00
[2024-05-25T06:58:06.937+0000] {processor.py:183} INFO - Processing /opt/airflow/dags/upload_from_github_to_s3_dag.py took 0.096 seconds
[2024-05-25T06:58:37.218+0000] {processor.py:161} INFO - Started process (PID=406) to work on /opt/airflow/dags/upload_from_github_to_s3_dag.py
[2024-05-25T06:58:37.218+0000] {processor.py:830} INFO - Processing file /opt/airflow/dags/upload_from_github_to_s3_dag.py for tasks to queue
[2024-05-25T06:58:37.219+0000] {logging_mixin.py:188} INFO - [2024-05-25T06:58:37.219+0000] {dagbag.py:545} INFO - Filling up the DagBag from /opt/airflow/dags/upload_from_github_to_s3_dag.py
[2024-05-25T06:58:37.252+0000] {processor.py:840} INFO - DAG(s) 'upload_from_github_to_s3' retrieved from /opt/airflow/dags/upload_from_github_to_s3_dag.py
[2024-05-25T06:58:37.296+0000] {logging_mixin.py:188} INFO - [2024-05-25T06:58:37.296+0000] {dag.py:3096} INFO - Sync 1 DAGs
[2024-05-25T06:58:37.304+0000] {logging_mixin.py:188} INFO - [2024-05-25T06:58:37.304+0000] {dag.py:3954} INFO - Setting next_dagrun for upload_from_github_to_s3 to 2024-05-25 06:58:37.249932+00:00, run_after=2024-05-26 06:58:37.249932+00:00
[2024-05-25T06:58:37.312+0000] {processor.py:183} INFO - Processing /opt/airflow/dags/upload_from_github_to_s3_dag.py took 0.097 seconds
[2024-05-25T06:59:07.649+0000] {processor.py:161} INFO - Started process (PID=414) to work on /opt/airflow/dags/upload_from_github_to_s3_dag.py
[2024-05-25T06:59:07.650+0000] {processor.py:830} INFO - Processing file /opt/airflow/dags/upload_from_github_to_s3_dag.py for tasks to queue
[2024-05-25T06:59:07.652+0000] {logging_mixin.py:188} INFO - [2024-05-25T06:59:07.651+0000] {dagbag.py:545} INFO - Filling up the DagBag from /opt/airflow/dags/upload_from_github_to_s3_dag.py
[2024-05-25T06:59:07.698+0000] {processor.py:840} INFO - DAG(s) 'upload_from_github_to_s3' retrieved from /opt/airflow/dags/upload_from_github_to_s3_dag.py
[2024-05-25T06:59:07.747+0000] {logging_mixin.py:188} INFO - [2024-05-25T06:59:07.747+0000] {dag.py:3096} INFO - Sync 1 DAGs
[2024-05-25T06:59:07.756+0000] {logging_mixin.py:188} INFO - [2024-05-25T06:59:07.756+0000] {dag.py:3954} INFO - Setting next_dagrun for upload_from_github_to_s3 to 2024-05-25 06:59:07.695615+00:00, run_after=2024-05-26 06:59:07.695615+00:00
[2024-05-25T06:59:07.765+0000] {processor.py:183} INFO - Processing /opt/airflow/dags/upload_from_github_to_s3_dag.py took 0.120 seconds
[2024-05-25T06:59:38.058+0000] {processor.py:161} INFO - Started process (PID=422) to work on /opt/airflow/dags/upload_from_github_to_s3_dag.py
[2024-05-25T06:59:38.059+0000] {processor.py:830} INFO - Processing file /opt/airflow/dags/upload_from_github_to_s3_dag.py for tasks to queue
[2024-05-25T06:59:38.060+0000] {logging_mixin.py:188} INFO - [2024-05-25T06:59:38.060+0000] {dagbag.py:545} INFO - Filling up the DagBag from /opt/airflow/dags/upload_from_github_to_s3_dag.py
[2024-05-25T06:59:38.093+0000] {processor.py:840} INFO - DAG(s) 'upload_from_github_to_s3' retrieved from /opt/airflow/dags/upload_from_github_to_s3_dag.py
[2024-05-25T06:59:38.138+0000] {logging_mixin.py:188} INFO - [2024-05-25T06:59:38.138+0000] {dag.py:3096} INFO - Sync 1 DAGs
[2024-05-25T06:59:38.147+0000] {logging_mixin.py:188} INFO - [2024-05-25T06:59:38.147+0000] {dag.py:3954} INFO - Setting next_dagrun for upload_from_github_to_s3 to 2024-05-25 06:59:38.090496+00:00, run_after=2024-05-26 06:59:38.090496+00:00
[2024-05-25T06:59:38.155+0000] {processor.py:183} INFO - Processing /opt/airflow/dags/upload_from_github_to_s3_dag.py took 0.101 seconds
[2024-05-25T07:00:08.450+0000] {processor.py:161} INFO - Started process (PID=430) to work on /opt/airflow/dags/upload_from_github_to_s3_dag.py
[2024-05-25T07:00:08.451+0000] {processor.py:830} INFO - Processing file /opt/airflow/dags/upload_from_github_to_s3_dag.py for tasks to queue
[2024-05-25T07:00:08.452+0000] {logging_mixin.py:188} INFO - [2024-05-25T07:00:08.452+0000] {dagbag.py:545} INFO - Filling up the DagBag from /opt/airflow/dags/upload_from_github_to_s3_dag.py
[2024-05-25T07:00:08.495+0000] {processor.py:840} INFO - DAG(s) 'upload_from_github_to_s3' retrieved from /opt/airflow/dags/upload_from_github_to_s3_dag.py
[2024-05-25T07:00:08.538+0000] {logging_mixin.py:188} INFO - [2024-05-25T07:00:08.538+0000] {dag.py:3096} INFO - Sync 1 DAGs
[2024-05-25T07:00:08.546+0000] {logging_mixin.py:188} INFO - [2024-05-25T07:00:08.546+0000] {dag.py:3954} INFO - Setting next_dagrun for upload_from_github_to_s3 to 2024-05-25 07:00:08.492791+00:00, run_after=2024-05-26 07:00:08.492791+00:00
[2024-05-25T07:00:08.553+0000] {processor.py:183} INFO - Processing /opt/airflow/dags/upload_from_github_to_s3_dag.py took 0.108 seconds
[2024-05-25T07:00:38.885+0000] {processor.py:161} INFO - Started process (PID=438) to work on /opt/airflow/dags/upload_from_github_to_s3_dag.py
[2024-05-25T07:00:38.886+0000] {processor.py:830} INFO - Processing file /opt/airflow/dags/upload_from_github_to_s3_dag.py for tasks to queue
[2024-05-25T07:00:38.888+0000] {logging_mixin.py:188} INFO - [2024-05-25T07:00:38.888+0000] {dagbag.py:545} INFO - Filling up the DagBag from /opt/airflow/dags/upload_from_github_to_s3_dag.py
[2024-05-25T07:00:38.939+0000] {processor.py:840} INFO - DAG(s) 'upload_from_github_to_s3' retrieved from /opt/airflow/dags/upload_from_github_to_s3_dag.py
[2024-05-25T07:00:38.989+0000] {logging_mixin.py:188} INFO - [2024-05-25T07:00:38.989+0000] {dag.py:3096} INFO - Sync 1 DAGs
[2024-05-25T07:00:38.998+0000] {logging_mixin.py:188} INFO - [2024-05-25T07:00:38.998+0000] {dag.py:3954} INFO - Setting next_dagrun for upload_from_github_to_s3 to 2024-05-25 07:00:38.935710+00:00, run_after=2024-05-26 07:00:38.935710+00:00
[2024-05-25T07:00:39.006+0000] {processor.py:183} INFO - Processing /opt/airflow/dags/upload_from_github_to_s3_dag.py took 0.125 seconds
[2024-05-25T07:01:09.328+0000] {processor.py:161} INFO - Started process (PID=446) to work on /opt/airflow/dags/upload_from_github_to_s3_dag.py
[2024-05-25T07:01:09.328+0000] {processor.py:830} INFO - Processing file /opt/airflow/dags/upload_from_github_to_s3_dag.py for tasks to queue
[2024-05-25T07:01:09.330+0000] {logging_mixin.py:188} INFO - [2024-05-25T07:01:09.330+0000] {dagbag.py:545} INFO - Filling up the DagBag from /opt/airflow/dags/upload_from_github_to_s3_dag.py
[2024-05-25T07:01:09.375+0000] {processor.py:840} INFO - DAG(s) 'upload_from_github_to_s3' retrieved from /opt/airflow/dags/upload_from_github_to_s3_dag.py
[2024-05-25T07:01:09.418+0000] {logging_mixin.py:188} INFO - [2024-05-25T07:01:09.418+0000] {dag.py:3096} INFO - Sync 1 DAGs
[2024-05-25T07:01:09.425+0000] {logging_mixin.py:188} INFO - [2024-05-25T07:01:09.425+0000] {dag.py:3954} INFO - Setting next_dagrun for upload_from_github_to_s3 to 2024-05-25 07:01:09.372212+00:00, run_after=2024-05-26 07:01:09.372212+00:00
[2024-05-25T07:01:09.432+0000] {processor.py:183} INFO - Processing /opt/airflow/dags/upload_from_github_to_s3_dag.py took 0.110 seconds
[2024-05-25T07:01:39.799+0000] {processor.py:161} INFO - Started process (PID=454) to work on /opt/airflow/dags/upload_from_github_to_s3_dag.py
[2024-05-25T07:01:39.800+0000] {processor.py:830} INFO - Processing file /opt/airflow/dags/upload_from_github_to_s3_dag.py for tasks to queue
[2024-05-25T07:01:39.801+0000] {logging_mixin.py:188} INFO - [2024-05-25T07:01:39.801+0000] {dagbag.py:545} INFO - Filling up the DagBag from /opt/airflow/dags/upload_from_github_to_s3_dag.py
[2024-05-25T07:01:39.838+0000] {processor.py:840} INFO - DAG(s) 'upload_from_github_to_s3' retrieved from /opt/airflow/dags/upload_from_github_to_s3_dag.py
[2024-05-25T07:01:39.881+0000] {logging_mixin.py:188} INFO - [2024-05-25T07:01:39.881+0000] {dag.py:3096} INFO - Sync 1 DAGs
[2024-05-25T07:01:39.888+0000] {logging_mixin.py:188} INFO - [2024-05-25T07:01:39.888+0000] {dag.py:3954} INFO - Setting next_dagrun for upload_from_github_to_s3 to 2024-05-25 07:01:39.836274+00:00, run_after=2024-05-26 07:01:39.836274+00:00
[2024-05-25T07:01:39.895+0000] {processor.py:183} INFO - Processing /opt/airflow/dags/upload_from_github_to_s3_dag.py took 0.101 seconds
[2024-05-25T07:02:10.223+0000] {processor.py:161} INFO - Started process (PID=462) to work on /opt/airflow/dags/upload_from_github_to_s3_dag.py
[2024-05-25T07:02:10.224+0000] {processor.py:830} INFO - Processing file /opt/airflow/dags/upload_from_github_to_s3_dag.py for tasks to queue
[2024-05-25T07:02:10.226+0000] {logging_mixin.py:188} INFO - [2024-05-25T07:02:10.225+0000] {dagbag.py:545} INFO - Filling up the DagBag from /opt/airflow/dags/upload_from_github_to_s3_dag.py
[2024-05-25T07:02:10.272+0000] {processor.py:840} INFO - DAG(s) 'upload_from_github_to_s3' retrieved from /opt/airflow/dags/upload_from_github_to_s3_dag.py
[2024-05-25T07:02:10.316+0000] {logging_mixin.py:188} INFO - [2024-05-25T07:02:10.316+0000] {dag.py:3096} INFO - Sync 1 DAGs
[2024-05-25T07:02:10.323+0000] {logging_mixin.py:188} INFO - [2024-05-25T07:02:10.323+0000] {dag.py:3954} INFO - Setting next_dagrun for upload_from_github_to_s3 to 2024-05-25 07:02:10.269651+00:00, run_after=2024-05-26 07:02:10.269651+00:00
[2024-05-25T07:02:10.331+0000] {processor.py:183} INFO - Processing /opt/airflow/dags/upload_from_github_to_s3_dag.py took 0.113 seconds
[2024-05-25T07:02:40.719+0000] {processor.py:161} INFO - Started process (PID=470) to work on /opt/airflow/dags/upload_from_github_to_s3_dag.py
[2024-05-25T07:02:40.719+0000] {processor.py:830} INFO - Processing file /opt/airflow/dags/upload_from_github_to_s3_dag.py for tasks to queue
[2024-05-25T07:02:40.721+0000] {logging_mixin.py:188} INFO - [2024-05-25T07:02:40.720+0000] {dagbag.py:545} INFO - Filling up the DagBag from /opt/airflow/dags/upload_from_github_to_s3_dag.py
[2024-05-25T07:02:40.767+0000] {processor.py:840} INFO - DAG(s) 'upload_from_github_to_s3' retrieved from /opt/airflow/dags/upload_from_github_to_s3_dag.py
[2024-05-25T07:02:40.814+0000] {logging_mixin.py:188} INFO - [2024-05-25T07:02:40.814+0000] {dag.py:3096} INFO - Sync 1 DAGs
[2024-05-25T07:02:40.822+0000] {logging_mixin.py:188} INFO - [2024-05-25T07:02:40.822+0000] {dag.py:3954} INFO - Setting next_dagrun for upload_from_github_to_s3 to 2024-05-25 07:02:40.764205+00:00, run_after=2024-05-26 07:02:40.764205+00:00
[2024-05-25T07:02:40.830+0000] {processor.py:183} INFO - Processing /opt/airflow/dags/upload_from_github_to_s3_dag.py took 0.116 seconds
[2024-05-25T07:03:11.124+0000] {processor.py:161} INFO - Started process (PID=478) to work on /opt/airflow/dags/upload_from_github_to_s3_dag.py
[2024-05-25T07:03:11.124+0000] {processor.py:830} INFO - Processing file /opt/airflow/dags/upload_from_github_to_s3_dag.py for tasks to queue
[2024-05-25T07:03:11.126+0000] {logging_mixin.py:188} INFO - [2024-05-25T07:03:11.125+0000] {dagbag.py:545} INFO - Filling up the DagBag from /opt/airflow/dags/upload_from_github_to_s3_dag.py
[2024-05-25T07:03:11.165+0000] {processor.py:840} INFO - DAG(s) 'upload_from_github_to_s3' retrieved from /opt/airflow/dags/upload_from_github_to_s3_dag.py
[2024-05-25T07:03:11.210+0000] {logging_mixin.py:188} INFO - [2024-05-25T07:03:11.210+0000] {dag.py:3096} INFO - Sync 1 DAGs
[2024-05-25T07:03:11.218+0000] {logging_mixin.py:188} INFO - [2024-05-25T07:03:11.218+0000] {dag.py:3954} INFO - Setting next_dagrun for upload_from_github_to_s3 to 2024-05-25 07:03:11.163042+00:00, run_after=2024-05-26 07:03:11.163042+00:00
[2024-05-25T07:03:11.226+0000] {processor.py:183} INFO - Processing /opt/airflow/dags/upload_from_github_to_s3_dag.py took 0.106 seconds
[2024-05-25T07:03:41.556+0000] {processor.py:161} INFO - Started process (PID=486) to work on /opt/airflow/dags/upload_from_github_to_s3_dag.py
[2024-05-25T07:03:41.556+0000] {processor.py:830} INFO - Processing file /opt/airflow/dags/upload_from_github_to_s3_dag.py for tasks to queue
[2024-05-25T07:03:41.558+0000] {logging_mixin.py:188} INFO - [2024-05-25T07:03:41.558+0000] {dagbag.py:545} INFO - Filling up the DagBag from /opt/airflow/dags/upload_from_github_to_s3_dag.py
[2024-05-25T07:03:41.606+0000] {processor.py:840} INFO - DAG(s) 'upload_from_github_to_s3' retrieved from /opt/airflow/dags/upload_from_github_to_s3_dag.py
[2024-05-25T07:03:41.654+0000] {logging_mixin.py:188} INFO - [2024-05-25T07:03:41.653+0000] {dag.py:3096} INFO - Sync 1 DAGs
[2024-05-25T07:03:41.662+0000] {logging_mixin.py:188} INFO - [2024-05-25T07:03:41.662+0000] {dag.py:3954} INFO - Setting next_dagrun for upload_from_github_to_s3 to 2024-05-25 07:03:41.602669+00:00, run_after=2024-05-26 07:03:41.602669+00:00
[2024-05-25T07:03:41.671+0000] {processor.py:183} INFO - Processing /opt/airflow/dags/upload_from_github_to_s3_dag.py took 0.120 seconds
[2024-05-25T07:04:12.040+0000] {processor.py:161} INFO - Started process (PID=494) to work on /opt/airflow/dags/upload_from_github_to_s3_dag.py
[2024-05-25T07:04:12.040+0000] {processor.py:830} INFO - Processing file /opt/airflow/dags/upload_from_github_to_s3_dag.py for tasks to queue
[2024-05-25T07:04:12.042+0000] {logging_mixin.py:188} INFO - [2024-05-25T07:04:12.042+0000] {dagbag.py:545} INFO - Filling up the DagBag from /opt/airflow/dags/upload_from_github_to_s3_dag.py
[2024-05-25T07:04:12.087+0000] {processor.py:840} INFO - DAG(s) 'upload_from_github_to_s3' retrieved from /opt/airflow/dags/upload_from_github_to_s3_dag.py
[2024-05-25T07:04:12.131+0000] {logging_mixin.py:188} INFO - [2024-05-25T07:04:12.131+0000] {dag.py:3096} INFO - Sync 1 DAGs
[2024-05-25T07:04:12.139+0000] {logging_mixin.py:188} INFO - [2024-05-25T07:04:12.139+0000] {dag.py:3954} INFO - Setting next_dagrun for upload_from_github_to_s3 to 2024-05-25 07:04:12.084522+00:00, run_after=2024-05-26 07:04:12.084522+00:00
[2024-05-25T07:04:12.147+0000] {processor.py:183} INFO - Processing /opt/airflow/dags/upload_from_github_to_s3_dag.py took 0.112 seconds
[2024-05-25T07:04:42.505+0000] {processor.py:161} INFO - Started process (PID=502) to work on /opt/airflow/dags/upload_from_github_to_s3_dag.py
[2024-05-25T07:04:42.506+0000] {processor.py:830} INFO - Processing file /opt/airflow/dags/upload_from_github_to_s3_dag.py for tasks to queue
[2024-05-25T07:04:42.508+0000] {logging_mixin.py:188} INFO - [2024-05-25T07:04:42.507+0000] {dagbag.py:545} INFO - Filling up the DagBag from /opt/airflow/dags/upload_from_github_to_s3_dag.py
[2024-05-25T07:04:42.557+0000] {processor.py:840} INFO - DAG(s) 'upload_from_github_to_s3' retrieved from /opt/airflow/dags/upload_from_github_to_s3_dag.py
[2024-05-25T07:04:42.604+0000] {logging_mixin.py:188} INFO - [2024-05-25T07:04:42.604+0000] {dag.py:3096} INFO - Sync 1 DAGs
[2024-05-25T07:04:42.612+0000] {logging_mixin.py:188} INFO - [2024-05-25T07:04:42.612+0000] {dag.py:3954} INFO - Setting next_dagrun for upload_from_github_to_s3 to 2024-05-25 07:04:42.553654+00:00, run_after=2024-05-26 07:04:42.553654+00:00
[2024-05-25T07:04:42.619+0000] {processor.py:183} INFO - Processing /opt/airflow/dags/upload_from_github_to_s3_dag.py took 0.119 seconds
[2024-05-25T07:05:13.070+0000] {processor.py:161} INFO - Started process (PID=510) to work on /opt/airflow/dags/upload_from_github_to_s3_dag.py
[2024-05-25T07:05:13.071+0000] {processor.py:830} INFO - Processing file /opt/airflow/dags/upload_from_github_to_s3_dag.py for tasks to queue
[2024-05-25T07:05:13.073+0000] {logging_mixin.py:188} INFO - [2024-05-25T07:05:13.073+0000] {dagbag.py:545} INFO - Filling up the DagBag from /opt/airflow/dags/upload_from_github_to_s3_dag.py
[2024-05-25T07:05:13.124+0000] {processor.py:840} INFO - DAG(s) 'upload_from_github_to_s3' retrieved from /opt/airflow/dags/upload_from_github_to_s3_dag.py
[2024-05-25T07:05:13.171+0000] {logging_mixin.py:188} INFO - [2024-05-25T07:05:13.171+0000] {dag.py:3096} INFO - Sync 1 DAGs
[2024-05-25T07:05:13.179+0000] {logging_mixin.py:188} INFO - [2024-05-25T07:05:13.179+0000] {dag.py:3954} INFO - Setting next_dagrun for upload_from_github_to_s3 to 2024-05-25 07:05:13.120347+00:00, run_after=2024-05-26 07:05:13.120347+00:00
[2024-05-25T07:05:13.188+0000] {processor.py:183} INFO - Processing /opt/airflow/dags/upload_from_github_to_s3_dag.py took 0.124 seconds
[2024-05-25T07:05:43.483+0000] {processor.py:161} INFO - Started process (PID=518) to work on /opt/airflow/dags/upload_from_github_to_s3_dag.py
[2024-05-25T07:05:43.484+0000] {processor.py:830} INFO - Processing file /opt/airflow/dags/upload_from_github_to_s3_dag.py for tasks to queue
[2024-05-25T07:05:43.486+0000] {logging_mixin.py:188} INFO - [2024-05-25T07:05:43.486+0000] {dagbag.py:545} INFO - Filling up the DagBag from /opt/airflow/dags/upload_from_github_to_s3_dag.py
[2024-05-25T07:05:43.533+0000] {processor.py:840} INFO - DAG(s) 'upload_from_github_to_s3' retrieved from /opt/airflow/dags/upload_from_github_to_s3_dag.py
[2024-05-25T07:05:43.582+0000] {logging_mixin.py:188} INFO - [2024-05-25T07:05:43.582+0000] {dag.py:3096} INFO - Sync 1 DAGs
[2024-05-25T07:05:43.591+0000] {logging_mixin.py:188} INFO - [2024-05-25T07:05:43.591+0000] {dag.py:3954} INFO - Setting next_dagrun for upload_from_github_to_s3 to 2024-05-25 07:05:43.530613+00:00, run_after=2024-05-26 07:05:43.530613+00:00
[2024-05-25T07:05:43.598+0000] {processor.py:183} INFO - Processing /opt/airflow/dags/upload_from_github_to_s3_dag.py took 0.121 seconds
[2024-05-25T07:06:13.946+0000] {processor.py:161} INFO - Started process (PID=526) to work on /opt/airflow/dags/upload_from_github_to_s3_dag.py
[2024-05-25T07:06:13.947+0000] {processor.py:830} INFO - Processing file /opt/airflow/dags/upload_from_github_to_s3_dag.py for tasks to queue
[2024-05-25T07:06:13.949+0000] {logging_mixin.py:188} INFO - [2024-05-25T07:06:13.949+0000] {dagbag.py:545} INFO - Filling up the DagBag from /opt/airflow/dags/upload_from_github_to_s3_dag.py
[2024-05-25T07:06:13.995+0000] {processor.py:840} INFO - DAG(s) 'upload_from_github_to_s3' retrieved from /opt/airflow/dags/upload_from_github_to_s3_dag.py
[2024-05-25T07:06:14.039+0000] {logging_mixin.py:188} INFO - [2024-05-25T07:06:14.039+0000] {dag.py:3096} INFO - Sync 1 DAGs
[2024-05-25T07:06:14.047+0000] {logging_mixin.py:188} INFO - [2024-05-25T07:06:14.047+0000] {dag.py:3954} INFO - Setting next_dagrun for upload_from_github_to_s3 to 2024-05-25 07:06:13.992293+00:00, run_after=2024-05-26 07:06:13.992293+00:00
[2024-05-25T07:06:14.055+0000] {processor.py:183} INFO - Processing /opt/airflow/dags/upload_from_github_to_s3_dag.py took 0.115 seconds
[2024-05-25T07:06:44.373+0000] {processor.py:161} INFO - Started process (PID=534) to work on /opt/airflow/dags/upload_from_github_to_s3_dag.py
[2024-05-25T07:06:44.374+0000] {processor.py:830} INFO - Processing file /opt/airflow/dags/upload_from_github_to_s3_dag.py for tasks to queue
[2024-05-25T07:06:44.375+0000] {logging_mixin.py:188} INFO - [2024-05-25T07:06:44.375+0000] {dagbag.py:545} INFO - Filling up the DagBag from /opt/airflow/dags/upload_from_github_to_s3_dag.py
[2024-05-25T07:06:44.416+0000] {processor.py:840} INFO - DAG(s) 'upload_from_github_to_s3' retrieved from /opt/airflow/dags/upload_from_github_to_s3_dag.py
[2024-05-25T07:06:44.463+0000] {logging_mixin.py:188} INFO - [2024-05-25T07:06:44.462+0000] {dag.py:3096} INFO - Sync 1 DAGs
[2024-05-25T07:06:44.471+0000] {logging_mixin.py:188} INFO - [2024-05-25T07:06:44.471+0000] {dag.py:3954} INFO - Setting next_dagrun for upload_from_github_to_s3 to 2024-05-25 07:06:44.413767+00:00, run_after=2024-05-26 07:06:44.413767+00:00
[2024-05-25T07:06:44.478+0000] {processor.py:183} INFO - Processing /opt/airflow/dags/upload_from_github_to_s3_dag.py took 0.109 seconds
[2024-05-25T07:07:14.839+0000] {processor.py:161} INFO - Started process (PID=542) to work on /opt/airflow/dags/upload_from_github_to_s3_dag.py
[2024-05-25T07:07:14.840+0000] {processor.py:830} INFO - Processing file /opt/airflow/dags/upload_from_github_to_s3_dag.py for tasks to queue
[2024-05-25T07:07:14.842+0000] {logging_mixin.py:188} INFO - [2024-05-25T07:07:14.842+0000] {dagbag.py:545} INFO - Filling up the DagBag from /opt/airflow/dags/upload_from_github_to_s3_dag.py
[2024-05-25T07:07:14.889+0000] {processor.py:840} INFO - DAG(s) 'upload_from_github_to_s3' retrieved from /opt/airflow/dags/upload_from_github_to_s3_dag.py
[2024-05-25T07:07:14.935+0000] {logging_mixin.py:188} INFO - [2024-05-25T07:07:14.935+0000] {dag.py:3096} INFO - Sync 1 DAGs
[2024-05-25T07:07:14.943+0000] {logging_mixin.py:188} INFO - [2024-05-25T07:07:14.943+0000] {dag.py:3954} INFO - Setting next_dagrun for upload_from_github_to_s3 to 2024-05-25 07:07:14.886156+00:00, run_after=2024-05-26 07:07:14.886156+00:00
[2024-05-25T07:07:14.950+0000] {processor.py:183} INFO - Processing /opt/airflow/dags/upload_from_github_to_s3_dag.py took 0.116 seconds
[2024-05-25T07:07:45.255+0000] {processor.py:161} INFO - Started process (PID=550) to work on /opt/airflow/dags/upload_from_github_to_s3_dag.py
[2024-05-25T07:07:45.256+0000] {processor.py:830} INFO - Processing file /opt/airflow/dags/upload_from_github_to_s3_dag.py for tasks to queue
[2024-05-25T07:07:45.257+0000] {logging_mixin.py:188} INFO - [2024-05-25T07:07:45.257+0000] {dagbag.py:545} INFO - Filling up the DagBag from /opt/airflow/dags/upload_from_github_to_s3_dag.py
[2024-05-25T07:07:45.306+0000] {processor.py:840} INFO - DAG(s) 'upload_from_github_to_s3' retrieved from /opt/airflow/dags/upload_from_github_to_s3_dag.py
[2024-05-25T07:07:45.352+0000] {logging_mixin.py:188} INFO - [2024-05-25T07:07:45.351+0000] {dag.py:3096} INFO - Sync 1 DAGs
[2024-05-25T07:07:45.360+0000] {logging_mixin.py:188} INFO - [2024-05-25T07:07:45.360+0000] {dag.py:3954} INFO - Setting next_dagrun for upload_from_github_to_s3 to 2024-05-25 07:07:45.302948+00:00, run_after=2024-05-26 07:07:45.302948+00:00
[2024-05-25T07:07:45.367+0000] {processor.py:183} INFO - Processing /opt/airflow/dags/upload_from_github_to_s3_dag.py took 0.117 seconds
[2024-05-25T07:08:15.680+0000] {processor.py:161} INFO - Started process (PID=557) to work on /opt/airflow/dags/upload_from_github_to_s3_dag.py
[2024-05-25T07:08:15.681+0000] {processor.py:830} INFO - Processing file /opt/airflow/dags/upload_from_github_to_s3_dag.py for tasks to queue
[2024-05-25T07:08:15.683+0000] {logging_mixin.py:188} INFO - [2024-05-25T07:08:15.683+0000] {dagbag.py:545} INFO - Filling up the DagBag from /opt/airflow/dags/upload_from_github_to_s3_dag.py
[2024-05-25T07:08:15.727+0000] {processor.py:840} INFO - DAG(s) 'upload_from_github_to_s3' retrieved from /opt/airflow/dags/upload_from_github_to_s3_dag.py
[2024-05-25T07:08:15.774+0000] {logging_mixin.py:188} INFO - [2024-05-25T07:08:15.773+0000] {dag.py:3096} INFO - Sync 1 DAGs
[2024-05-25T07:08:15.782+0000] {logging_mixin.py:188} INFO - [2024-05-25T07:08:15.782+0000] {dag.py:3954} INFO - Setting next_dagrun for upload_from_github_to_s3 to 2024-05-25 07:08:15.724012+00:00, run_after=2024-05-26 07:08:15.724012+00:00
[2024-05-25T07:08:15.790+0000] {processor.py:183} INFO - Processing /opt/airflow/dags/upload_from_github_to_s3_dag.py took 0.115 seconds
[2024-05-25T07:08:46.085+0000] {processor.py:161} INFO - Started process (PID=565) to work on /opt/airflow/dags/upload_from_github_to_s3_dag.py
[2024-05-25T07:08:46.086+0000] {processor.py:830} INFO - Processing file /opt/airflow/dags/upload_from_github_to_s3_dag.py for tasks to queue
[2024-05-25T07:08:46.088+0000] {logging_mixin.py:188} INFO - [2024-05-25T07:08:46.088+0000] {dagbag.py:545} INFO - Filling up the DagBag from /opt/airflow/dags/upload_from_github_to_s3_dag.py
[2024-05-25T07:08:46.129+0000] {processor.py:840} INFO - DAG(s) 'upload_from_github_to_s3' retrieved from /opt/airflow/dags/upload_from_github_to_s3_dag.py
[2024-05-25T07:08:46.171+0000] {logging_mixin.py:188} INFO - [2024-05-25T07:08:46.171+0000] {dag.py:3096} INFO - Sync 1 DAGs
[2024-05-25T07:08:46.180+0000] {logging_mixin.py:188} INFO - [2024-05-25T07:08:46.180+0000] {dag.py:3954} INFO - Setting next_dagrun for upload_from_github_to_s3 to 2024-05-25 07:08:46.127562+00:00, run_after=2024-05-26 07:08:46.127562+00:00
[2024-05-25T07:08:46.187+0000] {processor.py:183} INFO - Processing /opt/airflow/dags/upload_from_github_to_s3_dag.py took 0.107 seconds
